2017-09-15T10:02:06+08:00	{"id":"26616","m_id":"4","fname":"POP\u7684\u6027\u8d28.pdf"}
2017-09-15T10:02:07+08:00	{"id":"26617","m_id":"4","fname":"QSOP24.pdf"}
2017-09-15T10:02:07+08:00	{"id":"26618","m_id":"4","fname":"\u5305\u88c5 \u7bb1\u56fe\u7eb8 \u53ca\u8bf4\u660e.pdf"}
2017-09-15T10:02:08+08:00	{"id":"26619","m_id":"4","fname":"\u69fd\u94a2\u89c4\u7ebf\u8ddd.pdf"}
2017-09-15T10:04:45+08:00	{"id":"26620","m_id":"4","fname":"\u7b2c\u4e00\u4e8c\u4e09\u5b87\u5b99\u901f\u5ea6\u8be6\u7ec6\u63a8\u5bfc.pdf"}
2017-09-15T10:07:42+08:00	{"id":"26621","m_id":"4","fname":"\u534e\u7f57\u5e9a\u5b66\u6821\u6570\u5b66\u6559\u6750(\u4e94\u5e74\u7ea7\u4e0b)\u7b2c09\u8bb2--\u6570\u5b66\u6e38\u620f.pdf"}
2017-09-15T10:07:42+08:00	{"id":"26622","m_id":"4","fname":"\u87ba\u6813\u62e7\u5165\u6df1\u5ea6.pdf"}
2017-09-15T10:07:43+08:00	{"id":"26623","m_id":"4","fname":"\u6b27\u76df.pdf"}
2017-09-15T10:07:43+08:00	{"id":"26624","m_id":"4","fname":"\u7b2c\u4e00\u4e8c\u4e09\u5b87\u5b99\u901f\u5ea6\u8be6\u7ec6\u63a8\u5bfc.pdf"}
2017-09-15T10:07:44+08:00	{"id":"26625","m_id":"4","fname":"\u670d\u88c5\u8bbe\u8ba1\u827a\u672f\u4e2d\u7684\u7cbe\u795e\u672c\u8d28\u4e0e\u60c5\u611f.pdf"}
2017-09-15T10:10:24+08:00	{"id":"26626","m_id":"4","fname":"\u534e\u7f57\u5e9a\u5b66\u6821\u6570\u5b66\u6559\u6750(\u4e94\u5e74\u7ea7\u4e0b)\u7b2c09\u8bb2--\u6570\u5b66\u6e38\u620f.pdf"}
2017-09-15T10:10:25+08:00	{"id":"26627","m_id":"4","fname":"\u87ba\u6813\u62e7\u5165\u6df1\u5ea6.pdf"}
2017-09-15T10:10:25+08:00	{"id":"26628","m_id":"4","fname":"\u6b27\u76df.pdf"}
2017-09-15T10:10:25+08:00	{"id":"26629","m_id":"4","fname":"\u7b2c\u4e00\u4e8c\u4e09\u5b87\u5b99\u901f\u5ea6\u8be6\u7ec6\u63a8\u5bfc.pdf"}
2017-09-15T10:10:26+08:00	{"id":"26630","m_id":"4","fname":"\u670d\u88c5\u8bbe\u8ba1\u827a\u672f\u4e2d\u7684\u7cbe\u795e\u672c\u8d28\u4e0e\u60c5\u611f.pdf"}
2017-09-15T10:12:29+08:00	{"id":"26631","m_id":"4","fname":"\u534e\u7f57\u5e9a\u5b66\u6821\u6570\u5b66\u6559\u6750(\u4e94\u5e74\u7ea7\u4e0b)\u7b2c09\u8bb2--\u6570\u5b66\u6e38\u620f.pdf"}
2017-09-15T10:12:29+08:00	{"id":"26632","m_id":"4","fname":"\u87ba\u6813\u62e7\u5165\u6df1\u5ea6.pdf"}
2017-09-15T10:12:29+08:00	{"id":"26633","m_id":"4","fname":"\u6b27\u76df.pdf"}
2017-09-15T10:12:30+08:00	{"id":"26634","m_id":"4","fname":"\u7b2c\u4e00\u4e8c\u4e09\u5b87\u5b99\u901f\u5ea6\u8be6\u7ec6\u63a8\u5bfc.pdf"}
2017-09-15T10:12:30+08:00	{"id":"26635","m_id":"4","fname":"\u670d\u88c5\u8bbe\u8ba1\u827a\u672f\u4e2d\u7684\u7cbe\u795e\u672c\u8d28\u4e0e\u60c5\u611f.pdf"}
2017-09-15T10:14:52+08:00	{"id":"26636","m_id":"4","fname":"\u534e\u7f57\u5e9a\u5b66\u6821\u6570\u5b66\u6559\u6750(\u4e94\u5e74\u7ea7\u4e0b)\u7b2c09\u8bb2--\u6570\u5b66\u6e38\u620f.pdf"}
2017-09-15T10:14:53+08:00	{"id":"26637","m_id":"4","fname":"\u87ba\u6813\u62e7\u5165\u6df1\u5ea6.pdf"}
2017-09-15T10:14:53+08:00	{"id":"26638","m_id":"4","fname":"\u6b27\u76df.pdf"}
2017-09-15T10:14:53+08:00	{"id":"26639","m_id":"4","fname":"\u7b2c\u4e00\u4e8c\u4e09\u5b87\u5b99\u901f\u5ea6\u8be6\u7ec6\u63a8\u5bfc.pdf"}
2017-09-15T10:14:54+08:00	{"id":"26640","m_id":"4","fname":"\u670d\u88c5\u8bbe\u8ba1\u827a\u672f\u4e2d\u7684\u7cbe\u795e\u672c\u8d28\u4e0e\u60c5\u611f.pdf"}
2017-09-15T10:15:06+08:00	{"id":"26641","m_id":"4","fname":"\u534e\u7f57\u5e9a\u5b66\u6821\u6570\u5b66\u6559\u6750(\u4e94\u5e74\u7ea7\u4e0b)\u7b2c09\u8bb2--\u6570\u5b66\u6e38\u620f.pdf"}
2017-09-15T10:15:06+08:00	{"id":"26642","m_id":"4","fname":"\u87ba\u6813\u62e7\u5165\u6df1\u5ea6.pdf"}
2017-09-15T10:15:07+08:00	{"id":"26643","m_id":"4","fname":"\u6b27\u76df.pdf"}
2017-09-15T10:15:07+08:00	{"id":"26644","m_id":"4","fname":"\u7b2c\u4e00\u4e8c\u4e09\u5b87\u5b99\u901f\u5ea6\u8be6\u7ec6\u63a8\u5bfc.pdf"}
2017-09-15T10:15:07+08:00	{"id":"26645","m_id":"4","fname":"\u670d\u88c5\u8bbe\u8ba1\u827a\u672f\u4e2d\u7684\u7cbe\u795e\u672c\u8d28\u4e0e\u60c5\u611f.pdf"}
2017-09-15T10:20:51+08:00	{"id":"26646","m_id":"4","fname":"\u6570\u5b66\u5206\u6790\u8bfe\u540e\u4e60\u9898\u7b54\u68482.3.pdf"}
2017-09-15T10:20:52+08:00	{"id":"26647","m_id":"4","fname":"\u534e\u7f57\u5e9a\u5b66\u6821\u6570\u5b66\u6559\u6750(\u4e94\u5e74\u7ea7\u4e0b)\u7b2c09\u8bb2--\u6570\u5b66\u6e38\u620f.pdf"}
2017-09-15T10:20:52+08:00	{"id":"26648","m_id":"4","fname":"\u87ba\u6813\u62e7\u5165\u6df1\u5ea6.pdf"}
2017-09-15T10:20:52+08:00	{"id":"26649","m_id":"4","fname":"\u8bbe\u8ba1\u4ea7\u4e1a\u5b75\u5316\u5668-\u827a\u672f\u7ecf\u6d4e\u7684\u65b0\u6a21\u5f0f.pdf"}
2017-09-15T10:24:10+08:00	{"id":"26650","m_id":"4","fname":"\u87ba\u6813\u62e7\u5165\u6df1\u5ea6.pdf"}
2017-09-15T10:24:10+08:00	{"id":"26651","m_id":"4","fname":"\u8bbe\u8ba1\u4ea7\u4e1a\u5b75\u5316\u5668-\u827a\u672f\u7ecf\u6d4e\u7684\u65b0\u6a21\u5f0f.pdf"}
2017-09-15T10:24:10+08:00	{"id":"26652","m_id":"4","fname":"\u6570\u5b66\u5206\u6790\u8bfe\u540e\u4e60\u9898\u7b54\u68482.3.pdf"}
2017-09-15T10:24:11+08:00	{"id":"26653","m_id":"4","fname":"\u534e\u7f57\u5e9a\u5b66\u6821\u6570\u5b66\u6559\u6750(\u4e94\u5e74\u7ea7\u4e0b)\u7b2c09\u8bb2--\u6570\u5b66\u6e38\u620f.pdf"}
2017-09-15T10:24:43+08:00	{"id":"26654","m_id":"4","fname":"\u87ba\u6813\u62e7\u5165\u6df1\u5ea6.pdf"}
2017-09-15T10:24:44+08:00	{"id":"26655","m_id":"4","fname":"\u8bbe\u8ba1\u4ea7\u4e1a\u5b75\u5316\u5668-\u827a\u672f\u7ecf\u6d4e\u7684\u65b0\u6a21\u5f0f.pdf"}
2017-09-15T10:24:44+08:00	{"id":"26656","m_id":"4","fname":"\u6570\u5b66\u5206\u6790\u8bfe\u540e\u4e60\u9898\u7b54\u68482.3.pdf"}
2017-09-15T10:24:44+08:00	{"id":"26657","m_id":"4","fname":"\u534e\u7f57\u5e9a\u5b66\u6821\u6570\u5b66\u6559\u6750(\u4e94\u5e74\u7ea7\u4e0b)\u7b2c09\u8bb2--\u6570\u5b66\u6e38\u620f.pdf"}
2017-09-15T10:25:41+08:00	{"id":"26658","m_id":"4","fname":"\u87ba\u6813\u62e7\u5165\u6df1\u5ea6.pdf"}
2017-09-15T10:25:42+08:00	{"id":"26659","m_id":"4","fname":"\u8bbe\u8ba1\u4ea7\u4e1a\u5b75\u5316\u5668-\u827a\u672f\u7ecf\u6d4e\u7684\u65b0\u6a21\u5f0f.pdf"}
2017-09-15T10:25:42+08:00	{"id":"26660","m_id":"4","fname":"\u6570\u5b66\u5206\u6790\u8bfe\u540e\u4e60\u9898\u7b54\u68482.3.pdf"}
2017-09-15T10:25:42+08:00	{"id":"26661","m_id":"4","fname":"\u534e\u7f57\u5e9a\u5b66\u6821\u6570\u5b66\u6559\u6750(\u4e94\u5e74\u7ea7\u4e0b)\u7b2c09\u8bb2--\u6570\u5b66\u6e38\u620f.pdf"}
2017-09-15T16:56:40+08:00	{"id":"26662","m_id":"4","fname":"\u5355\u4f4d\u6362\u7b97.pdf"}
2017-09-15T16:56:41+08:00	{"id":"26663","m_id":"4","fname":"\u7b2c\u4e00\u4e8c\u4e09\u5b87\u5b99\u901f\u5ea6\u8be6\u7ec6\u63a8\u5bfc.pdf"}
2017-09-15T16:56:41+08:00	{"id":"26664","m_id":"4","fname":"\u670d\u88c5\u8bbe\u8ba1\u827a\u672f\u4e2d\u7684\u7cbe\u795e\u672c\u8d28\u4e0e\u60c5\u611f.pdf"}
2017-09-15T16:56:41+08:00	{"id":"26665","m_id":"4","fname":"\u69fd\u94a2\u89c4\u7ebf\u8ddd.pdf"}
