2017-08-29T10:23:30+08:00	{"id":"26361","m_id":"4","fname":"\u6559\u6750\u4f60\u597d.pdf"}
2017-08-29T10:25:36+08:00	{"id":"26362","m_id":"4","fname":"\u6559\u6750\u4f60\u597d.pdf"}
2017-08-29T10:26:10+08:00	{"id":"26363","m_id":"4","fname":"\u6559\u6750\u4f60\u597d.pdf"}
2017-08-29T10:26:10+08:00	name:````教材你好
2017-08-29T14:15:12+08:00	{"id":"26364","m_id":"4","fname":"\u7b2c\u56db\u8282---\u964d\u6c34.doc"}
2017-08-29T14:15:12+08:00	{"id":"26365","m_id":"4","fname":"\u6c49\u8bed\u8a00\u6587\u5b66\u8003\u7814\u5b66\u6821\u53c2\u8003\u53ca\u8003\u8bd5\u65b9\u5411\u4ecb\u7ecd..doc"}
2017-08-29T14:15:13+08:00	{"id":"26366","m_id":"4","fname":"\u6cb3\u5357\u80fd\u6e90\u5316\u5de5\u96c6\u56e2\u975e\u4f24\u4ea1\u4e8b\u6545\u8ba4\u5b9a\u6807\u51c6(1).doc"}
2017-08-29T14:15:13+08:00	{"id":"26367","m_id":"4","fname":"\u8861\u5668\u8bbe\u5907\u578b\u53f7.doc"}
2017-08-29T14:15:13+08:00	{"id":"26368","m_id":"4","fname":"\u786e\u5b9a\u6750\u6599\u54c1\u724c\u4ef7\u683c\u7684\u62a5\u544a.doc"}
2017-08-29T14:15:13+08:00	{"id":"26369","m_id":"4","fname":"2002\u5e74\u5168\u56fd\u521d\u4e2d\u6570\u5b66\u8054\u5408\u7ade\u8d5b\u8bd5\u5377.doc"}
2017-08-29T14:15:13+08:00	{"id":"26370","m_id":"4","fname":"\u8f6c\u53d8\u7ecf\u6d4e\u53d1\u5c55\u65b9\u5f0f\u4e0e\u52a0\u5feb\u57ce\u4e61\u4e00\u4f53\u5316\u5efa\u8bbe.docx"}
2017-08-29T14:15:35+08:00	{"id":"26371","m_id":"4","fname":"\u7b2c\u56db\u8282---\u964d\u6c34.doc"}
2017-08-29T14:16:04+08:00	{"id":"26372","m_id":"4","fname":"\u8f6f\u4ef6\u8bc4\u6d4b\u77e5\u8bc6\u70b9\u603b\u7ed3.doc"}
2017-08-29T14:16:53+08:00	{"id":"26373","m_id":"4","fname":"\u8f6f\u4ef6\u7684\u8bc4\u6d4b\u77e5\u8bc6\u70b9\u603b\u7ed3\u7ec6\u8282.doc"}
2017-08-29T14:17:31+08:00	{"id":"26374","m_id":"4","fname":"\u300a\u6784\u9020\u5730\u8d28\u5b66\u300b\u79bb\u7ebf\u4f5c\u4e1a.doc"}
2017-08-29T14:17:31+08:00	{"id":"26375","m_id":"4","fname":"\u5b89-\u5168-\u5927-\u8ba8-\u8bba.doc"}
2017-08-29T14:17:31+08:00	{"id":"26376","m_id":"4","fname":"\u8c08\u8c08\u5bf9\u4e2d\u533b\u836f\u7684\u8ba4\u8bc6.doc"}
2017-08-29T14:17:31+08:00	{"id":"26377","m_id":"4","fname":"\u4e3a\u4ec0\u4e48\u8981\u5b66\u5fc3\u7406\u5b66.doc"}
2017-08-29T14:17:31+08:00	{"id":"26378","m_id":"4","fname":"\u4e2d\u534e\u4eba\u6c11\u5171\u548c\u56fd\u4fdd\u5bc6\u6cd5(\u5168\u6587)\u65b0.doc"}
2017-08-29T14:17:32+08:00	{"id":"26379","m_id":"4","fname":"\u4e2d\u534e\u9884\u9632\u533b\u5b66\u4f1a\u7ae0\u7a0b.doc"}
2017-08-29T14:17:32+08:00	{"id":"26380","m_id":"4","fname":"\u7535\u8111\u7ef4\u62a4(\u7ef4\u4fee)\u6536\u8d39\u6807\u51c6.doc"}
2017-08-29T14:17:32+08:00	{"id":"26381","m_id":"4","fname":"\u7b2c\u56db\u5355\u5143--\u7269\u8d28\u6784\u6210\u7684\u5965\u79d8\u77e5\u8bc6\u70b9\u590d\u4e60.doc"}
2017-08-29T14:17:32+08:00	{"id":"26382","m_id":"4","fname":"\u300a\u72ec\u7acb\u5ba3\u8a00\u300b\u6d45\u6790.doc"}
2017-08-29T14:18:13+08:00	{"id":"26383","m_id":"4","fname":"\u91cd\u5e86\u5efa\u7b51\u5de5\u7a0b\u505a\u8d44\u6599\u987a\u5e8f.doc"}
2017-08-29T14:18:13+08:00	{"id":"26384","m_id":"4","fname":"2011\u5e74\u4ea4\u901a\u8fd0\u8f93\u6cd5\u5236\u5de5\u4f5c\u4f1a\u8bae\u9886\u5bfc\u8bb2\u8bdd\u7a3f(\u4ec5\u4f9b\u53c2\u8003).doc"}
2017-08-29T14:18:13+08:00	{"id":"26385","m_id":"4","fname":"\u9053\u8def\u5f52\u5c5e.xls"}
2017-08-29T14:18:14+08:00	{"id":"26386","m_id":"4","fname":"\u56fd\u5bb6\u5b89\u76d1\u603b\u5c40\u7b2c20\u53f7\u4ee4.doc"}
2017-08-29T14:18:14+08:00	{"id":"26387","m_id":"4","fname":"\u9c81\u73ed\u571f\u5efa\u5feb\u6377\u952e\u547d\u4ee4.doc"}
2017-08-29T14:18:14+08:00	{"id":"26388","m_id":"4","fname":"\u54f2\u5b66\u7684\u5b9a\u4e49.doc"}
2017-08-29T14:18:14+08:00	{"id":"26389","m_id":"4","fname":"\u98df\u54c1\u7ecf\u8425\u8bbe\u5907\u53ca\u8bbe\u65bd\u6e05\u5355.doc"}
2017-08-29T14:18:34+08:00	{"id":"26390","m_id":"4","fname":"\u8f6f\u4ef6\u7684\u8bc4\u6d4b\u77e5\u8bc6\u70b9\u603b\u7ed3\u7ec6\u8282.doc"}
2017-08-29T14:18:34+08:00	{"id":"26391","m_id":"4","fname":"\u9884\u9632\u533b\u5b662.doc"}
2017-08-29T14:18:34+08:00	{"id":"26392","m_id":"4","fname":"\u9644\u8868\u516b---\u5916\u4f9b\u7535\u529b\u9700\u6c42\u8ba1\u5212\u8868.doc"}
2017-08-29T14:18:34+08:00	{"id":"26393","m_id":"4","fname":"\u95e8\u8bca\u5c31\u8bca\u6d41\u7a0b.doc"}
2017-08-29T14:18:35+08:00	{"id":"26394","m_id":"4","fname":"\u6c34\u6cf5\u529f\u7387\u8ba1\u7b97.xls"}
2017-08-29T14:18:35+08:00	{"id":"26395","m_id":"4","fname":"\u7b2c\u4e09\u8282-\u51dd\u7ed3\u4e0e\u51dd\u534e.doc"}
2017-08-29T14:18:35+08:00	{"id":"26396","m_id":"4","fname":"\u7b2c\u56db\u8282-\u7a7a\u6c14\u7684\u7edd\u70ed\u53d8\u5316\u548c\u5927\u6c14\u7a33\u5b9a\u5ea6.doc"}
2017-08-29T14:18:35+08:00	{"id":"26397","m_id":"4","fname":"\u4ec0\u4e48\u624d\u662f\u597d\u7684\u653f\u6cbb.doc"}
2017-08-29T18:34:33+08:00	{"id":"26398","m_id":"4","fname":"\u4e66\u5199\u89c4\u8303\u4ee5\u53ca\u4ee3\u7801\u89c4\u8303.docx"}
