2017-09-13T10:00:20+08:00	{"id":"26515","m_id":"4","fname":"160.pdf"}
2017-09-13T10:00:23+08:00	{"id":"26516","m_id":"4","fname":"123.pdf"}
2017-09-13T10:19:56+08:00	{"id":"26517","m_id":"4","fname":"2015\u5e74\u6267\u4e1a\u836f\u5e08\u8d44\u683c\u8003\u8bd5.pdf"}
2017-09-13T10:20:02+08:00	{"id":"26518","m_id":"4","fname":"2015\u5e74\u4e2d\u4f20721\u8bbe\u8ba1\u827a\u672f\u5b66\u57fa\u7840\u8003\u7814\u771f\u9898.pdf"}
2017-09-13T10:20:06+08:00	{"id":"26519","m_id":"4","fname":"ACMO-TDS.pdf"}
2017-09-13T10:22:19+08:00	{"id":"26520","m_id":"4","fname":"2015\u5e74\u4e2d\u4f20721\u8bbe\u8ba1\u827a\u672f\u5b66\u57fa\u7840\u8003\u7814\u771f\u9898.pdf"}
2017-09-13T10:22:20+08:00	{"id":"26521","m_id":"4","fname":"ACMO-TDS.pdf"}
2017-09-13T10:22:20+08:00	{"id":"26522","m_id":"4","fname":"6\u7cfb\u6df1\u6c9f\u7403\u8f74\u627f\u5c3a\u5bf8\u89c4\u683c.pdf"}
2017-09-13T10:22:21+08:00	{"id":"26523","m_id":"4","fname":"2015\u5e74\u6267\u4e1a\u836f\u5e08\u8d44\u683c\u8003\u8bd5.pdf"}
2017-09-13T10:29:18+08:00	{"id":"26524","m_id":"4","fname":"2015\u5e74\u6267\u4e1a\u836f\u5e08\u8d44\u683c\u8003\u8bd5.pdf"}
2017-09-13T10:29:19+08:00	{"id":"26525","m_id":"4","fname":"2015\u5e74\u4e2d\u4f20721\u8bbe\u8ba1\u827a\u672f\u5b66\u57fa\u7840\u8003\u7814\u771f\u9898.pdf"}
2017-09-13T10:29:19+08:00	{"id":"26526","m_id":"4","fname":"ACMO-TDS.pdf"}
2017-09-13T10:29:20+08:00	{"id":"26527","m_id":"4","fname":"6\u7cfb\u6df1\u6c9f\u7403\u8f74\u627f\u5c3a\u5bf8\u89c4\u683c.pdf"}
2017-09-13T10:41:30+08:00	{"id":"26528","m_id":"4","fname":"2015\u5e74\u6267\u4e1a\u836f\u5e08\u8d44\u683c\u8003\u8bd5.pdf"}
2017-09-13T10:41:33+08:00	{"id":"26529","m_id":"4","fname":"2015\u5e74\u4e2d\u4f20721\u8bbe\u8ba1\u827a\u672f\u5b66\u57fa\u7840\u8003\u7814\u771f\u9898.pdf"}
2017-09-13T10:41:34+08:00	{"id":"26530","m_id":"4","fname":"ACMO-TDS.pdf"}
2017-09-13T10:41:35+08:00	{"id":"26531","m_id":"4","fname":"6\u7cfb\u6df1\u6c9f\u7403\u8f74\u627f\u5c3a\u5bf8\u89c4\u683c.pdf"}
2017-09-13T10:44:39+08:00	{"id":"26532","m_id":"4","fname":"6\u7cfb\u6df1\u6c9f\u7403\u8f74\u627f\u5c3a\u5bf8\u89c4\u683c.pdf"}
2017-09-13T10:44:41+08:00	{"id":"26534","m_id":"4","fname":"2015\u5e74\u4e2d\u4f20721\u8bbe\u8ba1\u827a\u672f\u5b66\u57fa\u7840\u8003\u7814\u771f\u9898.pdf"}
2017-09-13T10:44:41+08:00	{"id":"26535","m_id":"4","fname":"ACMO-TDS.pdf"}
2017-09-13T10:45:10+08:00	{"id":"26536","m_id":"4","fname":"2015\u5e74\u6267\u4e1a\u836f\u5e08\u8d44\u683c\u8003\u8bd5.pdf"}
2017-09-13T10:45:10+08:00	{"id":"26537","m_id":"4","fname":"2015\u5e74\u4e2d\u4f20721\u8bbe\u8ba1\u827a\u672f\u5b66\u57fa\u7840\u8003\u7814\u771f\u9898.pdf"}
2017-09-13T10:45:11+08:00	{"id":"26538","m_id":"4","fname":"ACMO-TDS.pdf"}
2017-09-13T10:45:12+08:00	{"id":"26539","m_id":"4","fname":"6\u7cfb\u6df1\u6c9f\u7403\u8f74\u627f\u5c3a\u5bf8\u89c4\u683c.pdf"}
2017-09-13T10:50:59+08:00	{"id":"26540","m_id":"4","fname":"2015\u5e74\u6267\u4e1a\u836f\u5e08\u8d44\u683c\u8003\u8bd5.pdf"}
2017-09-13T10:51:00+08:00	{"id":"26541","m_id":"4","fname":"2015\u5e74\u4e2d\u4f20721\u8bbe\u8ba1\u827a\u672f\u5b66\u57fa\u7840\u8003\u7814\u771f\u9898.pdf"}
2017-09-13T10:51:00+08:00	{"id":"26542","m_id":"4","fname":"ACMO-TDS.pdf"}
2017-09-13T10:51:01+08:00	{"id":"26543","m_id":"4","fname":"6\u7cfb\u6df1\u6c9f\u7403\u8f74\u627f\u5c3a\u5bf8\u89c4\u683c.pdf"}
2017-09-13T11:24:31+08:00	{"id":"26544","m_id":"4","fname":"2015\u5e74\u6267\u4e1a\u836f\u5e08\u8d44\u683c\u8003\u8bd5.pdf"}
2017-09-13T11:24:32+08:00	{"id":"26545","m_id":"4","fname":"2015\u5e74\u4e2d\u4f20721\u8bbe\u8ba1\u827a\u672f\u5b66\u57fa\u7840\u8003\u7814\u771f\u9898.pdf"}
2017-09-13T11:24:32+08:00	{"id":"26546","m_id":"4","fname":"ACMO-TDS.pdf"}
2017-09-13T11:24:33+08:00	{"id":"26547","m_id":"4","fname":"6\u7cfb\u6df1\u6c9f\u7403\u8f74\u627f\u5c3a\u5bf8\u89c4\u683c.pdf"}
2017-09-13T11:29:16+08:00	{"id":"26548","m_id":"4","fname":"\u5355\u4f4d\u6362\u7b97.pdf"}
2017-09-13T11:29:17+08:00	{"id":"26549","m_id":"4","fname":"\u7b2c6\u7ae0\u4f5c\u4e1a.pdf"}
2017-09-13T11:29:17+08:00	{"id":"26550","m_id":"4","fname":"\u7b2c\u4e00\u4e8c\u4e09\u5b87\u5b99\u901f\u5ea6\u8be6\u7ec6\u63a8\u5bfc.pdf"}
2017-09-13T11:29:18+08:00	{"id":"26551","m_id":"4","fname":"\u670d\u88c5\u8bbe\u8ba1\u827a\u672f\u4e2d\u7684\u7cbe\u795e\u672c\u8d28\u4e0e\u60c5\u611f.pdf"}
2017-09-13T11:37:08+08:00	{"id":"26552","m_id":"4","fname":"\u7cbe\u5bc6\u4eea\u5668\u53ca\u673a\u68b0.pdf"}
2017-09-13T11:37:09+08:00	{"id":"26553","m_id":"4","fname":"\u68a8\u6811\u68da\u67b6\u79cd\u690d\u4f18\u70b9\u53ca\u5efa\u9020\u6280\u672f-(1).pdf"}
2017-09-13T11:37:09+08:00	{"id":"26554","m_id":"4","fname":"\u5305\u88c5 \u7bb1\u56fe\u7eb8 \u53ca\u8bf4\u660e.pdf"}
2017-09-13T11:37:10+08:00	{"id":"26555","m_id":"4","fname":"\u69fd\u94a2\u89c4\u7ebf\u8ddd.pdf"}
2017-09-13T11:37:11+08:00	{"id":"26556","m_id":"4","fname":"\u5e38\u7528\u4e2d\u56fd\u56fe\u4e66\u5206\u7c7b\u53f7\u7801.pdf"}
2017-09-13T11:44:44+08:00	{"id":"26557","m_id":"4","fname":"\u7cbe\u5bc6\u4eea\u5668\u53ca\u673a\u68b0.pdf"}
2017-09-13T11:44:44+08:00	{"id":"26558","m_id":"4","fname":"\u68a8\u6811\u68da\u67b6\u79cd\u690d\u4f18\u70b9\u53ca\u5efa\u9020\u6280\u672f-(1).pdf"}
2017-09-13T11:44:45+08:00	{"id":"26559","m_id":"4","fname":"\u5305\u88c5 \u7bb1\u56fe\u7eb8 \u53ca\u8bf4\u660e.pdf"}
2017-09-13T11:44:46+08:00	{"id":"26560","m_id":"4","fname":"\u69fd\u94a2\u89c4\u7ebf\u8ddd.pdf"}
2017-09-13T11:44:46+08:00	{"id":"26561","m_id":"4","fname":"\u5e38\u7528\u4e2d\u56fd\u56fe\u4e66\u5206\u7c7b\u53f7\u7801.pdf"}
2017-09-13T14:31:19+08:00	{"id":"26562","m_id":"4","fname":"\u7cbe\u5bc6\u4eea\u5668\u53ca\u673a\u68b0.pdf"}
2017-09-13T14:31:20+08:00	{"id":"26563","m_id":"4","fname":"\u68a8\u6811\u68da\u67b6\u79cd\u690d\u4f18\u70b9\u53ca\u5efa\u9020\u6280\u672f-(1).pdf"}
2017-09-13T14:31:21+08:00	{"id":"26564","m_id":"4","fname":"\u5305\u88c5 \u7bb1\u56fe\u7eb8 \u53ca\u8bf4\u660e.pdf"}
2017-09-13T14:31:22+08:00	{"id":"26565","m_id":"4","fname":"\u69fd\u94a2\u89c4\u7ebf\u8ddd.pdf"}
2017-09-13T14:31:22+08:00	{"id":"26566","m_id":"4","fname":"\u5e38\u7528\u4e2d\u56fd\u56fe\u4e66\u5206\u7c7b\u53f7\u7801.pdf"}
2017-09-13T17:07:15+08:00	{"id":"26567","m_id":"4","fname":"\u7cbe\u5bc6\u4eea\u5668\u53ca\u673a\u68b0.pdf"}
2017-09-13T17:07:15+08:00	{"id":"26568","m_id":"4","fname":"\u68a8\u6811\u68da\u67b6\u79cd\u690d\u4f18\u70b9\u53ca\u5efa\u9020\u6280\u672f-(1).pdf"}
2017-09-13T17:07:16+08:00	{"id":"26569","m_id":"4","fname":"\u5305\u88c5 \u7bb1\u56fe\u7eb8 \u53ca\u8bf4\u660e.pdf"}
2017-09-13T17:07:16+08:00	{"id":"26570","m_id":"4","fname":"\u69fd\u94a2\u89c4\u7ebf\u8ddd.pdf"}
2017-09-13T17:07:17+08:00	{"id":"26571","m_id":"4","fname":"\u5e38\u7528\u4e2d\u56fd\u56fe\u4e66\u5206\u7c7b\u53f7\u7801.pdf"}
2017-09-13T17:08:20+08:00	{"id":"26572","m_id":"4","fname":"\u7cbe\u5bc6\u4eea\u5668\u53ca\u673a\u68b0.pdf"}
2017-09-13T17:08:21+08:00	{"id":"26573","m_id":"4","fname":"\u68a8\u6811\u68da\u67b6\u79cd\u690d\u4f18\u70b9\u53ca\u5efa\u9020\u6280\u672f-(1).pdf"}
2017-09-13T17:08:21+08:00	{"id":"26574","m_id":"4","fname":"\u5305\u88c5 \u7bb1\u56fe\u7eb8 \u53ca\u8bf4\u660e.pdf"}
2017-09-13T17:08:22+08:00	{"id":"26575","m_id":"4","fname":"\u69fd\u94a2\u89c4\u7ebf\u8ddd.pdf"}
2017-09-13T17:08:22+08:00	{"id":"26576","m_id":"4","fname":"\u5e38\u7528\u4e2d\u56fd\u56fe\u4e66\u5206\u7c7b\u53f7\u7801.pdf"}
2017-09-13T17:13:56+08:00	{"id":"26577","m_id":"4","fname":"\u7cbe\u5bc6\u4eea\u5668\u53ca\u673a\u68b0.pdf"}
2017-09-13T17:13:57+08:00	{"id":"26578","m_id":"4","fname":"\u68a8\u6811\u68da\u67b6\u79cd\u690d\u4f18\u70b9\u53ca\u5efa\u9020\u6280\u672f-(1).pdf"}
2017-09-13T17:13:57+08:00	{"id":"26579","m_id":"4","fname":"\u5305\u88c5 \u7bb1\u56fe\u7eb8 \u53ca\u8bf4\u660e.pdf"}
2017-09-13T17:13:58+08:00	{"id":"26580","m_id":"4","fname":"\u69fd\u94a2\u89c4\u7ebf\u8ddd.pdf"}
2017-09-13T17:13:58+08:00	{"id":"26581","m_id":"4","fname":"\u5e38\u7528\u4e2d\u56fd\u56fe\u4e66\u5206\u7c7b\u53f7\u7801.pdf"}
2017-09-13T17:15:11+08:00	{"id":"26582","m_id":"4","fname":"160.pdf"}
