2017-07-18T10:58:24+08:00	conversion: "D:/xampp/htdocs/v78/vpdf/conversion/pdv2.exe" "D:/xampp/htdocs/v78/vpdf/uploadFile/weatherCities/20170718/4/pdf/xx_1500307200.pdf" "D:/xampp/htdocs/v78/vpdf/uploadFile/currentfile/20170718/4/docx/xx_1500307200.docx" ipdfReader_PDV
2017-07-18T10:58:31+08:00	conversion: "D:/xampp/htdocs/v78/vpdf/conversion/pdv2.exe" "D:/xampp/htdocs/v78/vpdf/uploadFile/weatherCities/20170718/4/pdf/双金属温度计量程选择_1500307200.pdf" "D:/xampp/htdocs/v78/vpdf/uploadFile/currentfile/20170718/4/docx/双金属温度计量程选择_1500307200.docx" ipdfReader_PDV
2017-07-18T14:02:24+08:00	conversion: "D:/xampp/htdocs/v78/vpdf/conversion/pdv2.exe" "D:/xampp/htdocs/v78/vpdf/uploadFile/weatherCities/20170718/4/pdf/cc_1500307200.pdf" "D:/xampp/htdocs/v78/vpdf/uploadFile/currentfile/20170718/4/docx/cc_1500307200.docx" ipdfReader_PDV
2017-07-18T14:17:27+08:00	conversion: "D:/xampp/htdocs/v78/vpdf/conversion/pdv2.exe" "D:/xampp/htdocs/v78/vpdf/uploadFile/weatherCities/20170718/4/pdf/数学练习册答案9B2011_1500307200.pdf" "D:/xampp/htdocs/v78/vpdf/uploadFile/currentfile/20170718/4/docx/数学练习册答案9B2011_1500307200.docx" ipdfReader_PDV
2017-07-18T14:17:48+08:00	conversion: "D:/xampp/htdocs/v78/vpdf/conversion/pdv2.exe" "D:/xampp/htdocs/v78/vpdf/uploadFile/weatherCities/20170718/4/pdf/数学练习册答案8B2011_1500307200.pdf" "D:/xampp/htdocs/v78/vpdf/uploadFile/currentfile/20170718/4/docx/数学练习册答案8B2011_1500307200.docx" ipdfReader_PDV
2017-07-18T14:34:47+08:00	conversion: "D:/xampp/htdocs/v78/vpdf/conversion/pdv2.exe" "D:/xampp/htdocs/v78/vpdf/uploadFile/weatherCities/20170718/4/pdf/饲料及原料检测_1500307200.pdf" "D:/xampp/htdocs/v78/vpdf/uploadFile/currentfile/20170718/4/docx/饲料及原料检测_1500307200.docx" ipdfReader_PDV
2017-07-18T14:45:39+08:00	conversion: "D:/xampp/htdocs/v78/vpdf/conversion/pdv2.exe" "D:/xampp/htdocs/v78/vpdf/uploadFile/weatherCities/20170718/4/pdf/PDFReference_1500307200.pdf" "D:/xampp/htdocs/v78/vpdf/uploadFile/currentfile/20170718/4/docx/PDFReference_1500307200.docx" ipdfReader_PDV
2017-07-18T14:47:05+08:00	conversion: "D:/xampp/htdocs/v78/vpdf/conversion/pdv2.exe" "D:/xampp/htdocs/v78/vpdf/uploadFile/weatherCities/20170718/4/pdf/PDFReference_1500307200.pdf" "D:/xampp/htdocs/v78/vpdf/uploadFile/currentfile/20170718/4/docx/PDFReference_1500307200.docx" ipdfReader_PDV
2017-07-18T14:48:39+08:00	conversion: "D:/xampp/htdocs/v78/vpdf/conversion/pdv2.exe" "D:/xampp/htdocs/v78/vpdf/uploadFile/weatherCities/20170718/4/pdf/PDFReference_1500307200.pdf" "D:/xampp/htdocs/v78/vpdf/uploadFile/currentfile/20170718/4/docx/PDFReference_1500307200.docx" ipdfReader_PDV
2017-07-18T15:22:26+08:00	conversion: "D:/xampp/htdocs/v78/vpdf/conversion/pdv2.exe" "D:/xampp/htdocs/v78/vpdf/uploadFile/weatherCities/20170718/4/pdf/PDFReference_1500307200.pdf" "D:/xampp/htdocs/v78/vpdf/uploadFile/currentfile/20170718/4/docx/PDFReference_1500307200.docx" ipdfReader_PDV
2017-07-18T15:52:12+08:00	conversion: "D:/xampp/htdocs/v78/vpdf/conversion/pdv2.exe" "D:/xampp/htdocs/v78/vpdf/uploadFile/weatherCities/20170718/4/pdf/数学分析课后习题答案4.1_1500307200.pdf_split.pdf" "D:/xampp/htdocs/v78/vpdf/uploadFile/currentfile/20170718/4/docx/数学分析课后习题答案4.1_1500307200.docx" ipdfReader_PDV
2017-07-18T17:29:53+08:00	conversion: "D:/xampp/htdocs/v78/vpdf/conversion/pdv2.exe" "D:/xampp/htdocs/v78/vpdf/uploadFile/weatherCities/20170718/4/pdf/碳谱中的溶剂峰_1500307200.pdf" "D:/xampp/htdocs/v78/vpdf/uploadFile/currentfile/20170718/4/docx/碳谱中的溶剂峰_1500307200.docx" ipdfReader_PDV
2017-07-18T17:30:11+08:00	conversion: "D:/xampp/htdocs/v78/vpdf/conversion/pdv2.exe" "D:/xampp/htdocs/v78/vpdf/uploadFile/weatherCities/20170718/4/pdf/塑料的种类_1500307200.pdf" "D:/xampp/htdocs/v78/vpdf/uploadFile/currentfile/20170718/4/docx/塑料的种类_1500307200.docx" ipdfReader_PDV
2017-07-18T17:30:15+08:00	conversion: "D:/xampp/htdocs/v78/vpdf/conversion/pdv2.exe" "D:/xampp/htdocs/v78/vpdf/uploadFile/weatherCities/20170718/4/pdf/饲料及原料检测_1500307200.pdf" "D:/xampp/htdocs/v78/vpdf/uploadFile/currentfile/20170718/4/docx/饲料及原料检测_1500307200.docx" ipdfReader_PDV
2017-07-18T17:30:19+08:00	conversion: "D:/xampp/htdocs/v78/vpdf/conversion/pdv2.exe" "D:/xampp/htdocs/v78/vpdf/uploadFile/weatherCities/20170718/4/pdf/水肺潜水装备操作_1500307200.pdf" "D:/xampp/htdocs/v78/vpdf/uploadFile/currentfile/20170718/4/docx/水肺潜水装备操作_1500307200.docx" ipdfReader_PDV
2017-07-18T17:30:40+08:00	conversion: "D:/xampp/htdocs/v78/vpdf/conversion/pdv2.exe" "D:/xampp/htdocs/v78/vpdf/uploadFile/weatherCities/20170718/4/pdf/双金属温度计量程选择_1500307200.pdf" "D:/xampp/htdocs/v78/vpdf/uploadFile/currentfile/20170718/4/docx/双金属温度计量程选择_1500307200.docx" ipdfReader_PDV
2017-07-18T17:30:45+08:00	conversion: "D:/xampp/htdocs/v78/vpdf/conversion/pdv2.exe" "D:/xampp/htdocs/v78/vpdf/uploadFile/weatherCities/20170718/4/pdf/数学练习册答案9B2011_1500307200.pdf" "D:/xampp/htdocs/v78/vpdf/uploadFile/currentfile/20170718/4/docx/数学练习册答案9B2011_1500307200.docx" ipdfReader_PDV
2017-07-18T17:31:05+08:00	conversion: "D:/xampp/htdocs/v78/vpdf/conversion/pdv2.exe" "D:/xampp/htdocs/v78/vpdf/uploadFile/weatherCities/20170718/4/pdf/数学分析课后习题答案4.1_1500307200.pdf" "D:/xampp/htdocs/v78/vpdf/uploadFile/currentfile/20170718/4/docx/数学分析课后习题答案4.1_1500307200.docx" ipdfReader_PDV
2017-07-18T17:31:08+08:00	conversion: "D:/xampp/htdocs/v78/vpdf/conversion/pdv2.exe" "D:/xampp/htdocs/v78/vpdf/uploadFile/weatherCities/20170718/4/pdf/数学分析课后习题答案2.3_1500307200.pdf" "D:/xampp/htdocs/v78/vpdf/uploadFile/currentfile/20170718/4/docx/数学分析课后习题答案2.3_1500307200.docx" ipdfReader_PDV
2017-07-18T17:35:20+08:00	conversion: "D:/xampp/htdocs/v78/vpdf/conversion/pdv2.exe" "D:/xampp/htdocs/v78/vpdf/uploadFile/weatherCities/20170718/4/pdf/DBJ T13562017福建省建筑工程施工文件管理规程_1500307200.pdf" "D:/xampp/htdocs/v78/vpdf/uploadFile/currentfile/20170718/4/docx/DBJ T13562017福建省建筑工程施工文件管理规程_1500307200.docx" ipdfReader_PDV
2017-07-18T17:36:19+08:00	conversion: "D:/xampp/htdocs/v78/vpdf/conversion/pdv2.exe" "D:/xampp/htdocs/v78/vpdf/uploadFile/weatherCities/20170718/4/pdf/PDFReference_1500307200.pdf" "D:/xampp/htdocs/v78/vpdf/uploadFile/currentfile/20170718/4/docx/PDFReference_1500307200.docx" ipdfReader_PDV
2017-07-18T17:36:23+08:00	conversion: "D:/xampp/htdocs/v78/vpdf/conversion/pdv2.exe" "D:/xampp/htdocs/v78/vpdf/uploadFile/weatherCities/20170718/4/pdf/蓄电池平板车Model_1500307200.pdf" "D:/xampp/htdocs/v78/vpdf/uploadFile/currentfile/20170718/4/docx/蓄电池平板车Model_1500307200.docx" ipdfReader_PDV
2017-07-18T17:36:29+08:00	conversion: "D:/xampp/htdocs/v78/vpdf/conversion/pdv2.exe" "D:/xampp/htdocs/v78/vpdf/uploadFile/weatherCities/20170718/4/pdf/学校标识导向系统设计的意义_1500307200.pdf" "D:/xampp/htdocs/v78/vpdf/uploadFile/currentfile/20170718/4/docx/学校标识导向系统设计的意义_1500307200.docx" ipdfReader_PDV
2017-07-18T17:40:21+08:00	conversion: "D:/xampp/htdocs/v78/vpdf/conversion/pdv2.exe" "D:/xampp/htdocs/v78/vpdf/uploadFile/weatherCities/20170718/4/pdf/PDFReference_1500307200.pdf" "D:/xampp/htdocs/v78/vpdf/uploadFile/currentfile/20170718/4/docx/PDFReference_1500307200.docx" ipdfReader_PDV
2017-07-18T17:43:32+08:00	conversion: "D:/xampp/htdocs/v78/vpdf/conversion/pdv2.exe" "D:/xampp/htdocs/v78/vpdf/uploadFile/weatherCities/20170718/4/pdf/.pdf" "D:/xampp/htdocs/v78/vpdf/uploadFile/currentfile/20170718/4/docx/.docx" ipdfReader_PDV
2017-07-18T17:43:36+08:00	conversion: "D:/xampp/htdocs/v78/vpdf/conversion/pdv2.exe" "D:/xampp/htdocs/v78/vpdf/uploadFile/weatherCities/20170718/4/pdf/.pdf" "D:/xampp/htdocs/v78/vpdf/uploadFile/currentfile/20170718/4/docx/.docx" ipdfReader_PDV
2017-07-18T17:43:42+08:00	conversion: "D:/xampp/htdocs/v78/vpdf/conversion/pdv2.exe" "D:/xampp/htdocs/v78/vpdf/uploadFile/weatherCities/20170718/4/pdf/PDFReference_1500307200.pdf" "D:/xampp/htdocs/v78/vpdf/uploadFile/currentfile/20170718/4/docx/PDFReference_1500307200.docx" ipdfReader_PDV
2017-07-18T17:43:45+08:00	conversion: "D:/xampp/htdocs/v78/vpdf/conversion/pdv2.exe" "D:/xampp/htdocs/v78/vpdf/uploadFile/weatherCities/20170718/4/pdf/cc_1500307200.pdf" "D:/xampp/htdocs/v78/vpdf/uploadFile/currentfile/20170718/4/docx/cc_1500307200.docx" ipdfReader_PDV
2017-07-18T17:44:01+08:00	conversion: "D:/xampp/htdocs/v78/vpdf/conversion/pdv2.exe" "D:/xampp/htdocs/v78/vpdf/uploadFile/weatherCities/20170718/4/pdf/xx_1500307200.pdf" "D:/xampp/htdocs/v78/vpdf/uploadFile/currentfile/20170718/4/docx/xx_1500307200.docx" ipdfReader_PDV
2017-07-18T17:52:52+08:00	conversion: "D:/xampp/htdocs/v78/vpdf/conversion/pdv2.exe" "D:/xampp/htdocs/v78/vpdf/uploadFile/weatherCities/20170718/4/pdf/PDFReference_1500307200.pdf" "D:/xampp/htdocs/v78/vpdf/uploadFile/currentfile/20170718/4/docx/PDFReference_1500307200.docx" ipdfReader_PDV
2017-07-18T17:53:49+08:00	conversion: "D:/xampp/htdocs/v78/vpdf/conversion/pdv2.exe" "D:/xampp/htdocs/v78/vpdf/uploadFile/weatherCities/20170718/4/pdf/PDFReference_1500307200.pdf" "D:/xampp/htdocs/v78/vpdf/uploadFile/currentfile/20170718/4/docx/PDFReference_1500307200.docx" ipdfReader_PDV
2017-07-18T17:55:28+08:00	conversion: "D:/xampp/htdocs/v78/vpdf/conversion/pdv2.exe" "D:/xampp/htdocs/v78/vpdf/uploadFile/weatherCities/20170718/4/pdf/PDFReference_1500307200.pdf" "D:/xampp/htdocs/v78/vpdf/uploadFile/currentfile/20170718/4/docx/PDFReference_1500307200.docx" ipdfReader_PDV
2017-07-18T17:56:36+08:00	conversion: "D:/xampp/htdocs/v78/vpdf/conversion/pdv2.exe" "D:/xampp/htdocs/v78/vpdf/uploadFile/weatherCities/20170718/4/pdf/PDFReference_1500307200.pdf" "D:/xampp/htdocs/v78/vpdf/uploadFile/currentfile/20170718/4/docx/PDFReference_1500307200.docx" ipdfReader_PDV
2017-07-18T17:56:49+08:00	conversion: "D:/xampp/htdocs/v78/vpdf/conversion/pdv2.exe" "D:/xampp/htdocs/v78/vpdf/uploadFile/weatherCities/20170718/4/pdf/PDFReference_1500307200.pdf" "D:/xampp/htdocs/v78/vpdf/uploadFile/currentfile/20170718/4/docx/PDFReference_1500307200.docx" ipdfReader_PDV
2017-07-18T17:59:11+08:00	conversion: "D:/xampp/htdocs/v78/vpdf/conversion/pdv2.exe" "D:/xampp/htdocs/v78/vpdf/uploadFile/weatherCities/20170718/4/pdf/PDFReference_1500307200.pdf" "D:/xampp/htdocs/v78/vpdf/uploadFile/currentfile/20170718/4/docx/PDFReference_1500307200.docx" ipdfReader_PDV
2017-07-18T17:59:24+08:00	conversion: "D:/xampp/htdocs/v78/vpdf/conversion/pdv2.exe" "D:/xampp/htdocs/v78/vpdf/uploadFile/weatherCities/20170718/4/pdf/PDFReference_1500307200.pdf" "D:/xampp/htdocs/v78/vpdf/uploadFile/currentfile/20170718/4/docx/PDFReference_1500307200.docx" ipdfReader_PDV
