2017-09-14T09:54:15+08:00	{"id":"26583","m_id":"4","fname":"160.pdf"}
2017-09-14T09:56:09+08:00	{"id":"26584","m_id":"4","fname":"160.pdf"}
2017-09-14T10:35:04+08:00	{"id":"26585","m_id":"4","fname":"160.pdf"}
2017-09-14T10:36:23+08:00	{"id":"26586","m_id":"4","fname":"123.pdf"}
2017-09-14T10:40:17+08:00	{"id":"26587","m_id":"4","fname":"\u8bbe\u8ba1\u4ea7\u4e1a\u5b75\u5316\u5668-\u827a\u672f\u7ecf\u6d4e\u7684\u65b0\u6a21\u5f0f.pdf"}
2017-09-14T10:40:17+08:00	{"id":"26588","m_id":"4","fname":"\u9972\u6599\u53ca\u539f\u6599\u68c0\u6d4b.pdf"}
2017-09-14T10:40:17+08:00	{"id":"26589","m_id":"4","fname":"\u87ba\u6813\u62e7\u5165\u6df1\u5ea6.pdf"}
2017-09-14T10:40:18+08:00	{"id":"26590","m_id":"4","fname":"\u6b27\u76df.pdf"}
2017-09-14T10:53:31+08:00	{"id":"26591","m_id":"4","fname":"\u8bbe\u8ba1\u4ea7\u4e1a\u5b75\u5316\u5668-\u827a\u672f\u7ecf\u6d4e\u7684\u65b0\u6a21\u5f0f.pdf"}
2017-09-14T10:53:31+08:00	{"id":"26592","m_id":"4","fname":"\u9972\u6599\u53ca\u539f\u6599\u68c0\u6d4b.pdf"}
2017-09-14T10:53:31+08:00	{"id":"26593","m_id":"4","fname":"\u87ba\u6813\u62e7\u5165\u6df1\u5ea6.pdf"}
2017-09-14T10:53:31+08:00	{"id":"26594","m_id":"4","fname":"\u6b27\u76df.pdf"}
2017-09-14T10:54:39+08:00	{"id":"26595","m_id":"4","fname":"\u6b27\u76df.pdf"}
2017-09-14T10:54:39+08:00	{"id":"26596","m_id":"4","fname":"\u8bbe\u8ba1\u4ea7\u4e1a\u5b75\u5316\u5668-\u827a\u672f\u7ecf\u6d4e\u7684\u65b0\u6a21\u5f0f.pdf"}
2017-09-14T10:54:40+08:00	{"id":"26597","m_id":"4","fname":"\u9972\u6599\u53ca\u539f\u6599\u68c0\u6d4b.pdf"}
2017-09-14T10:54:40+08:00	{"id":"26598","m_id":"4","fname":"\u87ba\u6813\u62e7\u5165\u6df1\u5ea6.pdf"}
2017-09-14T11:02:38+08:00	{"id":"26599","m_id":"4","fname":"\u8bbe\u8ba1\u4ea7\u4e1a\u5b75\u5316\u5668-\u827a\u672f\u7ecf\u6d4e\u7684\u65b0\u6a21\u5f0f.pdf"}
2017-09-14T11:02:38+08:00	{"id":"26600","m_id":"4","fname":"\u9972\u6599\u53ca\u539f\u6599\u68c0\u6d4b.pdf"}
2017-09-14T11:02:38+08:00	{"id":"26601","m_id":"4","fname":"\u87ba\u6813\u62e7\u5165\u6df1\u5ea6.pdf"}
2017-09-14T11:02:39+08:00	{"id":"26602","m_id":"4","fname":"\u6b27\u76df.pdf"}
2017-09-14T14:37:57+08:00	{"id":"26603","m_id":"4","fname":"160.pdf"}
2017-09-14T14:39:08+08:00	{"id":"26605","m_id":"4","fname":"160.pdf"}
2017-09-14T14:40:40+08:00	{"id":"26606","m_id":"4","fname":"\u53cc\u91d1\u5c5e\u6e29\u5ea6\u8ba1\u91cf\u7a0b\u9009\u62e9.pdf"}
2017-09-14T14:40:40+08:00	{"id":"26607","m_id":"4","fname":"\u9972\u6599\u53ca\u539f\u6599\u68c0\u6d4b.pdf"}
2017-09-14T14:40:41+08:00	{"id":"26608","m_id":"4","fname":"\u5b66\u6821\u6807\u8bc6\u5bfc\u5411\u7cfb\u7edf\u8bbe\u8ba1\u7684\u610f\u4e49.pdf"}
2017-09-14T14:40:41+08:00	{"id":"26609","m_id":"4","fname":"\u8bbe\u8ba1\u4ea7\u4e1a\u5b75\u5316\u5668-\u827a\u672f\u7ecf\u6d4e\u7684\u65b0\u6a21\u5f0f.pdf"}
2017-09-14T14:41:45+08:00	{"id":"26610","m_id":"4","fname":"\u53cc\u91d1\u5c5e\u6e29\u5ea6\u8ba1\u91cf\u7a0b\u9009\u62e9.pdf"}
2017-09-14T14:41:45+08:00	{"id":"26611","m_id":"4","fname":"\u9972\u6599\u53ca\u539f\u6599\u68c0\u6d4b.pdf"}
2017-09-14T14:41:45+08:00	{"id":"26612","m_id":"4","fname":"\u5b66\u6821\u6807\u8bc6\u5bfc\u5411\u7cfb\u7edf\u8bbe\u8ba1\u7684\u610f\u4e49.pdf"}
2017-09-14T14:41:46+08:00	{"id":"26613","m_id":"4","fname":"\u8bbe\u8ba1\u4ea7\u4e1a\u5b75\u5316\u5668-\u827a\u672f\u7ecf\u6d4e\u7684\u65b0\u6a21\u5f0f.pdf"}
2017-09-14T14:48:08+08:00	{"id":"26614","m_id":"4","fname":"160.pdf"}
2017-09-14T14:48:46+08:00	{"id":"26615","m_id":"4","fname":"160.pdf"}
