2017-06-06T15:31:29+08:00	杞㈡ヨ: "D:/xampp/htdocs/v78/vpdf/conversion/opv.exe" "D:/xampp/htdocs/v78/vpdf/uploadFile/weatherCities/20170606/2/doc/【经典】上海   中考物理模拟卷及答案_1496678400.doc" "D:/xampp/htdocs/v78/vpdf/uploadFile/currentfile/20170606/2/pdf/【经典】上海   中考物理模拟卷及答案_1496678400.pdf" GMreader_OPV
2017-06-06T15:31:35+08:00	杞㈡ヨ: "D:/xampp/htdocs/v78/vpdf/conversion/opv.exe" "D:/xampp/htdocs/v78/vpdf/uploadFile/weatherCities/20170606/2/xlsx/ceshi_1496678400.xlsx" "D:/xampp/htdocs/v78/vpdf/uploadFile/currentfile/20170606/2/pdf/ceshi_1496678400.pdf" GMreader_OPV
2017-06-06T16:52:13+08:00	conversion: "D:/xampp/htdocs/v78/vpdf/conversion/opv.exe" "D:/xampp/htdocs/v78/vpdf/uploadFile/weatherCities/20170606/2/doc/1二次  函数――面积-中考数学压轴专项训练-每天练_1496678400.doc" "D:/xampp/htdocs/v78/vpdf/uploadFile/currentfile/20170606/2/pdf/1二次  函数――面积-中考数学压轴专项训练-每天练_1496678400.pdf" GMreader_OPV
2017-06-06T16:56:48+08:00	conversion: "D:/xampp/htdocs/v78/vpdf/conversion/opv.exe" "D:/xampp/htdocs/v78/vpdf/uploadFile/weatherCities/20170606/2/ppt/第四部分 写作 (1)_1496678400.ppt" "D:/xampp/htdocs/v78/vpdf/uploadFile/currentfile/20170606/2/pdf/第四部分 写作 (1)_1496678400.pdf" GMreader_OPV
2017-06-06T16:56:50+08:00	conversion: "D:/xampp/htdocs/v78/vpdf/conversion/opv.exe" "D:/xampp/htdocs/v78/vpdf/uploadFile/weatherCities/20170606/2/xlsx/ceshi_1496678400.xlsx" "D:/xampp/htdocs/v78/vpdf/uploadFile/currentfile/20170606/2/pdf/ceshi_1496678400.pdf" GMreader_OPV
2017-06-06T18:06:38+08:00	conversion: "D:/xampp/htdocs/v78/vpdf/conversion/opv.exe" "D:/xampp/htdocs/v78/vpdf/uploadFile/weatherCities/20170606/2/doc/1二次  函数――面积-中考数学压轴专项训练-每天练_1496678400.doc" "D:/xampp/htdocs/v78/vpdf/uploadFile/currentfile/20170606/2/pdf/1二次  函数――面积-中考数学压轴专项训练-每天练_1496678400.pdf" GMreader_OPV
2017-06-06T19:54:53+08:00	conversion: "D:/xampp/htdocs/v78/vpdf/conversion/opv.exe" "D:/xampp/htdocs/v78/vpdf/uploadFile/weatherCities/20170606/2/doc/1二次  函数――面积-中考数学压轴专项训练-每天练_1496678400.doc" "D:/xampp/htdocs/v78/vpdf/uploadFile/currentfile/20170606/2/pdf/1二次  函数――面积-中考数学压轴专项训练-每天练_1496678400.pdf" GMreader_OPV
2017-06-06T19:55:52+08:00	conversion: "D:/xampp/htdocs/v78/vpdf/conversion/opv.exe" "D:/xampp/htdocs/v78/vpdf/uploadFile/weatherCities/20170606/2/doc/【经典】上海   中考物理模拟卷及答案_1496678400.doc" "D:/xampp/htdocs/v78/vpdf/uploadFile/currentfile/20170606/2/pdf/【经典】上海   中考物理模拟卷及答案_1496678400.pdf" GMreader_OPV
2017-06-06T19:56:21+08:00	conversion: "D:/xampp/htdocs/v78/vpdf/conversion/opv.exe" "D:/xampp/htdocs/v78/vpdf/uploadFile/weatherCities/20170606/2/doc/1二次  函数――面积-中考数学压轴专项训练-每天练_1496678400.doc" "D:/xampp/htdocs/v78/vpdf/uploadFile/currentfile/20170606/2/pdf/1二次  函数――面积-中考数学压轴专项训练-每天练_1496678400.pdf" GMreader_OPV
2017-06-06T21:22:12+08:00	conversion: "D:/xampp/htdocs/v78/vpdf/conversion/opv.exe" "D:/xampp/htdocs/v78/vpdf/uploadFile/weatherCities/20170606/2/doc/室内健身室设计、报价方案_1496678400.doc" "D:/xampp/htdocs/v78/vpdf/uploadFile/currentfile/20170606/2/pdf/室内健身室设计、报价方案_1496678400.pdf" GMreader_OPV
2017-06-06T21:23:17+08:00	conversion: "D:/xampp/htdocs/v78/vpdf/conversion/opv.exe" "D:/xampp/htdocs/v78/vpdf/uploadFile/weatherCities/20170606/2/doc/室内健身室设计、报价方案_1496678400.doc" "D:/xampp/htdocs/v78/vpdf/uploadFile/currentfile/20170606/2/pdf/室内健身室设计、报价方案_1496678400.pdf" GMreader_OPV
2017-06-06T21:24:59+08:00	conversion: "D:/xampp/htdocs/v78/vpdf/conversion/opv.exe" "D:/xampp/htdocs/v78/vpdf/uploadFile/weatherCities/20170606/2/xls/2010年度南京材料价格_1496678400.xls" "D:/xampp/htdocs/v78/vpdf/uploadFile/currentfile/20170606/2/pdf/2010年度南京材料价格_1496678400.pdf" GMreader_OPV
2017-06-06T21:28:52+08:00	conversion: "D:/xampp/htdocs/v78/vpdf/conversion/opv.exe" "D:/xampp/htdocs/v78/vpdf/uploadFile/weatherCities/20170606/2/doc/1二次  函数――面积-中考数学压轴专项训练-每天练_1496678400.doc" "D:/xampp/htdocs/v78/vpdf/uploadFile/currentfile/20170606/2/pdf/1二次  函数――面积-中考数学压轴专项训练-每天练_1496678400.pdf" GMreader_OPV
2017-06-06T21:28:57+08:00	conversion: "D:/xampp/htdocs/v78/vpdf/conversion/opv.exe" "D:/xampp/htdocs/v78/vpdf/uploadFile/weatherCities/20170606/2/doc/【经典】上海   中考物理模拟卷及答案_1496678400.doc" "D:/xampp/htdocs/v78/vpdf/uploadFile/currentfile/20170606/2/pdf/【经典】上海   中考物理模拟卷及答案_1496678400.pdf" GMreader_OPV
2017-06-06T21:29:08+08:00	conversion: "D:/xampp/htdocs/v78/vpdf/conversion/opv.exe" "D:/xampp/htdocs/v78/vpdf/uploadFile/weatherCities/20170606/2/xlsx/ceshi_1496678400.xlsx" "D:/xampp/htdocs/v78/vpdf/uploadFile/currentfile/20170606/2/pdf/ceshi_1496678400.pdf" GMreader_OPV
2017-06-06T21:29:11+08:00	conversion: "D:/xampp/htdocs/v78/vpdf/conversion/opv.exe" "D:/xampp/htdocs/v78/vpdf/uploadFile/weatherCities/20170606/2/xlsx/(汪健)月度任务考核_1496678400.xlsx" "D:/xampp/htdocs/v78/vpdf/uploadFile/currentfile/20170606/2/pdf/(汪健)月度任务考核_1496678400.pdf" GMreader_OPV
2017-06-06T21:30:54+08:00	conversion: "D:/xampp/htdocs/v78/vpdf/conversion/opv.exe" "D:/xampp/htdocs/v78/vpdf/uploadFile/weatherCities/20170606/2/doc/1二次  函数――面积-中考数学压轴专项训练-每天练_1496678400.doc" "D:/xampp/htdocs/v78/vpdf/uploadFile/currentfile/20170606/2/pdf/1二次  函数――面积-中考数学压轴专项训练-每天练_1496678400.pdf" GMreader_OPV
2017-06-06T21:30:58+08:00	conversion: "D:/xampp/htdocs/v78/vpdf/conversion/opv.exe" "D:/xampp/htdocs/v78/vpdf/uploadFile/weatherCities/20170606/2/doc/【经典】上海   中考物理模拟卷及答案_1496678400.doc" "D:/xampp/htdocs/v78/vpdf/uploadFile/currentfile/20170606/2/pdf/【经典】上海   中考物理模拟卷及答案_1496678400.pdf" GMreader_OPV
2017-06-06T21:31:09+08:00	conversion: "D:/xampp/htdocs/v78/vpdf/conversion/opv.exe" "D:/xampp/htdocs/v78/vpdf/uploadFile/weatherCities/20170606/2/xlsx/ceshi_1496678400.xlsx" "D:/xampp/htdocs/v78/vpdf/uploadFile/currentfile/20170606/2/pdf/ceshi_1496678400.pdf" GMreader_OPV
2017-06-06T21:31:13+08:00	conversion: "D:/xampp/htdocs/v78/vpdf/conversion/opv.exe" "D:/xampp/htdocs/v78/vpdf/uploadFile/weatherCities/20170606/2/xlsx/(汪健)月度任务考核_1496678400.xlsx" "D:/xampp/htdocs/v78/vpdf/uploadFile/currentfile/20170606/2/pdf/(汪健)月度任务考核_1496678400.pdf" GMreader_OPV
2017-06-06T21:35:11+08:00	conversion: "D:/xampp/htdocs/v78/vpdf/conversion/opv.exe" "D:/xampp/htdocs/v78/vpdf/uploadFile/weatherCities/20170606/2/doc/1二次  函数――面积-中考数学压轴专项训练-每天练_1496678400.doc" "D:/xampp/htdocs/v78/vpdf/uploadFile/currentfile/20170606/2/pdf/1二次  函数――面积-中考数学压轴专项训练-每天练_1496678400.pdf" GMreader_OPV
2017-06-06T21:35:16+08:00	conversion: "D:/xampp/htdocs/v78/vpdf/conversion/opv.exe" "D:/xampp/htdocs/v78/vpdf/uploadFile/weatherCities/20170606/2/doc/【经典】上海   中考物理模拟卷及答案_1496678400.doc" "D:/xampp/htdocs/v78/vpdf/uploadFile/currentfile/20170606/2/pdf/【经典】上海   中考物理模拟卷及答案_1496678400.pdf" GMreader_OPV
2017-06-06T21:35:27+08:00	conversion: "D:/xampp/htdocs/v78/vpdf/conversion/opv.exe" "D:/xampp/htdocs/v78/vpdf/uploadFile/weatherCities/20170606/2/xlsx/ceshi_1496678400.xlsx" "D:/xampp/htdocs/v78/vpdf/uploadFile/currentfile/20170606/2/pdf/ceshi_1496678400.pdf" GMreader_OPV
2017-06-06T21:35:30+08:00	conversion: "D:/xampp/htdocs/v78/vpdf/conversion/opv.exe" "D:/xampp/htdocs/v78/vpdf/uploadFile/weatherCities/20170606/2/xlsx/(汪健)月度任务考核_1496678400.xlsx" "D:/xampp/htdocs/v78/vpdf/uploadFile/currentfile/20170606/2/pdf/(汪健)月度任务考核_1496678400.pdf" GMreader_OPV
2017-06-06T21:35:34+08:00	conversion: "D:/xampp/htdocs/v78/vpdf/conversion/opv.exe" "D:/xampp/htdocs/v78/vpdf/uploadFile/weatherCities/20170606/2/doc/1二次  函数――面积-中考数学压轴专项训练-每天练_1496678400.doc" "D:/xampp/htdocs/v78/vpdf/uploadFile/currentfile/20170606/2/pdf/1二次  函数――面积-中考数学压轴专项训练-每天练_1496678400.pdf" GMreader_OPV
2017-06-06T21:35:37+08:00	conversion: "D:/xampp/htdocs/v78/vpdf/conversion/opv.exe" "D:/xampp/htdocs/v78/vpdf/uploadFile/weatherCities/20170606/2/doc/【经典】上海   中考物理模拟卷及答案_1496678400.doc" "D:/xampp/htdocs/v78/vpdf/uploadFile/currentfile/20170606/2/pdf/【经典】上海   中考物理模拟卷及答案_1496678400.pdf" GMreader_OPV
2017-06-06T21:35:48+08:00	conversion: "D:/xampp/htdocs/v78/vpdf/conversion/opv.exe" "D:/xampp/htdocs/v78/vpdf/uploadFile/weatherCities/20170606/2/xlsx/ceshi_1496678400.xlsx" "D:/xampp/htdocs/v78/vpdf/uploadFile/currentfile/20170606/2/pdf/ceshi_1496678400.pdf" GMreader_OPV
2017-06-06T21:35:52+08:00	conversion: "D:/xampp/htdocs/v78/vpdf/conversion/opv.exe" "D:/xampp/htdocs/v78/vpdf/uploadFile/weatherCities/20170606/2/xlsx/(汪健)月度任务考核_1496678400.xlsx" "D:/xampp/htdocs/v78/vpdf/uploadFile/currentfile/20170606/2/pdf/(汪健)月度任务考核_1496678400.pdf" GMreader_OPV
2017-06-06T21:35:54+08:00	conversion: "D:/xampp/htdocs/v78/vpdf/conversion/opv.exe" "D:/xampp/htdocs/v78/vpdf/uploadFile/weatherCities/20170606/2/doc/1二次  函数――面积-中考数学压轴专项训练-每天练_1496678400.doc" "D:/xampp/htdocs/v78/vpdf/uploadFile/currentfile/20170606/2/pdf/1二次  函数――面积-中考数学压轴专项训练-每天练_1496678400.pdf" GMreader_OPV
2017-06-06T21:35:58+08:00	conversion: "D:/xampp/htdocs/v78/vpdf/conversion/opv.exe" "D:/xampp/htdocs/v78/vpdf/uploadFile/weatherCities/20170606/2/doc/【经典】上海   中考物理模拟卷及答案_1496678400.doc" "D:/xampp/htdocs/v78/vpdf/uploadFile/currentfile/20170606/2/pdf/【经典】上海   中考物理模拟卷及答案_1496678400.pdf" GMreader_OPV
2017-06-06T21:36:09+08:00	conversion: "D:/xampp/htdocs/v78/vpdf/conversion/opv.exe" "D:/xampp/htdocs/v78/vpdf/uploadFile/weatherCities/20170606/2/xlsx/ceshi_1496678400.xlsx" "D:/xampp/htdocs/v78/vpdf/uploadFile/currentfile/20170606/2/pdf/ceshi_1496678400.pdf" GMreader_OPV
2017-06-06T21:36:12+08:00	conversion: "D:/xampp/htdocs/v78/vpdf/conversion/opv.exe" "D:/xampp/htdocs/v78/vpdf/uploadFile/weatherCities/20170606/2/xlsx/(汪健)月度任务考核_1496678400.xlsx" "D:/xampp/htdocs/v78/vpdf/uploadFile/currentfile/20170606/2/pdf/(汪健)月度任务考核_1496678400.pdf" GMreader_OPV
2017-06-06T21:47:25+08:00	conversion: "D:/xampp/htdocs/v78/vpdf/conversion/opv.exe" "D:/xampp/htdocs/v78/vpdf/uploadFile/weatherCities/20170606/2/pptx/第四部分 写作 (1)_1496678400.pptx" "D:/xampp/htdocs/v78/vpdf/uploadFile/currentfile/20170606/2/pdf/第四部分 写作 (1)_1496678400.pdf" GMreader_OPV
2017-06-06T21:49:41+08:00	conversion: "D:/xampp/htdocs/v78/vpdf/conversion/opv.exe" "D:/xampp/htdocs/v78/vpdf/uploadFile/weatherCities/20170606/2/pptx/第四部分 写作 (1)_1496678400.pptx" "D:/xampp/htdocs/v78/vpdf/uploadFile/currentfile/20170606/2/pdf/第四部分 写作 (1)_1496678400.pdf" GMreader_OPV
2017-06-08T10:06:40+08:00	conversion: "D:/xampp/htdocs/v78/vpdf/conversion/opv.exe" "D:/xampp/htdocs/v78/vpdf/uploadFile/weatherCities/20170608/2/doc/室内健身室设计、报价方案_1496851200.doc" "D:/xampp/htdocs/v78/vpdf/uploadFile/currentfile/20170608/2/pdf/室内健身室设计、报价方案_1496851200.pdf" GMreader_OPV
2017-06-08T10:09:05+08:00	conversion: "D:/xampp/htdocs/v78/vpdf/conversion/opv.exe" "D:/xampp/htdocs/v78/vpdf/uploadFile/weatherCities/20170608/2/xlsx/ceshi_1496851200.xlsx" "D:/xampp/htdocs/v78/vpdf/uploadFile/currentfile/20170608/2/pdf/ceshi_1496851200.pdf" GMreader_OPV
2017-06-08T10:14:47+08:00	conversion: "D:/xampp/htdocs/v78/vpdf/conversion/opv.exe" "D:/xampp/htdocs/v78/vpdf/uploadFile/weatherCities/20170608/2/xlsx/ceshi_1496851200.xlsx" "D:/xampp/htdocs/v78/vpdf/uploadFile/currentfile/20170608/2/pdf/ceshi_1496851200.pdf" GMreader_OPV
2017-06-08T14:26:48+08:00	conversion: "D:/xampp/htdocs/v78/vpdf/conversion/opv.exe" "D:/xampp/htdocs/v78/vpdf/uploadFile/weatherCities/20170608/2/xlsx/(汪健)月度任务考核_1496851200.xlsx" "D:/xampp/htdocs/v78/vpdf/uploadFile/currentfile/20170608/2/pdf/(汪健)月度任务考核_1496851200.pdf" GMreader_OPV
2017-06-08T14:39:48+08:00	conversion: "D:/xampp/htdocs/v78/vpdf/conversion/opv.exe" "D:/xampp/htdocs/v78/vpdf/uploadFile/weatherCities/20170608/2/pptx/第四部分 写作 (1)_1496851200.pptx" "D:/xampp/htdocs/v78/vpdf/uploadFile/currentfile/20170608/2/pdf/第四部分 写作 (1)_1496851200.pdf" GMreader_OPV
2017-06-08T14:39:51+08:00	conversion: "D:/xampp/htdocs/v78/vpdf/conversion/opv.exe" "D:/xampp/htdocs/v78/vpdf/uploadFile/weatherCities/20170608/2/doc/新疆各地车牌字母_1496851200.doc" "D:/xampp/htdocs/v78/vpdf/uploadFile/currentfile/20170608/2/pdf/新疆各地车牌字母_1496851200.pdf" GMreader_OPV
2017-06-08T14:39:57+08:00	conversion: "D:/xampp/htdocs/v78/vpdf/conversion/opv.exe" "D:/xampp/htdocs/v78/vpdf/uploadFile/weatherCities/20170608/2/doc/解密世界百年空战_1496851200.doc" "D:/xampp/htdocs/v78/vpdf/uploadFile/currentfile/20170608/2/pdf/解密世界百年空战_1496851200.pdf" GMreader_OPV
2017-06-08T14:40:02+08:00	conversion: "D:/xampp/htdocs/v78/vpdf/conversion/opv.exe" "D:/xampp/htdocs/v78/vpdf/uploadFile/weatherCities/20170608/2/doc/沪科版八年级物理教案--来自地球的力_1496851200.doc" "D:/xampp/htdocs/v78/vpdf/uploadFile/currentfile/20170608/2/pdf/沪科版八年级物理教案--来自地球的力_1496851200.pdf" GMreader_OPV
2017-06-08T14:40:12+08:00	conversion: "D:/xampp/htdocs/v78/vpdf/conversion/opv.exe" "D:/xampp/htdocs/v78/vpdf/uploadFile/weatherCities/20170608/2/doc/现代地毯的起源和发展_1496851200.doc" "D:/xampp/htdocs/v78/vpdf/uploadFile/currentfile/20170608/2/pdf/现代地毯的起源和发展_1496851200.pdf" GMreader_OPV
2017-06-08T14:40:51+08:00	conversion: "D:/xampp/htdocs/v78/vpdf/conversion/opv.exe" "D:/xampp/htdocs/v78/vpdf/uploadFile/weatherCities/20170608/2/doc/Bcl1_1496851200.doc" "D:/xampp/htdocs/v78/vpdf/uploadFile/currentfile/20170608/2/pdf/Bcl1_1496851200.pdf" GMreader_OPV
2017-06-08T14:40:55+08:00	conversion: "D:/xampp/htdocs/v78/vpdf/conversion/opv.exe" "D:/xampp/htdocs/v78/vpdf/uploadFile/weatherCities/20170608/2/doc/浅谈如何做好思想政治工作_1496851200.doc" "D:/xampp/htdocs/v78/vpdf/uploadFile/currentfile/20170608/2/pdf/浅谈如何做好思想政治工作_1496851200.pdf" GMreader_OPV
2017-06-08T14:40:59+08:00	conversion: "D:/xampp/htdocs/v78/vpdf/conversion/opv.exe" "D:/xampp/htdocs/v78/vpdf/uploadFile/weatherCities/20170608/2/doc/第四节-国际生物气象学协会和世界气象组织简介_1496851200.doc" "D:/xampp/htdocs/v78/vpdf/uploadFile/currentfile/20170608/2/pdf/第四节-国际生物气象学协会和世界气象组织简介_1496851200.pdf" GMreader_OPV
2017-06-08T14:43:26+08:00	conversion: "D:/xampp/htdocs/v78/vpdf/conversion/opv.exe" "D:/xampp/htdocs/v78/vpdf/uploadFile/weatherCities/20170608/2/doc/浅谈如何做好思想政治工作_1496851200.doc" "D:/xampp/htdocs/v78/vpdf/uploadFile/currentfile/20170608/2/pdf/浅谈如何做好思想政治工作_1496851200.pdf" GMreader_OPV
2017-06-08T14:43:30+08:00	conversion: "D:/xampp/htdocs/v78/vpdf/conversion/opv.exe" "D:/xampp/htdocs/v78/vpdf/uploadFile/weatherCities/20170608/2/doc/第四节-国际生物气象学协会和世界气象组织简介_1496851200.doc" "D:/xampp/htdocs/v78/vpdf/uploadFile/currentfile/20170608/2/pdf/第四节-国际生物气象学协会和世界气象组织简介_1496851200.pdf" GMreader_OPV
2017-06-08T14:43:33+08:00	conversion: "D:/xampp/htdocs/v78/vpdf/conversion/opv.exe" "D:/xampp/htdocs/v78/vpdf/uploadFile/weatherCities/20170608/2/doc/新疆各地车牌字母_1496851200.doc" "D:/xampp/htdocs/v78/vpdf/uploadFile/currentfile/20170608/2/pdf/新疆各地车牌字母_1496851200.pdf" GMreader_OPV
2017-06-08T14:43:37+08:00	conversion: "D:/xampp/htdocs/v78/vpdf/conversion/opv.exe" "D:/xampp/htdocs/v78/vpdf/uploadFile/weatherCities/20170608/2/doc/解密世界百年空战_1496851200.doc" "D:/xampp/htdocs/v78/vpdf/uploadFile/currentfile/20170608/2/pdf/解密世界百年空战_1496851200.pdf" GMreader_OPV
2017-06-08T14:43:40+08:00	conversion: "D:/xampp/htdocs/v78/vpdf/conversion/opv.exe" "D:/xampp/htdocs/v78/vpdf/uploadFile/weatherCities/20170608/2/doc/沪科版八年级物理教案--来自地球的力_1496851200.doc" "D:/xampp/htdocs/v78/vpdf/uploadFile/currentfile/20170608/2/pdf/沪科版八年级物理教案--来自地球的力_1496851200.pdf" GMreader_OPV
2017-06-08T14:43:45+08:00	conversion: "D:/xampp/htdocs/v78/vpdf/conversion/opv.exe" "D:/xampp/htdocs/v78/vpdf/uploadFile/weatherCities/20170608/2/doc/现代地毯的起源和发展_1496851200.doc" "D:/xampp/htdocs/v78/vpdf/uploadFile/currentfile/20170608/2/pdf/现代地毯的起源和发展_1496851200.pdf" GMreader_OPV
2017-06-08T14:43:48+08:00	conversion: "D:/xampp/htdocs/v78/vpdf/conversion/opv.exe" "D:/xampp/htdocs/v78/vpdf/uploadFile/weatherCities/20170608/2/doc/Bcl1_1496851200.doc" "D:/xampp/htdocs/v78/vpdf/uploadFile/currentfile/20170608/2/pdf/Bcl1_1496851200.pdf" GMreader_OPV
2017-06-08T14:46:26+08:00	conversion: "D:/xampp/htdocs/v78/vpdf/conversion/opv.exe" "D:/xampp/htdocs/v78/vpdf/uploadFile/weatherCities/20170608/2/doc/新疆各地车牌字母_1496851200.doc" "D:/xampp/htdocs/v78/vpdf/uploadFile/currentfile/20170608/2/pdf/新疆各地车牌字母_1496851200.pdf" GMreader_OPV
2017-06-08T14:46:30+08:00	conversion: "D:/xampp/htdocs/v78/vpdf/conversion/opv.exe" "D:/xampp/htdocs/v78/vpdf/uploadFile/weatherCities/20170608/2/doc/解密世界百年空战_1496851200.doc" "D:/xampp/htdocs/v78/vpdf/uploadFile/currentfile/20170608/2/pdf/解密世界百年空战_1496851200.pdf" GMreader_OPV
2017-06-08T14:46:33+08:00	conversion: "D:/xampp/htdocs/v78/vpdf/conversion/opv.exe" "D:/xampp/htdocs/v78/vpdf/uploadFile/weatherCities/20170608/2/doc/沪科版八年级物理教案--来自地球的力_1496851200.doc" "D:/xampp/htdocs/v78/vpdf/uploadFile/currentfile/20170608/2/pdf/沪科版八年级物理教案--来自地球的力_1496851200.pdf" GMreader_OPV
2017-06-08T14:46:36+08:00	conversion: "D:/xampp/htdocs/v78/vpdf/conversion/opv.exe" "D:/xampp/htdocs/v78/vpdf/uploadFile/weatherCities/20170608/2/doc/现代地毯的起源和发展_1496851200.doc" "D:/xampp/htdocs/v78/vpdf/uploadFile/currentfile/20170608/2/pdf/现代地毯的起源和发展_1496851200.pdf" GMreader_OPV
2017-06-08T14:46:39+08:00	conversion: "D:/xampp/htdocs/v78/vpdf/conversion/opv.exe" "D:/xampp/htdocs/v78/vpdf/uploadFile/weatherCities/20170608/2/doc/Bcl1_1496851200.doc" "D:/xampp/htdocs/v78/vpdf/uploadFile/currentfile/20170608/2/pdf/Bcl1_1496851200.pdf" GMreader_OPV
2017-06-08T14:46:42+08:00	conversion: "D:/xampp/htdocs/v78/vpdf/conversion/opv.exe" "D:/xampp/htdocs/v78/vpdf/uploadFile/weatherCities/20170608/2/doc/浅谈如何做好思想政治工作_1496851200.doc" "D:/xampp/htdocs/v78/vpdf/uploadFile/currentfile/20170608/2/pdf/浅谈如何做好思想政治工作_1496851200.pdf" GMreader_OPV
2017-06-08T14:46:45+08:00	conversion: "D:/xampp/htdocs/v78/vpdf/conversion/opv.exe" "D:/xampp/htdocs/v78/vpdf/uploadFile/weatherCities/20170608/2/doc/第四节-国际生物气象学协会和世界气象组织简介_1496851200.doc" "D:/xampp/htdocs/v78/vpdf/uploadFile/currentfile/20170608/2/pdf/第四节-国际生物气象学协会和世界气象组织简介_1496851200.pdf" GMreader_OPV
2017-06-08T14:51:20+08:00	conversion: "D:/xampp/htdocs/v78/vpdf/conversion/opv.exe" "D:/xampp/htdocs/v78/vpdf/uploadFile/weatherCities/20170608/2/doc/Bcl1_1496851200.doc" "D:/xampp/htdocs/v78/vpdf/uploadFile/currentfile/20170608/2/pdf/Bcl1_1496851200.pdf" GMreader_OPV
2017-06-08T14:51:23+08:00	conversion: "D:/xampp/htdocs/v78/vpdf/conversion/opv.exe" "D:/xampp/htdocs/v78/vpdf/uploadFile/weatherCities/20170608/2/doc/浅谈如何做好思想政治工作_1496851200.doc" "D:/xampp/htdocs/v78/vpdf/uploadFile/currentfile/20170608/2/pdf/浅谈如何做好思想政治工作_1496851200.pdf" GMreader_OPV
2017-06-08T14:51:26+08:00	conversion: "D:/xampp/htdocs/v78/vpdf/conversion/opv.exe" "D:/xampp/htdocs/v78/vpdf/uploadFile/weatherCities/20170608/2/doc/第四节-国际生物气象学协会和世界气象组织简介_1496851200.doc" "D:/xampp/htdocs/v78/vpdf/uploadFile/currentfile/20170608/2/pdf/第四节-国际生物气象学协会和世界气象组织简介_1496851200.pdf" GMreader_OPV
2017-06-08T14:51:30+08:00	conversion: "D:/xampp/htdocs/v78/vpdf/conversion/opv.exe" "D:/xampp/htdocs/v78/vpdf/uploadFile/weatherCities/20170608/2/doc/新疆各地车牌字母_1496851200.doc" "D:/xampp/htdocs/v78/vpdf/uploadFile/currentfile/20170608/2/pdf/新疆各地车牌字母_1496851200.pdf" GMreader_OPV
2017-06-08T14:51:33+08:00	conversion: "D:/xampp/htdocs/v78/vpdf/conversion/opv.exe" "D:/xampp/htdocs/v78/vpdf/uploadFile/weatherCities/20170608/2/doc/解密世界百年空战_1496851200.doc" "D:/xampp/htdocs/v78/vpdf/uploadFile/currentfile/20170608/2/pdf/解密世界百年空战_1496851200.pdf" GMreader_OPV
2017-06-08T14:51:36+08:00	conversion: "D:/xampp/htdocs/v78/vpdf/conversion/opv.exe" "D:/xampp/htdocs/v78/vpdf/uploadFile/weatherCities/20170608/2/doc/沪科版八年级物理教案--来自地球的力_1496851200.doc" "D:/xampp/htdocs/v78/vpdf/uploadFile/currentfile/20170608/2/pdf/沪科版八年级物理教案--来自地球的力_1496851200.pdf" GMreader_OPV
2017-06-08T14:51:38+08:00	conversion: "D:/xampp/htdocs/v78/vpdf/conversion/opv.exe" "D:/xampp/htdocs/v78/vpdf/uploadFile/weatherCities/20170608/2/doc/现代地毯的起源和发展_1496851200.doc" "D:/xampp/htdocs/v78/vpdf/uploadFile/currentfile/20170608/2/pdf/现代地毯的起源和发展_1496851200.pdf" GMreader_OPV
2017-06-08T14:51:41+08:00	conversion: "D:/xampp/htdocs/v78/vpdf/conversion/opv.exe" "D:/xampp/htdocs/v78/vpdf/uploadFile/weatherCities/20170608/2/doc/Bcl1_1496851200.doc" "D:/xampp/htdocs/v78/vpdf/uploadFile/currentfile/20170608/2/pdf/Bcl1_1496851200.pdf" GMreader_OPV
2017-06-08T14:51:46+08:00	conversion: "D:/xampp/htdocs/v78/vpdf/conversion/opv.exe" "D:/xampp/htdocs/v78/vpdf/uploadFile/weatherCities/20170608/2/doc/浅谈如何做好思想政治工作_1496851200.doc" "D:/xampp/htdocs/v78/vpdf/uploadFile/currentfile/20170608/2/pdf/浅谈如何做好思想政治工作_1496851200.pdf" GMreader_OPV
2017-06-08T14:51:49+08:00	conversion: "D:/xampp/htdocs/v78/vpdf/conversion/opv.exe" "D:/xampp/htdocs/v78/vpdf/uploadFile/weatherCities/20170608/2/doc/第四节-国际生物气象学协会和世界气象组织简介_1496851200.doc" "D:/xampp/htdocs/v78/vpdf/uploadFile/currentfile/20170608/2/pdf/第四节-国际生物气象学协会和世界气象组织简介_1496851200.pdf" GMreader_OPV
2017-06-08T14:52:01+08:00	conversion: "D:/xampp/htdocs/v78/vpdf/conversion/opv.exe" "D:/xampp/htdocs/v78/vpdf/uploadFile/weatherCities/20170608/2/doc/新疆各地车牌字母_1496851200.doc" "D:/xampp/htdocs/v78/vpdf/uploadFile/currentfile/20170608/2/pdf/新疆各地车牌字母_1496851200.pdf" GMreader_OPV
2017-06-08T14:52:03+08:00	conversion: "D:/xampp/htdocs/v78/vpdf/conversion/opv.exe" "D:/xampp/htdocs/v78/vpdf/uploadFile/weatherCities/20170608/2/doc/解密世界百年空战_1496851200.doc" "D:/xampp/htdocs/v78/vpdf/uploadFile/currentfile/20170608/2/pdf/解密世界百年空战_1496851200.pdf" GMreader_OPV
2017-06-08T14:52:07+08:00	conversion: "D:/xampp/htdocs/v78/vpdf/conversion/opv.exe" "D:/xampp/htdocs/v78/vpdf/uploadFile/weatherCities/20170608/2/doc/沪科版八年级物理教案--来自地球的力_1496851200.doc" "D:/xampp/htdocs/v78/vpdf/uploadFile/currentfile/20170608/2/pdf/沪科版八年级物理教案--来自地球的力_1496851200.pdf" GMreader_OPV
2017-06-08T14:52:10+08:00	conversion: "D:/xampp/htdocs/v78/vpdf/conversion/opv.exe" "D:/xampp/htdocs/v78/vpdf/uploadFile/weatherCities/20170608/2/doc/现代地毯的起源和发展_1496851200.doc" "D:/xampp/htdocs/v78/vpdf/uploadFile/currentfile/20170608/2/pdf/现代地毯的起源和发展_1496851200.pdf" GMreader_OPV
2017-06-08T16:12:37+08:00	conversion: "D:/xampp/htdocs/v78/vpdf/conversion/opv.exe" "D:/xampp/htdocs/v78/vpdf/uploadFile/weatherCities/20170608/2/doc/沪科版八年级物理教案--来自地球的力_1496851200.doc" "D:/xampp/htdocs/v78/vpdf/uploadFile/currentfile/20170608/2/pdf/沪科版八年级物理教案--来自地球的力_1496851200.pdf" GMreader_OPV
2017-06-08T16:12:46+08:00	conversion: "D:/xampp/htdocs/v78/vpdf/conversion/opv.exe" "D:/xampp/htdocs/v78/vpdf/uploadFile/weatherCities/20170608/2/doc/现代地毯的起源和发展_1496851200.doc" "D:/xampp/htdocs/v78/vpdf/uploadFile/currentfile/20170608/2/pdf/现代地毯的起源和发展_1496851200.pdf" GMreader_OPV
2017-06-08T16:12:53+08:00	conversion: "D:/xampp/htdocs/v78/vpdf/conversion/opv.exe" "D:/xampp/htdocs/v78/vpdf/uploadFile/weatherCities/20170608/2/doc/Bcl1_1496851200.doc" "D:/xampp/htdocs/v78/vpdf/uploadFile/currentfile/20170608/2/pdf/Bcl1_1496851200.pdf" GMreader_OPV
2017-06-08T16:12:57+08:00	conversion: "D:/xampp/htdocs/v78/vpdf/conversion/opv.exe" "D:/xampp/htdocs/v78/vpdf/uploadFile/weatherCities/20170608/2/doc/浅谈如何做好思想政治工作_1496851200.doc" "D:/xampp/htdocs/v78/vpdf/uploadFile/currentfile/20170608/2/pdf/浅谈如何做好思想政治工作_1496851200.pdf" GMreader_OPV
2017-06-08T16:13:04+08:00	conversion: "D:/xampp/htdocs/v78/vpdf/conversion/opv.exe" "D:/xampp/htdocs/v78/vpdf/uploadFile/weatherCities/20170608/2/doc/第四节-国际生物气象学协会和世界气象组织简介_1496851200.doc" "D:/xampp/htdocs/v78/vpdf/uploadFile/currentfile/20170608/2/pdf/第四节-国际生物气象学协会和世界气象组织简介_1496851200.pdf" GMreader_OPV
2017-06-08T16:13:09+08:00	conversion: "D:/xampp/htdocs/v78/vpdf/conversion/opv.exe" "D:/xampp/htdocs/v78/vpdf/uploadFile/weatherCities/20170608/2/doc/新疆各地车牌字母_1496851200.doc" "D:/xampp/htdocs/v78/vpdf/uploadFile/currentfile/20170608/2/pdf/新疆各地车牌字母_1496851200.pdf" GMreader_OPV
2017-06-08T16:13:17+08:00	conversion: "D:/xampp/htdocs/v78/vpdf/conversion/opv.exe" "D:/xampp/htdocs/v78/vpdf/uploadFile/weatherCities/20170608/2/doc/解密世界百年空战_1496851200.doc" "D:/xampp/htdocs/v78/vpdf/uploadFile/currentfile/20170608/2/pdf/解密世界百年空战_1496851200.pdf" GMreader_OPV
2017-06-08T16:13:24+08:00	conversion: "D:/xampp/htdocs/v78/vpdf/conversion/opv.exe" "D:/xampp/htdocs/v78/vpdf/uploadFile/weatherCities/20170608/2/doc/沪科版八年级物理教案--来自地球的力_1496851200.doc" "D:/xampp/htdocs/v78/vpdf/uploadFile/currentfile/20170608/2/pdf/沪科版八年级物理教案--来自地球的力_1496851200.pdf" GMreader_OPV
2017-06-08T16:18:01+08:00	conversion: "D:/xampp/htdocs/v78/vpdf/conversion/opv.exe" "D:/xampp/htdocs/v78/vpdf/uploadFile/weatherCities/20170608/2/doc/【经典】上海   中考物理模拟卷及答案_1496851200.doc" "D:/xampp/htdocs/v78/vpdf/uploadFile/currentfile/20170608/2/pdf/【经典】上海   中考物理模拟卷及答案_1496851200.pdf" GMreader_OPV
2017-06-08T18:19:52+08:00	conversion: "D:/xampp/htdocs/v78/vpdf/conversion/opv.exe" "D:/xampp/htdocs/v78/vpdf/uploadFile/weatherCities/20170608/2/doc/1二次  函数――面积-中考数学压轴专项训练-每天练_1496851200.doc" "D:/xampp/htdocs/v78/vpdf/uploadFile/currentfile/20170608/2/pdf/1二次  函数――面积-中考数学压轴专项训练-每天练_1496851200.pdf" GMreader_OPV
2017-06-09T10:17:11+08:00	conversion: "D:/xampp/htdocs/v78/vpdf/conversion/opv.exe" "D:/xampp/htdocs/v78/vpdf/uploadFile/weatherCities/20170609/2/doc/【经典】上海   中考物理模拟卷及答案_1496937600.doc" "D:/xampp/htdocs/v78/vpdf/uploadFile/currentfile/20170609/2/pdf/【经典】上海   中考物理模拟卷及答案_1496937600.pdf" GMreader_OPV
2017-06-09T10:17:17+08:00	conversion: "D:/xampp/htdocs/v78/vpdf/conversion/opv.exe" "D:/xampp/htdocs/v78/vpdf/uploadFile/weatherCities/20170609/2/doc/1二次  函数――面积-中考数学压轴专项训练-每天练_1496937600.doc" "D:/xampp/htdocs/v78/vpdf/uploadFile/currentfile/20170609/2/pdf/1二次  函数――面积-中考数学压轴专项训练-每天练_1496937600.pdf" GMreader_OPV
2017-06-09T10:44:11+08:00	conversion: "D:/xampp/htdocs/v78/vpdf/conversion/opv.exe" "D:/xampp/htdocs/v78/vpdf/uploadFile/weatherCities/20170609/2/doc/1二次  函数――面积-中考数学压轴专项训练-每天练_1496937600.doc" "D:/xampp/htdocs/v78/vpdf/uploadFile/currentfile/20170609/2/pdf/1二次  函数――面积-中考数学压轴专项训练-每天练_1496937600.pdf" GMreader_OPV
2017-06-09T10:44:20+08:00	conversion: "D:/xampp/htdocs/v78/vpdf/conversion/opv.exe" "D:/xampp/htdocs/v78/vpdf/uploadFile/weatherCities/20170609/2/doc/【经典】上海   中考物理模拟卷及答案_1496937600.doc" "D:/xampp/htdocs/v78/vpdf/uploadFile/currentfile/20170609/2/pdf/【经典】上海   中考物理模拟卷及答案_1496937600.pdf" GMreader_OPV
2017-06-09T10:44:25+08:00	conversion: "D:/xampp/htdocs/v78/vpdf/conversion/opv.exe" "D:/xampp/htdocs/v78/vpdf/uploadFile/weatherCities/20170609/2/doc/1二次  函数――面积-中考数学压轴专项训练-每天练_1496937600.doc" "D:/xampp/htdocs/v78/vpdf/uploadFile/currentfile/20170609/2/pdf/1二次  函数――面积-中考数学压轴专项训练-每天练_1496937600.pdf" GMreader_OPV
2017-06-09T10:44:28+08:00	conversion: "D:/xampp/htdocs/v78/vpdf/conversion/opv.exe" "D:/xampp/htdocs/v78/vpdf/uploadFile/weatherCities/20170609/2/doc/【经典】上海   中考物理模拟卷及答案_1496937600.doc" "D:/xampp/htdocs/v78/vpdf/uploadFile/currentfile/20170609/2/pdf/【经典】上海   中考物理模拟卷及答案_1496937600.pdf" GMreader_OPV
2017-06-09T10:44:32+08:00	conversion: "D:/xampp/htdocs/v78/vpdf/conversion/opv.exe" "D:/xampp/htdocs/v78/vpdf/uploadFile/weatherCities/20170609/2/doc/1二次  函数――面积-中考数学压轴专项训练-每天练_1496937600.doc" "D:/xampp/htdocs/v78/vpdf/uploadFile/currentfile/20170609/2/pdf/1二次  函数――面积-中考数学压轴专项训练-每天练_1496937600.pdf" GMreader_OPV
2017-06-09T10:44:36+08:00	conversion: "D:/xampp/htdocs/v78/vpdf/conversion/opv.exe" "D:/xampp/htdocs/v78/vpdf/uploadFile/weatherCities/20170609/2/doc/【经典】上海   中考物理模拟卷及答案_1496937600.doc" "D:/xampp/htdocs/v78/vpdf/uploadFile/currentfile/20170609/2/pdf/【经典】上海   中考物理模拟卷及答案_1496937600.pdf" GMreader_OPV
2017-06-09T10:44:41+08:00	conversion: "D:/xampp/htdocs/v78/vpdf/conversion/opv.exe" "D:/xampp/htdocs/v78/vpdf/uploadFile/weatherCities/20170609/2/doc/1二次  函数――面积-中考数学压轴专项训练-每天练_1496937600.doc" "D:/xampp/htdocs/v78/vpdf/uploadFile/currentfile/20170609/2/pdf/1二次  函数――面积-中考数学压轴专项训练-每天练_1496937600.pdf" GMreader_OPV
2017-06-09T10:44:47+08:00	conversion: "D:/xampp/htdocs/v78/vpdf/conversion/opv.exe" "D:/xampp/htdocs/v78/vpdf/uploadFile/weatherCities/20170609/2/doc/【经典】上海   中考物理模拟卷及答案_1496937600.doc" "D:/xampp/htdocs/v78/vpdf/uploadFile/currentfile/20170609/2/pdf/【经典】上海   中考物理模拟卷及答案_1496937600.pdf" GMreader_OPV
2017-06-09T10:44:54+08:00	conversion: "D:/xampp/htdocs/v78/vpdf/conversion/opv.exe" "D:/xampp/htdocs/v78/vpdf/uploadFile/weatherCities/20170609/2/xlsx/ceshi_1496937600.xlsx" "D:/xampp/htdocs/v78/vpdf/uploadFile/currentfile/20170609/2/pdf/ceshi_1496937600.pdf" GMreader_OPV
2017-06-09T10:45:10+08:00	conversion: "D:/xampp/htdocs/v78/vpdf/conversion/opv.exe" "D:/xampp/htdocs/v78/vpdf/uploadFile/weatherCities/20170609/2/doc/1二次  函数――面积-中考数学压轴专项训练-每天练_1496937600.doc" "D:/xampp/htdocs/v78/vpdf/uploadFile/currentfile/20170609/2/pdf/1二次  函数――面积-中考数学压轴专项训练-每天练_1496937600.pdf" GMreader_OPV
2017-06-09T14:44:33+08:00	conversion: "D:/xampp/htdocs/v78/vpdf/conversion/opv.exe" "D:/xampp/htdocs/v78/vpdf/uploadFile/weatherCities/20170609//xlsx/ceshi_1496937600.xlsx" "D:/xampp/htdocs/v78/vpdf/uploadFile/currentfile/20170609//pdf/ceshi_1496937600.pdf" GMreader_OPV
2017-06-09T14:44:37+08:00	conversion: "D:/xampp/htdocs/v78/vpdf/conversion/opv.exe" "D:/xampp/htdocs/v78/vpdf/uploadFile/weatherCities/20170609//doc/【经典】上海   中考物理模拟卷及答案_1496937600.doc" "D:/xampp/htdocs/v78/vpdf/uploadFile/currentfile/20170609//pdf/【经典】上海   中考物理模拟卷及答案_1496937600.pdf" GMreader_OPV
2017-06-09T14:44:48+08:00	conversion: "D:/xampp/htdocs/v78/vpdf/conversion/opv.exe" "D:/xampp/htdocs/v78/vpdf/uploadFile/weatherCities/20170609//doc/1二次  函数――面积-中考数学压轴专项训练-每天练_1496937600.doc" "D:/xampp/htdocs/v78/vpdf/uploadFile/currentfile/20170609//pdf/1二次  函数――面积-中考数学压轴专项训练-每天练_1496937600.pdf" GMreader_OPV
2017-06-09T14:44:54+08:00	conversion: "D:/xampp/htdocs/v78/vpdf/conversion/opv.exe" "D:/xampp/htdocs/v78/vpdf/uploadFile/weatherCities/20170609//xlsx/ceshi_1496937600.xlsx" "D:/xampp/htdocs/v78/vpdf/uploadFile/currentfile/20170609//pdf/ceshi_1496937600.pdf" GMreader_OPV
2017-06-09T14:44:57+08:00	conversion: "D:/xampp/htdocs/v78/vpdf/conversion/opv.exe" "D:/xampp/htdocs/v78/vpdf/uploadFile/weatherCities/20170609//doc/【经典】上海   中考物理模拟卷及答案_1496937600.doc" "D:/xampp/htdocs/v78/vpdf/uploadFile/currentfile/20170609//pdf/【经典】上海   中考物理模拟卷及答案_1496937600.pdf" GMreader_OPV
2017-06-09T14:45:03+08:00	conversion: "D:/xampp/htdocs/v78/vpdf/conversion/opv.exe" "D:/xampp/htdocs/v78/vpdf/uploadFile/weatherCities/20170609//doc/1二次  函数――面积-中考数学压轴专项训练-每天练_1496937600.doc" "D:/xampp/htdocs/v78/vpdf/uploadFile/currentfile/20170609//pdf/1二次  函数――面积-中考数学压轴专项训练-每天练_1496937600.pdf" GMreader_OPV
2017-06-09T16:27:38+08:00	conversion: "D:/xampp/htdocs/v78/vpdf/conversion/opv.exe" "D:/xampp/htdocs/v78/vpdf/uploadFile/weatherCities/20170609/2/xlsx/ceshi_1496937600.xlsx" "D:/xampp/htdocs/v78/vpdf/uploadFile/currentfile/20170609/2/pdf/ceshi_1496937600.pdf" GMreader_OPV
2017-06-09T16:27:42+08:00	conversion: "D:/xampp/htdocs/v78/vpdf/conversion/opv.exe" "D:/xampp/htdocs/v78/vpdf/uploadFile/weatherCities/20170609/2/doc/【经典】上海   中考物理模拟卷及答案_1496937600.doc" "D:/xampp/htdocs/v78/vpdf/uploadFile/currentfile/20170609/2/pdf/【经典】上海   中考物理模拟卷及答案_1496937600.pdf" GMreader_OPV
2017-06-09T16:27:50+08:00	conversion: "D:/xampp/htdocs/v78/vpdf/conversion/opv.exe" "D:/xampp/htdocs/v78/vpdf/uploadFile/weatherCities/20170609/2/doc/1二次  函数――面积-中考数学压轴专项训练-每天练_1496937600.doc" "D:/xampp/htdocs/v78/vpdf/uploadFile/currentfile/20170609/2/pdf/1二次  函数――面积-中考数学压轴专项训练-每天练_1496937600.pdf" GMreader_OPV
2017-06-09T16:38:14+08:00	conversion: "D:/xampp/htdocs/v78/vpdf/conversion/opv.exe" "D:/xampp/htdocs/v78/vpdf/uploadFile/weatherCities/20170609/2/doc/【经典】上海   中考物理模拟卷及答案_1496937600.doc" "D:/xampp/htdocs/v78/vpdf/uploadFile/currentfile/20170609/2/pdf/【经典】上海   中考物理模拟卷及答案_1496937600.pdf" GMreader_OPV
2017-06-09T16:38:20+08:00	conversion: "D:/xampp/htdocs/v78/vpdf/conversion/opv.exe" "D:/xampp/htdocs/v78/vpdf/uploadFile/weatherCities/20170609/2/xlsx/(汪健)月度任务考核_1496937600.xlsx" "D:/xampp/htdocs/v78/vpdf/uploadFile/currentfile/20170609/2/pdf/(汪健)月度任务考核_1496937600.pdf" GMreader_OPV
2017-06-09T16:38:23+08:00	conversion: "D:/xampp/htdocs/v78/vpdf/conversion/opv.exe" "D:/xampp/htdocs/v78/vpdf/uploadFile/weatherCities/20170609/2/xlsx/ceshi_1496937600.xlsx" "D:/xampp/htdocs/v78/vpdf/uploadFile/currentfile/20170609/2/pdf/ceshi_1496937600.pdf" GMreader_OPV
2017-06-09T16:57:53+08:00	conversion: "D:/xampp/htdocs/v78/vpdf/conversion/opv.exe" "D:/xampp/htdocs/v78/vpdf/uploadFile/weatherCities/20170609/2/doc/1二次  函数――面积-中考数学压轴专项训练-每天练_1496937600.doc" "D:/xampp/htdocs/v78/vpdf/uploadFile/currentfile/20170609/2/pdf/1二次  函数――面积-中考数学压轴专项训练-每天练_1496937600.pdf" GMreader_OPV
2017-06-12T14:09:01+08:00	conversion: "D:/xampp/htdocs/v78/vpdf/conversion/opv.exe" "D:/xampp/htdocs/v78/vpdf/uploadFile/weatherCities/20170612/2/doc/开盘新闻怎么写_1497196800.doc" "D:/xampp/htdocs/v78/vpdf/uploadFile/currentfile/20170612/2/pdf/开盘新闻怎么写_1497196800.pdf" GMreader_OPV
2017-06-12T14:09:13+08:00	conversion: "D:/xampp/htdocs/v78/vpdf/conversion/opv.exe" "D:/xampp/htdocs/v78/vpdf/uploadFile/weatherCities/20170612/2/doc/2013年高考理科数学湖南卷word解析版_1497196800.doc" "D:/xampp/htdocs/v78/vpdf/uploadFile/currentfile/20170612/2/pdf/2013年高考理科数学湖南卷word解析版_1497196800.pdf" GMreader_OPV
2017-06-12T14:09:58+08:00	conversion: "D:/xampp/htdocs/v78/vpdf/conversion/opv.exe" "D:/xampp/htdocs/v78/vpdf/uploadFile/weatherCities/20170612/2/doc/物理化学下册(傅献彩)第十章_1497196800.doc" "D:/xampp/htdocs/v78/vpdf/uploadFile/currentfile/20170612/2/pdf/物理化学下册(傅献彩)第十章_1497196800.pdf" GMreader_OPV
2017-06-12T14:10:06+08:00	conversion: "D:/xampp/htdocs/v78/vpdf/conversion/opv.exe" "D:/xampp/htdocs/v78/vpdf/uploadFile/weatherCities/20170612/2/doc/2013年高考理科数学江苏卷word解析版_1497196800.doc" "D:/xampp/htdocs/v78/vpdf/uploadFile/currentfile/20170612/2/pdf/2013年高考理科数学江苏卷word解析版_1497196800.pdf" GMreader_OPV
2017-06-12T14:22:42+08:00	conversion: "D:/xampp/htdocs/v78/vpdf/conversion/opv.exe" "D:/xampp/htdocs/v78/vpdf/uploadFile/weatherCities/20170612/2/doc/2013年高考文科数学辽宁卷试题与答案word解析版_1497196800.doc" "D:/xampp/htdocs/v78/vpdf/uploadFile/currentfile/20170612/2/pdf/2013年高考文科数学辽宁卷试题与答案word解析版_1497196800.pdf" GMreader_OPV
2017-06-12T14:22:48+08:00	conversion: "D:/xampp/htdocs/v78/vpdf/conversion/opv.exe" "D:/xampp/htdocs/v78/vpdf/uploadFile/weatherCities/20170612/2/doc/2013年高考理科数学辽宁卷word解析版_1497196800.doc" "D:/xampp/htdocs/v78/vpdf/uploadFile/currentfile/20170612/2/pdf/2013年高考理科数学辽宁卷word解析版_1497196800.pdf" GMreader_OPV
2017-06-12T14:23:08+08:00	conversion: "D:/xampp/htdocs/v78/vpdf/conversion/opv.exe" "D:/xampp/htdocs/v78/vpdf/uploadFile/weatherCities/20170612/2/doc/上海市长宁区2014届高三地理一模试卷(含答案)_1497196800.doc" "D:/xampp/htdocs/v78/vpdf/uploadFile/currentfile/20170612/2/pdf/上海市长宁区2014届高三地理一模试卷(含答案)_1497196800.pdf" GMreader_OPV
2017-06-12T14:25:34+08:00	conversion: "D:/xampp/htdocs/v78/vpdf/conversion/opv.exe" "D:/xampp/htdocs/v78/vpdf/uploadFile/weatherCities/20170612/2/doc/2013年高考理科数学江苏卷word解析版_1497196800.doc" "D:/xampp/htdocs/v78/vpdf/uploadFile/currentfile/20170612/2/pdf/2013年高考理科数学江苏卷word解析版_1497196800.pdf" GMreader_OPV
2017-06-12T14:26:28+08:00	conversion: "D:/xampp/htdocs/v78/vpdf/conversion/opv.exe" "D:/xampp/htdocs/v78/vpdf/uploadFile/weatherCities/20170612/2/xlsx/(汪健)月度任务考核_1497196800.xlsx" "D:/xampp/htdocs/v78/vpdf/uploadFile/currentfile/20170612/2/pdf/(汪健)月度任务考核_1497196800.pdf" GMreader_OPV
2017-06-12T14:42:48+08:00	conversion: "D:/xampp/htdocs/v78/vpdf/conversion/opv.exe" "D:/xampp/htdocs/v78/vpdf/uploadFile/weatherCities/20170612/2/xlsx/(汪健)月度任务考核_1497196800.xlsx" "D:/xampp/htdocs/v78/vpdf/uploadFile/currentfile/20170612/2/pdf/(汪健)月度任务考核_1497196800.pdf" GMreader_OPV
2017-06-12T14:44:01+08:00	conversion: "D:/xampp/htdocs/v78/vpdf/conversion/opv.exe" "D:/xampp/htdocs/v78/vpdf/uploadFile/weatherCities/20170612/2/xls/毛泽东文化品格与决策意识(上)_1497196800.xls" "D:/xampp/htdocs/v78/vpdf/uploadFile/currentfile/20170612/2/pdf/毛泽东文化品格与决策意识(上)_1497196800.pdf" GMreader_OPV
2017-06-12T14:45:44+08:00	conversion: "D:/xampp/htdocs/v78/vpdf/conversion/opv.exe" "D:/xampp/htdocs/v78/vpdf/uploadFile/weatherCities/20170612/2/doc/开盘新闻怎么写_1497196800.doc" "D:/xampp/htdocs/v78/vpdf/uploadFile/currentfile/20170612/2/pdf/开盘新闻怎么写_1497196800.pdf" GMreader_OPV
2017-06-12T14:45:48+08:00	conversion: "D:/xampp/htdocs/v78/vpdf/conversion/opv.exe" "D:/xampp/htdocs/v78/vpdf/uploadFile/weatherCities/20170612/2/doc/2013年高考理科数学湖南卷word解析版_1497196800.doc" "D:/xampp/htdocs/v78/vpdf/uploadFile/currentfile/20170612/2/pdf/2013年高考理科数学湖南卷word解析版_1497196800.pdf" GMreader_OPV
2017-06-12T14:45:55+08:00	conversion: "D:/xampp/htdocs/v78/vpdf/conversion/opv.exe" "D:/xampp/htdocs/v78/vpdf/uploadFile/weatherCities/20170612/2/doc/维护手册修正_1497196800.doc" "D:/xampp/htdocs/v78/vpdf/uploadFile/currentfile/20170612/2/pdf/维护手册修正_1497196800.pdf" GMreader_OPV
2017-06-12T14:46:00+08:00	conversion: "D:/xampp/htdocs/v78/vpdf/conversion/opv.exe" "D:/xampp/htdocs/v78/vpdf/uploadFile/weatherCities/20170612/2/doc/2013年高考文科数学江西卷试题与答案word解析版_1497196800.doc" "D:/xampp/htdocs/v78/vpdf/uploadFile/currentfile/20170612/2/pdf/2013年高考文科数学江西卷试题与答案word解析版_1497196800.pdf" GMreader_OPV
2017-06-12T14:46:06+08:00	conversion: "D:/xampp/htdocs/v78/vpdf/conversion/opv.exe" "D:/xampp/htdocs/v78/vpdf/uploadFile/weatherCities/20170612/2/doc/2013年高考理科数学湖北卷word解析版_1497196800.doc" "D:/xampp/htdocs/v78/vpdf/uploadFile/currentfile/20170612/2/pdf/2013年高考理科数学湖北卷word解析版_1497196800.pdf" GMreader_OPV
2017-06-12T14:57:34+08:00	conversion: "D:/xampp/htdocs/v78/vpdf/conversion/opv.exe" "D:/xampp/htdocs/v78/vpdf/uploadFile/weatherCities/20170612/2/doc/【经典】上海   中考物理模拟卷及答案_1497196800.doc" "D:/xampp/htdocs/v78/vpdf/uploadFile/currentfile/20170612/2/pdf/【经典】上海   中考物理模拟卷及答案_1497196800.pdf" GMreader_OPV
2017-06-12T14:58:08+08:00	conversion: "D:/xampp/htdocs/v78/vpdf/conversion/opv.exe" "D:/xampp/htdocs/v78/vpdf/uploadFile/weatherCities/20170612/2/doc/40条创新原理_1497196800.doc" "D:/xampp/htdocs/v78/vpdf/uploadFile/currentfile/20170612/2/pdf/40条创新原理_1497196800.pdf" GMreader_OPV
2017-06-12T14:59:13+08:00	conversion: "D:/xampp/htdocs/v78/vpdf/conversion/opv.exe" "D:/xampp/htdocs/v78/vpdf/uploadFile/weatherCities/20170612/2/doc/新课程高中数学测试题组(必修1)全套含答案_1497196800.doc" "D:/xampp/htdocs/v78/vpdf/uploadFile/currentfile/20170612/2/pdf/新课程高中数学测试题组(必修1)全套含答案_1497196800.pdf" GMreader_OPV
2017-06-12T15:04:47+08:00	conversion: "D:/xampp/htdocs/v78/vpdf/conversion/opv.exe" "D:/xampp/htdocs/v78/vpdf/uploadFile/weatherCities/20170612/2/doc/2013年高考理科数学四川卷试题与答案word解析版_1497196800.doc" "D:/xampp/htdocs/v78/vpdf/uploadFile/currentfile/20170612/2/pdf/2013年高考理科数学四川卷试题与答案word解析版_1497196800.pdf" GMreader_OPV
2017-06-12T15:56:38+08:00	conversion: "D:/xampp/htdocs/v78/vpdf/conversion/opv.exe" "D:/xampp/htdocs/v78/vpdf/uploadFile/weatherCities/20170612/2/doc/2013年高考文科数学安徽卷试题与答案word解析版_1497196800.doc" "D:/xampp/htdocs/v78/vpdf/uploadFile/currentfile/20170612/2/pdf/2013年高考文科数学安徽卷试题与答案word解析版_1497196800.pdf" GMreader_OPV
2017-06-12T15:58:16+08:00	conversion: "D:/xampp/htdocs/v78/vpdf/conversion/opv.exe" "D:/xampp/htdocs/v78/vpdf/uploadFile/weatherCities/20170612/2/doc/采矿设计制图标准_1497196800.doc" "D:/xampp/htdocs/v78/vpdf/uploadFile/currentfile/20170612/2/pdf/采矿设计制图标准_1497196800.pdf" GMreader_OPV
2017-06-12T15:58:28+08:00	conversion: "D:/xampp/htdocs/v78/vpdf/conversion/opv.exe" "D:/xampp/htdocs/v78/vpdf/uploadFile/weatherCities/20170612/2/doc/1二次  函数――面积-中考数学压轴专项训练-每天练_1497196800.doc" "D:/xampp/htdocs/v78/vpdf/uploadFile/currentfile/20170612/2/pdf/1二次  函数――面积-中考数学压轴专项训练-每天练_1497196800.pdf" GMreader_OPV
2017-06-12T15:58:33+08:00	conversion: "D:/xampp/htdocs/v78/vpdf/conversion/opv.exe" "D:/xampp/htdocs/v78/vpdf/uploadFile/weatherCities/20170612/2/doc/1二次  函数――面积-中考数学压轴专项训练-每天练_1497196800.doc" "D:/xampp/htdocs/v78/vpdf/uploadFile/currentfile/20170612/2/pdf/1二次  函数――面积-中考数学压轴专项训练-每天练_1497196800.pdf" GMreader_OPV
2017-06-12T16:00:27+08:00	conversion: "D:/xampp/htdocs/v78/vpdf/conversion/opv.exe" "D:/xampp/htdocs/v78/vpdf/uploadFile/weatherCities/20170612/2/doc/1二次  函数――面积-中考数学压轴专项训练-每天练_1497196800.doc" "D:/xampp/htdocs/v78/vpdf/uploadFile/currentfile/20170612/2/pdf/1二次  函数――面积-中考数学压轴专项训练-每天练_1497196800.pdf" GMreader_OPV
2017-06-12T16:03:31+08:00	conversion: "D:/xampp/htdocs/v78/vpdf/conversion/opv.exe" "D:/xampp/htdocs/v78/vpdf/uploadFile/weatherCities/20170612/2/doc/1二次  函数――面积-中考数学压轴专项训练-每天练_1497196800.doc" "D:/xampp/htdocs/v78/vpdf/uploadFile/currentfile/20170612/2/pdf/1二次  函数――面积-中考数学压轴专项训练-每天练_1497196800.pdf" GMreader_OPV
2017-06-12T16:04:08+08:00	conversion: "D:/xampp/htdocs/v78/vpdf/conversion/opv.exe" "D:/xampp/htdocs/v78/vpdf/uploadFile/weatherCities/20170612/2/doc/1二次  函数――面积-中考数学压轴专项训练-每天练_1497196800.doc" "D:/xampp/htdocs/v78/vpdf/uploadFile/currentfile/20170612/2/pdf/1二次  函数――面积-中考数学压轴专项训练-每天练_1497196800.pdf" GMreader_OPV
2017-06-12T16:04:39+08:00	conversion: "D:/xampp/htdocs/v78/vpdf/conversion/opv.exe" "D:/xampp/htdocs/v78/vpdf/uploadFile/weatherCities/20170612/2/doc/1二次  函数――面积-中考数学压轴专项训练-每天练_1497196800.doc" "D:/xampp/htdocs/v78/vpdf/uploadFile/currentfile/20170612/2/pdf/1二次  函数――面积-中考数学压轴专项训练-每天练_1497196800.pdf" GMreader_OPV
2017-06-12T16:23:32+08:00	conversion: "D:/xampp/htdocs/v78/vpdf/conversion/opv.exe" "D:/xampp/htdocs/v78/vpdf/uploadFile/weatherCities/20170612/2/doc/2013年高考文科数学江西卷试题与答案word解析版_1497196800.doc" "D:/xampp/htdocs/v78/vpdf/uploadFile/currentfile/20170612/2/pdf/2013年高考文科数学江西卷试题与答案word解析版_1497196800.pdf" GMreader_OPV
2017-06-12T16:23:48+08:00	conversion: "D:/xampp/htdocs/v78/vpdf/conversion/opv.exe" "D:/xampp/htdocs/v78/vpdf/uploadFile/weatherCities/20170612/2/doc/2013年高考文科数学福建卷试题与答案word解析版_1497196800.doc" "D:/xampp/htdocs/v78/vpdf/uploadFile/currentfile/20170612/2/pdf/2013年高考文科数学福建卷试题与答案word解析版_1497196800.pdf" GMreader_OPV
2017-06-12T16:24:01+08:00	conversion: "D:/xampp/htdocs/v78/vpdf/conversion/opv.exe" "D:/xampp/htdocs/v78/vpdf/uploadFile/weatherCities/20170612/2/xls/毛泽东文化品格与决策意识(上)_1497196800.xls" "D:/xampp/htdocs/v78/vpdf/uploadFile/currentfile/20170612/2/pdf/毛泽东文化品格与决策意识(上)_1497196800.pdf" GMreader_OPV
2017-06-12T16:26:33+08:00	conversion: "D:/xampp/htdocs/v78/vpdf/conversion/opv.exe" "D:/xampp/htdocs/v78/vpdf/uploadFile/weatherCities/20170612/2/doc/开盘新闻怎么写_1497196800.doc" "D:/xampp/htdocs/v78/vpdf/uploadFile/currentfile/20170612/2/pdf/开盘新闻怎么写_1497196800.pdf" GMreader_OPV
2017-06-12T16:26:43+08:00	conversion: "D:/xampp/htdocs/v78/vpdf/conversion/opv.exe" "D:/xampp/htdocs/v78/vpdf/uploadFile/weatherCities/20170612/2/doc/2013年高考理科数学湖南卷word解析版_1497196800.doc" "D:/xampp/htdocs/v78/vpdf/uploadFile/currentfile/20170612/2/pdf/2013年高考理科数学湖南卷word解析版_1497196800.pdf" GMreader_OPV
2017-06-12T16:26:57+08:00	conversion: "D:/xampp/htdocs/v78/vpdf/conversion/opv.exe" "D:/xampp/htdocs/v78/vpdf/uploadFile/weatherCities/20170612/2/doc/维护手册修正_1497196800.doc" "D:/xampp/htdocs/v78/vpdf/uploadFile/currentfile/20170612/2/pdf/维护手册修正_1497196800.pdf" GMreader_OPV
2017-06-12T16:32:24+08:00	conversion: "D:/xampp/htdocs/v78/vpdf/conversion/opv.exe" "D:/xampp/htdocs/v78/vpdf/uploadFile/weatherCities/20170612/2/doc/1二次  函数――面积-中考数学压轴专项训练-每天练_1497196800.doc" "D:/xampp/htdocs/v78/vpdf/uploadFile/currentfile/20170612/2/pdf/1二次  函数――面积-中考数学压轴专项训练-每天练_1497196800.pdf" GMreader_OPV
2017-06-12T16:41:01+08:00	conversion: "D:/xampp/htdocs/v78/vpdf/conversion/opv.exe" "D:/xampp/htdocs/v78/vpdf/uploadFile/weatherCities/20170612/2/doc/省级优秀班级申报材料_1497196800.doc" "D:/xampp/htdocs/v78/vpdf/uploadFile/currentfile/20170612/2/pdf/省级优秀班级申报材料_1497196800.pdf" GMreader_OPV
2017-06-12T16:45:50+08:00	conversion: "D:/xampp/htdocs/v78/vpdf/conversion/opv.exe" "D:/xampp/htdocs/v78/vpdf/uploadFile/weatherCities/20170612/2/doc/2016年上海地理高考试题文档版(含答案-)_1497196800.doc" "D:/xampp/htdocs/v78/vpdf/uploadFile/currentfile/20170612/2/pdf/2016年上海地理高考试题文档版(含答案-)_1497196800.pdf" GMreader_OPV
2017-06-12T16:47:57+08:00	conversion: "D:/xampp/htdocs/v78/vpdf/conversion/opv.exe" "D:/xampp/htdocs/v78/vpdf/uploadFile/weatherCities/20170612/2/xls/2010年度南京材料价格_1497196800.xls" "D:/xampp/htdocs/v78/vpdf/uploadFile/currentfile/20170612/2/pdf/2010年度南京材料价格_1497196800.pdf" GMreader_OPV
2017-06-12T16:48:01+08:00	conversion: "D:/xampp/htdocs/v78/vpdf/conversion/opv.exe" "D:/xampp/htdocs/v78/vpdf/uploadFile/weatherCities/20170612/2/xlsx/ceshi_1497196800.xlsx" "D:/xampp/htdocs/v78/vpdf/uploadFile/currentfile/20170612/2/pdf/ceshi_1497196800.pdf" GMreader_OPV
2017-06-12T16:48:05+08:00	conversion: "D:/xampp/htdocs/v78/vpdf/conversion/opv.exe" "D:/xampp/htdocs/v78/vpdf/uploadFile/weatherCities/20170612/2/xlsx/(汪健)月度任务考核_1497196800.xlsx" "D:/xampp/htdocs/v78/vpdf/uploadFile/currentfile/20170612/2/pdf/(汪健)月度任务考核_1497196800.pdf" GMreader_OPV
2017-06-12T16:48:09+08:00	conversion: "D:/xampp/htdocs/v78/vpdf/conversion/opv.exe" "D:/xampp/htdocs/v78/vpdf/uploadFile/weatherCities/20170612/2/doc/【经典】上海   中考物理模拟卷及答案_1497196800.doc" "D:/xampp/htdocs/v78/vpdf/uploadFile/currentfile/20170612/2/pdf/【经典】上海   中考物理模拟卷及答案_1497196800.pdf" GMreader_OPV
2017-06-12T16:48:37+08:00	conversion: "D:/xampp/htdocs/v78/vpdf/conversion/opv.exe" "D:/xampp/htdocs/v78/vpdf/uploadFile/weatherCities/20170612/2/xls/2010年度南京材料价格_1497196800.xls" "D:/xampp/htdocs/v78/vpdf/uploadFile/currentfile/20170612/2/pdf/2010年度南京材料价格_1497196800.pdf" GMreader_OPV
2017-06-12T16:50:08+08:00	conversion: "D:/xampp/htdocs/v78/vpdf/conversion/opv.exe" "D:/xampp/htdocs/v78/vpdf/uploadFile/weatherCities/20170612/2/xlsx/ceshi_1497196800.xlsx" "D:/xampp/htdocs/v78/vpdf/uploadFile/currentfile/20170612/2/pdf/ceshi_1497196800.pdf" GMreader_OPV
2017-06-12T16:50:18+08:00	conversion: "D:/xampp/htdocs/v78/vpdf/conversion/opv.exe" "D:/xampp/htdocs/v78/vpdf/uploadFile/weatherCities/20170612/2/xlsx/(汪健)月度任务考核_1497196800.xlsx" "D:/xampp/htdocs/v78/vpdf/uploadFile/currentfile/20170612/2/pdf/(汪健)月度任务考核_1497196800.pdf" GMreader_OPV
2017-06-12T16:51:23+08:00	conversion: "D:/xampp/htdocs/v78/vpdf/conversion/opv.exe" "D:/xampp/htdocs/v78/vpdf/uploadFile/weatherCities/20170612/2/doc/【经典】上海   中考物理模拟卷及答案_1497196800.doc" "D:/xampp/htdocs/v78/vpdf/uploadFile/currentfile/20170612/2/pdf/【经典】上海   中考物理模拟卷及答案_1497196800.pdf" GMreader_OPV
2017-06-12T16:51:40+08:00	conversion: "D:/xampp/htdocs/v78/vpdf/conversion/opv.exe" "D:/xampp/htdocs/v78/vpdf/uploadFile/weatherCities/20170612/2/xlsx/ceshi_1497196800.xlsx" "D:/xampp/htdocs/v78/vpdf/uploadFile/currentfile/20170612/2/pdf/ceshi_1497196800.pdf" GMreader_OPV
2017-06-12T16:51:53+08:00	conversion: "D:/xampp/htdocs/v78/vpdf/conversion/opv.exe" "D:/xampp/htdocs/v78/vpdf/uploadFile/weatherCities/20170612/2/xlsx/(汪健)月度任务考核_1497196800.xlsx" "D:/xampp/htdocs/v78/vpdf/uploadFile/currentfile/20170612/2/pdf/(汪健)月度任务考核_1497196800.pdf" GMreader_OPV
2017-06-12T16:53:02+08:00	conversion: "D:/xampp/htdocs/v78/vpdf/conversion/opv.exe" "D:/xampp/htdocs/v78/vpdf/uploadFile/weatherCities/20170612/2/doc/【经典】上海   中考物理模拟卷及答案_1497196800.doc" "D:/xampp/htdocs/v78/vpdf/uploadFile/currentfile/20170612/2/pdf/【经典】上海   中考物理模拟卷及答案_1497196800.pdf" GMreader_OPV
2017-06-12T16:54:17+08:00	conversion: "D:/xampp/htdocs/v78/vpdf/conversion/opv.exe" "D:/xampp/htdocs/v78/vpdf/uploadFile/weatherCities/20170612/2/xlsx/ceshi_1497196800.xlsx" "D:/xampp/htdocs/v78/vpdf/uploadFile/currentfile/20170612/2/pdf/ceshi_1497196800.pdf" GMreader_OPV
2017-06-12T16:55:14+08:00	conversion: "D:/xampp/htdocs/v78/vpdf/conversion/opv.exe" "D:/xampp/htdocs/v78/vpdf/uploadFile/weatherCities/20170612/2/xlsx/(汪健)月度任务考核_1497196800.xlsx" "D:/xampp/htdocs/v78/vpdf/uploadFile/currentfile/20170612/2/pdf/(汪健)月度任务考核_1497196800.pdf" GMreader_OPV
2017-06-12T16:55:28+08:00	conversion: "D:/xampp/htdocs/v78/vpdf/conversion/opv.exe" "D:/xampp/htdocs/v78/vpdf/uploadFile/weatherCities/20170612/2/doc/【经典】上海   中考物理模拟卷及答案_1497196800.doc" "D:/xampp/htdocs/v78/vpdf/uploadFile/currentfile/20170612/2/pdf/【经典】上海   中考物理模拟卷及答案_1497196800.pdf" GMreader_OPV
2017-06-12T16:55:43+08:00	conversion: "D:/xampp/htdocs/v78/vpdf/conversion/opv.exe" "D:/xampp/htdocs/v78/vpdf/uploadFile/weatherCities/20170612/2/doc/【经典】上海   中考物理模拟卷及答案_1497196800.doc" "D:/xampp/htdocs/v78/vpdf/uploadFile/currentfile/20170612/2/pdf/【经典】上海   中考物理模拟卷及答案_1497196800.pdf" GMreader_OPV
2017-06-12T16:56:00+08:00	conversion: "D:/xampp/htdocs/v78/vpdf/conversion/opv.exe" "D:/xampp/htdocs/v78/vpdf/uploadFile/weatherCities/20170612/2/xlsx/ceshi_1497196800.xlsx" "D:/xampp/htdocs/v78/vpdf/uploadFile/currentfile/20170612/2/pdf/ceshi_1497196800.pdf" GMreader_OPV
2017-06-12T16:56:13+08:00	conversion: "D:/xampp/htdocs/v78/vpdf/conversion/opv.exe" "D:/xampp/htdocs/v78/vpdf/uploadFile/weatherCities/20170612/2/xlsx/(汪健)月度任务考核_1497196800.xlsx" "D:/xampp/htdocs/v78/vpdf/uploadFile/currentfile/20170612/2/pdf/(汪健)月度任务考核_1497196800.pdf" GMreader_OPV
2017-06-12T17:00:48+08:00	conversion: "D:/xampp/htdocs/v78/vpdf/conversion/opv.exe" "D:/xampp/htdocs/v78/vpdf/uploadFile/weatherCities/20170612/2/doc/【经典】上海   中考物理模拟卷及答案_1497196800.doc" "D:/xampp/htdocs/v78/vpdf/uploadFile/currentfile/20170612/2/pdf/【经典】上海   中考物理模拟卷及答案_1497196800.pdf" GMreader_OPV
2017-06-12T17:00:48+08:00	conversion: "D:/xampp/htdocs/v78/vpdf/conversion/opv.exe" "D:/xampp/htdocs/v78/vpdf/uploadFile/weatherCities/20170612/2/xlsx/ceshi_1497196800.xlsx" "D:/xampp/htdocs/v78/vpdf/uploadFile/currentfile/20170612/2/pdf/ceshi_1497196800.pdf" GMreader_OPV
2017-06-12T17:00:48+08:00	conversion: "D:/xampp/htdocs/v78/vpdf/conversion/opv.exe" "D:/xampp/htdocs/v78/vpdf/uploadFile/weatherCities/20170612/2/xlsx/(汪健)月度任务考核_1497196800.xlsx" "D:/xampp/htdocs/v78/vpdf/uploadFile/currentfile/20170612/2/pdf/(汪健)月度任务考核_1497196800.pdf" GMreader_OPV
2017-06-12T17:02:27+08:00	conversion: "D:/xampp/htdocs/v78/vpdf/conversion/opv.exe" "D:/xampp/htdocs/v78/vpdf/uploadFile/weatherCities/20170612/2/doc/【经典】上海   中考物理模拟卷及答案_1497196800.doc" "D:/xampp/htdocs/v78/vpdf/uploadFile/currentfile/20170612/2/pdf/【经典】上海   中考物理模拟卷及答案_1497196800.pdf" GMreader_OPV
2017-06-12T17:02:35+08:00	conversion: "D:/xampp/htdocs/v78/vpdf/conversion/opv.exe" "D:/xampp/htdocs/v78/vpdf/uploadFile/weatherCities/20170612/2/xlsx/ceshi_1497196800.xlsx" "D:/xampp/htdocs/v78/vpdf/uploadFile/currentfile/20170612/2/pdf/ceshi_1497196800.pdf" GMreader_OPV
2017-06-12T17:02:39+08:00	conversion: "D:/xampp/htdocs/v78/vpdf/conversion/opv.exe" "D:/xampp/htdocs/v78/vpdf/uploadFile/weatherCities/20170612/2/xlsx/(汪健)月度任务考核_1497196800.xlsx" "D:/xampp/htdocs/v78/vpdf/uploadFile/currentfile/20170612/2/pdf/(汪健)月度任务考核_1497196800.pdf" GMreader_OPV
2017-06-12T17:04:42+08:00	conversion: "D:/xampp/htdocs/v78/vpdf/conversion/opv.exe" "D:/xampp/htdocs/v78/vpdf/uploadFile/weatherCities/20170612/2/doc/【经典】上海   中考物理模拟卷及答案_1497196800.doc" "D:/xampp/htdocs/v78/vpdf/uploadFile/currentfile/20170612/2/pdf/【经典】上海   中考物理模拟卷及答案_1497196800.pdf" GMreader_OPV
2017-06-12T17:04:50+08:00	conversion: "D:/xampp/htdocs/v78/vpdf/conversion/opv.exe" "D:/xampp/htdocs/v78/vpdf/uploadFile/weatherCities/20170612/2/xlsx/ceshi_1497196800.xlsx" "D:/xampp/htdocs/v78/vpdf/uploadFile/currentfile/20170612/2/pdf/ceshi_1497196800.pdf" GMreader_OPV
2017-06-12T17:04:54+08:00	conversion: "D:/xampp/htdocs/v78/vpdf/conversion/opv.exe" "D:/xampp/htdocs/v78/vpdf/uploadFile/weatherCities/20170612/2/xlsx/(汪健)月度任务考核_1497196800.xlsx" "D:/xampp/htdocs/v78/vpdf/uploadFile/currentfile/20170612/2/pdf/(汪健)月度任务考核_1497196800.pdf" GMreader_OPV
2017-06-12T17:04:58+08:00	conversion: "D:/xampp/htdocs/v78/vpdf/conversion/opv.exe" "D:/xampp/htdocs/v78/vpdf/uploadFile/weatherCities/20170612/2/doc/【经典】上海   中考物理模拟卷及答案_1497196800.doc" "D:/xampp/htdocs/v78/vpdf/uploadFile/currentfile/20170612/2/pdf/【经典】上海   中考物理模拟卷及答案_1497196800.pdf" GMreader_OPV
2017-06-12T17:05:06+08:00	conversion: "D:/xampp/htdocs/v78/vpdf/conversion/opv.exe" "D:/xampp/htdocs/v78/vpdf/uploadFile/weatherCities/20170612/2/xlsx/ceshi_1497196800.xlsx" "D:/xampp/htdocs/v78/vpdf/uploadFile/currentfile/20170612/2/pdf/ceshi_1497196800.pdf" GMreader_OPV
2017-06-12T17:05:09+08:00	conversion: "D:/xampp/htdocs/v78/vpdf/conversion/opv.exe" "D:/xampp/htdocs/v78/vpdf/uploadFile/weatherCities/20170612/2/xlsx/(汪健)月度任务考核_1497196800.xlsx" "D:/xampp/htdocs/v78/vpdf/uploadFile/currentfile/20170612/2/pdf/(汪健)月度任务考核_1497196800.pdf" GMreader_OPV
2017-06-12T17:22:55+08:00	conversion: "D:/xampp/htdocs/v78/vpdf/conversion/opv.exe" "D:/xampp/htdocs/v78/vpdf/uploadFile/weatherCities/20170612/2/doc/【经典】上海   中考物理模拟卷及答案_1497196800.doc" "D:/xampp/htdocs/v78/vpdf/uploadFile/currentfile/20170612/2/pdf/【经典】上海   中考物理模拟卷及答案_1497196800.pdf" GMreader_OPV
2017-06-12T17:23:02+08:00	conversion: "D:/xampp/htdocs/v78/vpdf/conversion/opv.exe" "D:/xampp/htdocs/v78/vpdf/uploadFile/weatherCities/20170612/2/xlsx/ceshi_1497196800.xlsx" "D:/xampp/htdocs/v78/vpdf/uploadFile/currentfile/20170612/2/pdf/ceshi_1497196800.pdf" GMreader_OPV
2017-06-12T17:23:07+08:00	conversion: "D:/xampp/htdocs/v78/vpdf/conversion/opv.exe" "D:/xampp/htdocs/v78/vpdf/uploadFile/weatherCities/20170612/2/xlsx/(汪健)月度任务考核_1497196800.xlsx" "D:/xampp/htdocs/v78/vpdf/uploadFile/currentfile/20170612/2/pdf/(汪健)月度任务考核_1497196800.pdf" GMreader_OPV
2017-06-12T17:23:11+08:00	conversion: "D:/xampp/htdocs/v78/vpdf/conversion/opv.exe" "D:/xampp/htdocs/v78/vpdf/uploadFile/weatherCities/20170612/2/doc/【经典】上海   中考物理模拟卷及答案_1497196800.doc" "D:/xampp/htdocs/v78/vpdf/uploadFile/currentfile/20170612/2/pdf/【经典】上海   中考物理模拟卷及答案_1497196800.pdf" GMreader_OPV
2017-06-12T17:23:20+08:00	conversion: "D:/xampp/htdocs/v78/vpdf/conversion/opv.exe" "D:/xampp/htdocs/v78/vpdf/uploadFile/weatherCities/20170612/2/xlsx/ceshi_1497196800.xlsx" "D:/xampp/htdocs/v78/vpdf/uploadFile/currentfile/20170612/2/pdf/ceshi_1497196800.pdf" GMreader_OPV
2017-06-12T17:23:24+08:00	conversion: "D:/xampp/htdocs/v78/vpdf/conversion/opv.exe" "D:/xampp/htdocs/v78/vpdf/uploadFile/weatherCities/20170612/2/xlsx/(汪健)月度任务考核_1497196800.xlsx" "D:/xampp/htdocs/v78/vpdf/uploadFile/currentfile/20170612/2/pdf/(汪健)月度任务考核_1497196800.pdf" GMreader_OPV
2017-06-12T17:34:01+08:00	conversion: "D:/xampp/htdocs/v78/vpdf/conversion/opv.exe" "D:/xampp/htdocs/v78/vpdf/uploadFile/weatherCities/20170612/2/doc/【经典】上海   中考物理模拟卷及答案_1497196800.doc" "D:/xampp/htdocs/v78/vpdf/uploadFile/currentfile/20170612/2/pdf/【经典】上海   中考物理模拟卷及答案_1497196800.pdf" GMreader_OPV
2017-06-12T17:34:09+08:00	conversion: "D:/xampp/htdocs/v78/vpdf/conversion/opv.exe" "D:/xampp/htdocs/v78/vpdf/uploadFile/weatherCities/20170612/2/xlsx/ceshi_1497196800.xlsx" "D:/xampp/htdocs/v78/vpdf/uploadFile/currentfile/20170612/2/pdf/ceshi_1497196800.pdf" GMreader_OPV
2017-06-12T17:34:14+08:00	conversion: "D:/xampp/htdocs/v78/vpdf/conversion/opv.exe" "D:/xampp/htdocs/v78/vpdf/uploadFile/weatherCities/20170612/2/xlsx/(汪健)月度任务考核_1497196800.xlsx" "D:/xampp/htdocs/v78/vpdf/uploadFile/currentfile/20170612/2/pdf/(汪健)月度任务考核_1497196800.pdf" GMreader_OPV
2017-06-12T17:35:48+08:00	conversion: "D:/xampp/htdocs/v78/vpdf/conversion/opv.exe" "D:/xampp/htdocs/v78/vpdf/uploadFile/weatherCities/20170612/2/xlsx/周报-李时嘉-第15周 _1497196800.xlsx" "D:/xampp/htdocs/v78/vpdf/uploadFile/currentfile/20170612/2/pdf/周报-李时嘉-第15周 _1497196800.pdf" GMreader_OPV
2017-06-12T17:47:17+08:00	conversion: "D:/xampp/htdocs/v78/vpdf/conversion/opv.exe" "D:/xampp/htdocs/v78/vpdf/uploadFile/weatherCities/20170612/2/doc/铁路隧道安全施工技术规范_1497196800.doc" "D:/xampp/htdocs/v78/vpdf/uploadFile/currentfile/20170612/2/pdf/铁路隧道安全施工技术规范_1497196800.pdf" GMreader_OPV
2017-06-12T17:47:40+08:00	conversion: "D:/xampp/htdocs/v78/vpdf/conversion/opv.exe" "D:/xampp/htdocs/v78/vpdf/uploadFile/weatherCities/20170612/2/doc/2016年4月自考软件工程(02333)试题及答案解析评分标准_1497196800.doc" "D:/xampp/htdocs/v78/vpdf/uploadFile/currentfile/20170612/2/pdf/2016年4月自考软件工程(02333)试题及答案解析评分标准_1497196800.pdf" GMreader_OPV
2017-06-12T17:49:44+08:00	conversion: "D:/xampp/htdocs/v78/vpdf/conversion/opv.exe" "D:/xampp/htdocs/v78/vpdf/uploadFile/weatherCities/20170612/2/doc/室内健身室设计、报价方案_1497196800.doc" "D:/xampp/htdocs/v78/vpdf/uploadFile/currentfile/20170612/2/pdf/室内健身室设计、报价方案_1497196800.pdf" GMreader_OPV
2017-06-12T17:58:56+08:00	conversion: "D:/xampp/htdocs/v78/vpdf/conversion/opv.exe" "D:/xampp/htdocs/v78/vpdf/uploadFile/weatherCities/20170612/2/doc/矿物油环评_1497196800.doc" "D:/xampp/htdocs/v78/vpdf/uploadFile/currentfile/20170612/2/pdf/矿物油环评_1497196800.pdf" GMreader_OPV
2017-06-12T18:07:30+08:00	conversion: "D:/xampp/htdocs/v78/vpdf/conversion/opv.exe" "D:/xampp/htdocs/v78/vpdf/uploadFile/weatherCities/20170612/2/doc/矿物油环评_1497196800.doc" "D:/xampp/htdocs/v78/vpdf/uploadFile/currentfile/20170612/2/pdf/矿物油环评_1497196800.pdf" GMreader_OPV
2017-06-12T18:08:31+08:00	conversion: "D:/xampp/htdocs/v78/vpdf/conversion/opv.exe" "D:/xampp/htdocs/v78/vpdf/uploadFile/weatherCities/20170612/2/doc/室内健身室设计、报价方案_1497196800.doc" "D:/xampp/htdocs/v78/vpdf/uploadFile/currentfile/20170612/2/pdf/室内健身室设计、报价方案_1497196800.pdf" GMreader_OPV
2017-06-12T18:12:29+08:00	conversion: "D:/xampp/htdocs/v78/vpdf/conversion/opv.exe" "D:/xampp/htdocs/v78/vpdf/uploadFile/weatherCities/20170612/2/doc/2013年高考文科数学安徽卷试题与答案word解析版_1497196800.doc" "D:/xampp/htdocs/v78/vpdf/uploadFile/currentfile/20170612/2/pdf/2013年高考文科数学安徽卷试题与答案word解析版_1497196800.pdf" GMreader_OPV
2017-06-12T18:17:40+08:00	conversion: "D:/xampp/htdocs/v78/vpdf/conversion/opv.exe" "D:/xampp/htdocs/v78/vpdf/uploadFile/weatherCities/20170612//doc/矿物油环评_1497196800.doc" "D:/xampp/htdocs/v78/vpdf/uploadFile/currentfile/20170612//pdf/矿物油环评_1497196800.pdf" GMreader_OPV
2017-06-12T18:17:50+08:00	conversion: "D:/xampp/htdocs/v78/vpdf/conversion/opv.exe" "D:/xampp/htdocs/v78/vpdf/uploadFile/weatherCities/20170612//doc/室内健身室设计、报价方案_1497196800.doc" "D:/xampp/htdocs/v78/vpdf/uploadFile/currentfile/20170612//pdf/室内健身室设计、报价方案_1497196800.pdf" GMreader_OPV
2017-06-12T18:17:56+08:00	conversion: "D:/xampp/htdocs/v78/vpdf/conversion/opv.exe" "D:/xampp/htdocs/v78/vpdf/uploadFile/weatherCities/20170612//doc/2013年高考文科数学安徽卷试题与答案word解析版_1497196800.doc" "D:/xampp/htdocs/v78/vpdf/uploadFile/currentfile/20170612//pdf/2013年高考文科数学安徽卷试题与答案word解析版_1497196800.pdf" GMreader_OPV
2017-06-12T18:18:41+08:00	conversion: "D:/xampp/htdocs/v78/vpdf/conversion/opv.exe" "D:/xampp/htdocs/v78/vpdf/uploadFile/weatherCities/20170612//doc/采矿设计制图标准_1497196800.doc" "D:/xampp/htdocs/v78/vpdf/uploadFile/currentfile/20170612//pdf/采矿设计制图标准_1497196800.pdf" GMreader_OPV
2017-06-12T18:19:02+08:00	conversion: "D:/xampp/htdocs/v78/vpdf/conversion/opv.exe" "D:/xampp/htdocs/v78/vpdf/uploadFile/weatherCities/20170612/2/doc/2013年高考理科数学四川卷试题与答案word解析版_1497196800.doc" "D:/xampp/htdocs/v78/vpdf/uploadFile/currentfile/20170612/2/pdf/2013年高考理科数学四川卷试题与答案word解析版_1497196800.pdf" GMreader_OPV
2017-06-12T18:20:17+08:00	conversion: "D:/xampp/htdocs/v78/vpdf/conversion/opv.exe" "D:/xampp/htdocs/v78/vpdf/uploadFile/weatherCities/20170612/2/doc/2013年高考文科数学安徽卷试题与答案word解析版_1497196800.doc" "D:/xampp/htdocs/v78/vpdf/uploadFile/currentfile/20170612/2/pdf/2013年高考文科数学安徽卷试题与答案word解析版_1497196800.pdf" GMreader_OPV
2017-06-13T11:11:22+08:00	conversion: "D:/xampp/htdocs/v78/vpdf/conversion/opv.exe" "D:/xampp/htdocs/v78/vpdf/uploadFile/weatherCities/20170613/2/xlsx/(汪健)月度任务考核_1497283200.xlsx" "D:/xampp/htdocs/v78/vpdf/uploadFile/currentfile/20170613/2/pdf/(汪健)月度任务考核_1497283200.pdf" GMreader_OPV
2017-06-13T11:12:02+08:00	conversion: "D:/xampp/htdocs/v78/vpdf/conversion/opv.exe" "D:/xampp/htdocs/v78/vpdf/uploadFile/weatherCities/20170613/2/xlsx/周报-李时嘉-第15周 _1497283200.xlsx" "D:/xampp/htdocs/v78/vpdf/uploadFile/currentfile/20170613/2/pdf/周报-李时嘉-第15周 _1497283200.pdf" GMreader_OPV
2017-06-13T11:12:05+08:00	conversion: "D:/xampp/htdocs/v78/vpdf/conversion/opv.exe" "D:/xampp/htdocs/v78/vpdf/uploadFile/weatherCities/20170613/2/xlsx/ceshi_1497283200.xlsx" "D:/xampp/htdocs/v78/vpdf/uploadFile/currentfile/20170613/2/pdf/ceshi_1497283200.pdf" GMreader_OPV
2017-06-13T11:12:12+08:00	conversion: "D:/xampp/htdocs/v78/vpdf/conversion/opv.exe" "D:/xampp/htdocs/v78/vpdf/uploadFile/weatherCities/20170613/2/xlsx/(汪健)月度任务考核_1497283200.xlsx" "D:/xampp/htdocs/v78/vpdf/uploadFile/currentfile/20170613/2/pdf/(汪健)月度任务考核_1497283200.pdf" GMreader_OPV
2017-06-13T14:15:06+08:00	conversion: "D:/xampp/htdocs/v78/vpdf/conversion/opv.exe" "D:/xampp/htdocs/v78/vpdf/uploadFile/weatherCities/20170613/2/doc/1二次  函数――面积-中考数学压轴专项训练-每天练_1497283200.doc" "D:/xampp/htdocs/v78/vpdf/uploadFile/currentfile/20170613/2/pdf/1二次  函数――面积-中考数学压轴专项训练-每天练_1497283200.pdf" GMreader_OPV
2017-06-13T14:19:17+08:00	conversion: "D:/xampp/htdocs/v78/vpdf/conversion/opv.exe" "D:/xampp/htdocs/v78/vpdf/uploadFile/weatherCities/20170613/2/doc/1二次  函数――面积-中考数学压轴专项训练-每天练_1497283200.doc" "D:/xampp/htdocs/v78/vpdf/uploadFile/currentfile/20170613/2/pdf/1二次  函数――面积-中考数学压轴专项训练-每天练_1497283200.pdf" GMreader_OPV
2017-06-13T14:23:07+08:00	conversion: "D:/xampp/htdocs/v78/vpdf/conversion/opv.exe" "D:/xampp/htdocs/v78/vpdf/uploadFile/weatherCities/20170613/2/doc/1二次  函数――面积-中考数学压轴专项训练-每天练_1497283200.doc" "D:/xampp/htdocs/v78/vpdf/uploadFile/currentfile/20170613/2/pdf/1二次  函数――面积-中考数学压轴专项训练-每天练_1497283200.pdf" GMreader_OPV
2017-06-13T15:38:13+08:00	conversion: "D:/xampp/htdocs/v78/vpdf/conversion/opv.exe" "D:/xampp/htdocs/v78/vpdf/uploadFile/weatherCities/20170613/2/doc/1二次        函数――面积-中考数学压轴专项训练-每天练_1497283200.doc" "D:/xampp/htdocs/v78/vpdf/uploadFile/currentfile/20170613/2/pdf/1二次        函数――面积-中考数学压轴专项训练-每天练_1497283200.pdf" GMreader_OPV
2017-06-13T15:51:00+08:00	conversion: "D:/xampp/htdocs/v78/vpdf/conversion/opv.exe" "D:/xampp/htdocs/v78/vpdf/uploadFile/weatherCities/20170613/2/xlsx/周报-李时嘉-第15周 _1497283200.xlsx" "D:/xampp/htdocs/v78/vpdf/uploadFile/currentfile/20170613/2/pdf/周报-李时嘉-第15周 _1497283200.pdf" GMreader_OPV
2017-06-14T10:27:57+08:00	conversion: "D:/xampp/htdocs/v78/vpdf/conversion/opv.exe" "D:/xampp/htdocs/v78/vpdf/uploadFile/weatherCities/20170614/2/xlsx/ceshi_1497369600.xlsx" "D:/xampp/htdocs/v78/vpdf/uploadFile/currentfile/20170614/2/pdf/ceshi_1497369600.pdf" GMreader_OPV
2017-06-14T11:18:49+08:00	conversion: "D:/xampp/htdocs/v78/vpdf/conversion/opv.exe" "D:/xampp/htdocs/v78/vpdf/uploadFile/weatherCities/20170614/2/doc/1二次        函数――面积-中考数学压轴专项训练-每天练_1497369600.doc" "D:/xampp/htdocs/v78/vpdf/uploadFile/currentfile/20170614/2/pdf/1二次        函数――面积-中考数学压轴专项训练-每天练_1497369600.pdf" GMreader_OPV
2017-06-14T11:18:54+08:00	conversion: "D:/xampp/htdocs/v78/vpdf/conversion/opv.exe" "D:/xampp/htdocs/v78/vpdf/uploadFile/weatherCities/20170614/2/doc/【经典】上海   中考物理模拟卷及答案_1497369600.doc" "D:/xampp/htdocs/v78/vpdf/uploadFile/currentfile/20170614/2/pdf/【经典】上海   中考物理模拟卷及答案_1497369600.pdf" GMreader_OPV
2017-06-14T11:18:58+08:00	conversion: "D:/xampp/htdocs/v78/vpdf/conversion/opv.exe" "D:/xampp/htdocs/v78/vpdf/uploadFile/weatherCities/20170614/2/xlsx/ceshi_1497369600.xlsx" "D:/xampp/htdocs/v78/vpdf/uploadFile/currentfile/20170614/2/pdf/ceshi_1497369600.pdf" GMreader_OPV
2017-06-14T11:19:01+08:00	conversion: "D:/xampp/htdocs/v78/vpdf/conversion/opv.exe" "D:/xampp/htdocs/v78/vpdf/uploadFile/weatherCities/20170614/2/xlsx/(汪健)月度任务考核_1497369600.xlsx" "D:/xampp/htdocs/v78/vpdf/uploadFile/currentfile/20170614/2/pdf/(汪健)月度任务考核_1497369600.pdf" GMreader_OPV
2017-06-16T15:20:22+08:00	conversion: "D:/xampp/htdocs/v78/vpdf/conversion/opv.exe" "D:/xampp/htdocs/v78/vpdf/uploadFile/weatherCities/20170616/2/doc/1二次        函数――面积-中考数学压轴专项训练-每天练_1497542400.doc" "D:/xampp/htdocs/v78/vpdf/uploadFile/currentfile/20170616/2/pdf/1二次        函数――面积-中考数学压轴专项训练-每天练_1497542400.pdf" GMreader_OPV
2017-06-16T15:24:17+08:00	conversion: "D:/xampp/htdocs/v78/vpdf/conversion/opv.exe" "D:/xampp/htdocs/v78/vpdf/uploadFile/weatherCities/20170616/2/doc/1二次        函数――面积-中考数学压轴专项训练-每天练_1497542400.doc" "D:/xampp/htdocs/v78/vpdf/uploadFile/currentfile/20170616/2/pdf/1二次        函数――面积-中考数学压轴专项训练-每天练_1497542400.pdf" GMreader_OPV
2017-06-16T15:25:34+08:00	conversion: "D:/xampp/htdocs/v78/vpdf/conversion/opv.exe" "D:/xampp/htdocs/v78/vpdf/uploadFile/weatherCities/20170616/2/xlsx/周报-李时嘉-第15周 _1497542400.xlsx" "D:/xampp/htdocs/v78/vpdf/uploadFile/currentfile/20170616/2/pdf/周报-李时嘉-第15周 _1497542400.pdf" GMreader_OPV
2017-06-16T15:34:12+08:00	conversion: "D:/xampp/htdocs/v78/vpdf/conversion/opv.exe" "D:/xampp/htdocs/v78/vpdf/uploadFile/weatherCities/20170616/2/xlsx/周报-李时嘉-第15周 _1497542400.xlsx" "D:/xampp/htdocs/v78/vpdf/uploadFile/currentfile/20170616/2/pdf/周报-李时嘉-第15周 _1497542400.pdf" GMreader_OPV
2017-06-16T18:31:18+08:00	conversion: "D:/xampp/htdocs/v78/vpdf/conversion/opv.exe" "http://ucenter.wiserar.com/uploadFile/weatherCities/20170616/2/pptx/第四部分 写作 (1)_1497542400.pptx" "http://ucenter.wiserar.com/uploadFile/currentfile/20170616/2/pdf/第四部分 写作 (1)_1497542400.pdf" GMreader_OPV
2017-06-16T18:31:28+08:00	conversion: "D:/xampp/htdocs/v78/vpdf/conversion/opv.exe" "http://ucenter.wiserar.com/uploadFile/weatherCities/20170616/2/pptx/第四部分 写作 (1)_1497542400.pptx" "http://ucenter.wiserar.com/uploadFile/currentfile/20170616/2/pdf/第四部分 写作 (1)_1497542400.pdf" GMreader_OPV
2017-06-19T11:35:51+08:00	conversion: "D:/xampp/htdocs/v78/vpdf/conversion/opv.exe" "D:/xampp/htdocs/v78/vpdf/uploadFile/weatherCities/20170619/2/pptx/第四部分 写作 (1)_1497542400.pptx" "D:/xampp/htdocs/v78/vpdf/uploadFile/currentfile/20170619/2/pdf/第四部分 写作 (1)_1497542400.pdf" GMreader_OPV
2017-06-19T11:39:47+08:00	conversion: "D:/xampp/htdocs/v78/vpdf/conversion/opv.exe" "D:/xampp/htdocs/v78/vpdf/uploadFile/weatherCities/20170619/2/pptx/第四部分 写作 (1)_1497542400.pptx" "D:/xampp/htdocs/v78/vpdf/uploadFile/currentfile/20170619/2/pdf/第四部分 写作 (1)_1497542400.pdf" GMreader_OPV
2017-06-19T11:40:08+08:00	conversion: "D:/xampp/htdocs/v78/vpdf/conversion/opv.exe" "D:/xampp/htdocs/v78/vpdf/uploadFile/weatherCities/20170619/2/pptx/第四部分 写作 (1)_1497801600.pptx" "D:/xampp/htdocs/v78/vpdf/uploadFile/currentfile/20170619/2/pdf/第四部分 写作 (1)_1497801600.pdf" GMreader_OPV
2017-06-19T11:40:59+08:00	conversion: "D:/xampp/htdocs/v78/vpdf/conversion/opv.exe" "D:/xampp/htdocs/v78/vpdf/uploadFile/weatherCities/20170619/2/xlsx/ceshi_1497801600.xlsx" "D:/xampp/htdocs/v78/vpdf/uploadFile/currentfile/20170619/2/pdf/ceshi_1497801600.pdf" GMreader_OPV
2017-06-19T11:44:02+08:00	conversion: "D:/xampp/htdocs/v78/vpdf/conversion/opv.exe" "D:/xampp/htdocs/v78/vpdf/uploadFile/weatherCities/20170619/2/xlsx/周报-李时嘉-第15周 _1497801600.xlsx" "D:/xampp/htdocs/v78/vpdf/uploadFile/currentfile/20170619/2/pdf/周报-李时嘉-第15周 _1497801600.pdf" GMreader_OPV
2017-06-19T11:44:07+08:00	conversion: "D:/xampp/htdocs/v78/vpdf/conversion/opv.exe" "D:/xampp/htdocs/v78/vpdf/uploadFile/weatherCities/20170619/2/xlsx/周报-李时嘉-第15周 _1497801600.xlsx" "D:/xampp/htdocs/v78/vpdf/uploadFile/currentfile/20170619/2/pdf/周报-李时嘉-第15周 _1497801600.pdf" GMreader_OPV
2017-06-19T11:45:25+08:00	conversion: "D:/xampp/htdocs/v78/vpdf/conversion/opv.exe" "D:/xampp/htdocs/v78/vpdf/uploadFile/weatherCities/20170619/2/pptx/第四部分 写作 (1)_1497801600.pptx" "D:/xampp/htdocs/v78/vpdf/uploadFile/currentfile/20170619/2/pdf/第四部分 写作 (1)_1497801600.pdf" GMreader_OPV
2017-06-19T11:45:33+08:00	conversion: "D:/xampp/htdocs/v78/vpdf/conversion/opv.exe" "D:/xampp/htdocs/v78/vpdf/uploadFile/weatherCities/20170619/2/pptx/第四部分 写作 (1)_1497801600.pptx" "D:/xampp/htdocs/v78/vpdf/uploadFile/currentfile/20170619/2/pdf/第四部分 写作 (1)_1497801600.pdf" GMreader_OPV
2017-06-19T11:45:57+08:00	conversion: "D:/xampp/htdocs/v78/vpdf/conversion/opv.exe" "D:/xampp/htdocs/v78/vpdf/uploadFile/weatherCities/20170619/2/ppt/第四部分写作_1497801600.ppt" "D:/xampp/htdocs/v78/vpdf/uploadFile/currentfile/20170619/2/pdf/第四部分写作_1497801600.pdf" GMreader_OPV
2017-06-19T11:46:20+08:00	conversion: "D:/xampp/htdocs/v78/vpdf/conversion/opv.exe" "D:/xampp/htdocs/v78/vpdf/uploadFile/weatherCities/20170619/2/pptx/第四部分写作_1497801600.pptx" "D:/xampp/htdocs/v78/vpdf/uploadFile/currentfile/20170619/2/pdf/第四部分写作_1497801600.pdf" GMreader_OPV
2017-06-19T11:46:33+08:00	conversion: "D:/xampp/htdocs/v78/vpdf/conversion/opv.exe" "D:/xampp/htdocs/v78/vpdf/uploadFile/weatherCities/20170619/2/pptx/第四部分 写作 (1)_1497801600.pptx" "D:/xampp/htdocs/v78/vpdf/uploadFile/currentfile/20170619/2/pdf/第四部分 写作 (1)_1497801600.pdf" GMreader_OPV
2017-06-19T14:55:29+08:00	conversion: "D:/xampp/htdocs/v78/vpdf/conversion/opv.exe" "D:/xampp/htdocs/v78/vpdf/uploadFile/weatherCities/20170619/2/xlsx/(汪健)月度任务考核_1497801600.xlsx" "D:/xampp/htdocs/v78/vpdf/uploadFile/currentfile/20170619/2/pdf/(汪健)月度任务考核_1497801600.pdf" GMreader_OPV
2017-06-19T14:56:05+08:00	conversion: "D:/xampp/htdocs/v78/vpdf/conversion/opv.exe" "D:/xampp/htdocs/v78/vpdf/uploadFile/weatherCities/20170619/2/pptx/第四部分 写作 (1)_1497801600.pptx" "D:/xampp/htdocs/v78/vpdf/uploadFile/currentfile/20170619/2/pdf/第四部分 写作 (1)_1497801600.pdf" GMreader_OPV
2017-06-19T14:57:20+08:00	conversion: "D:/xampp/htdocs/v78/vpdf/conversion/opv.exe" "D:/xampp/htdocs/v78/vpdf/uploadFile/weatherCities/20170619/2/doc/【经典】上海   中考物理模拟卷及答案_1497801600.doc" "D:/xampp/htdocs/v78/vpdf/uploadFile/currentfile/20170619/2/pdf/【经典】上海   中考物理模拟卷及答案_1497801600.pdf" GMreader_OPV
2017-06-19T14:57:53+08:00	conversion: "D:/xampp/htdocs/v78/vpdf/conversion/opv.exe" "D:/xampp/htdocs/v78/vpdf/uploadFile/weatherCities/20170619/2/xlsx/ceshi_1497801600.xlsx" "D:/xampp/htdocs/v78/vpdf/uploadFile/currentfile/20170619/2/pdf/ceshi_1497801600.pdf" GMreader_OPV
2017-06-19T14:58:42+08:00	conversion: "D:/xampp/htdocs/v78/vpdf/conversion/opv.exe" "D:/xampp/htdocs/v78/vpdf/uploadFile/weatherCities/20170619/2/xlsx/(汪健)月度任务考核_1497801600.xlsx" "D:/xampp/htdocs/v78/vpdf/uploadFile/currentfile/20170619/2/pdf/(汪健)月度任务考核_1497801600.pdf" GMreader_OPV
2017-06-19T14:59:37+08:00	conversion: "D:/xampp/htdocs/v78/vpdf/conversion/opv.exe" "D:/xampp/htdocs/v78/vpdf/uploadFile/weatherCities/20170619/2/xlsx/周报-李时嘉-第15周 _1497801600.xlsx" "D:/xampp/htdocs/v78/vpdf/uploadFile/currentfile/20170619/2/pdf/周报-李时嘉-第15周 _1497801600.pdf" GMreader_OPV
2017-06-19T15:10:45+08:00	conversion: "D:/xampp/htdocs/v78/vpdf/conversion/opv.exe" "D:/xampp/htdocs/v78/vpdf/uploadFile/weatherCities/20170619/2/xlsx/周报-李时嘉-第15周 _1497801600.xlsx" "D:/xampp/htdocs/v78/vpdf/uploadFile/currentfile/20170619/2/pdf/周报-李时嘉-第15周 _1497801600.pdf" GMreader_OPV
2017-06-19T15:15:20+08:00	conversion: "D:/xampp/htdocs/v78/vpdf/conversion/opv.exe" "D:/xampp/htdocs/v78/vpdf/uploadFile/weatherCities/20170619/2/xlsx/周报-李时嘉-第15周 _1497801600.xlsx" "D:/xampp/htdocs/v78/vpdf/uploadFile/currentfile/20170619/2/pdf/周报-李时嘉-第15周 _1497801600.pdf" GMreader_OPV
2017-06-19T15:24:07+08:00	conversion: "D:/xampp/htdocs/v78/vpdf/conversion/opv.exe" "D:/xampp/htdocs/v78/vpdf/uploadFile/weatherCities/20170619/2/xls/2010年度南京材料价格_1497801600.xls" "D:/xampp/htdocs/v78/vpdf/uploadFile/currentfile/20170619/2/pdf/2010年度南京材料价格_1497801600.pdf" GMreader_OPV
2017-06-19T15:25:41+08:00	conversion: "D:/xampp/htdocs/v78/vpdf/conversion/opv.exe" "D:/xampp/htdocs/v78/vpdf/uploadFile/weatherCities/20170619/2/xls/2010年度南京材料价格_1497801600.xls" "D:/xampp/htdocs/v78/vpdf/uploadFile/currentfile/20170619/2/pdf/2010年度南京材料价格_1497801600.pdf" GMreader_OPV
2017-06-19T15:26:00+08:00	conversion: "D:/xampp/htdocs/v78/vpdf/conversion/opv.exe" "D:/xampp/htdocs/v78/vpdf/uploadFile/weatherCities/20170619/2/xls/2010年度南京材料价格_1497801600.xls" "D:/xampp/htdocs/v78/vpdf/uploadFile/currentfile/20170619/2/pdf/2010年度南京材料价格_1497801600.pdf" GMreader_OPV
2017-06-20T09:25:52+08:00	conversion: "D:/xampp/htdocs/v78/vpdf/conversion/opv.exe" "D:/xampp/htdocs/v78/vpdf/uploadFile/weatherCities/20170620/2/xlsx/ceshi_1497888000.xlsx" "D:/xampp/htdocs/v78/vpdf/uploadFile/currentfile/20170620/2/pdf/ceshi_1497888000.pdf" GMreader_OPV
2017-06-20T09:27:02+08:00	conversion: "D:/xampp/htdocs/v78/vpdf/conversion/opv.exe" "D:/xampp/htdocs/v78/vpdf/uploadFile/weatherCities/20170620/2/xlsx/ceshi_1497888000.xlsx" "D:/xampp/htdocs/v78/vpdf/uploadFile/currentfile/20170620/2/pdf/ceshi_1497888000.pdf" GMreader_OPV
2017-06-20T09:28:24+08:00	conversion: "D:/xampp/htdocs/v78/vpdf/conversion/opv.exe" "D:/xampp/htdocs/v78/vpdf/uploadFile/weatherCities/20170620/2/xlsx/ceshi_1497888000.xlsx" "D:/xampp/htdocs/v78/vpdf/uploadFile/currentfile/20170620/2/pdf/ceshi_1497888000.pdf" GMreader_OPV
2017-06-20T09:31:01+08:00	conversion: "D:/xampp/htdocs/v78/vpdf/conversion/opv.exe" "D:/xampp/htdocs/v78/vpdf/uploadFile/weatherCities/20170620/2/xlsx/ceshi_1497888000.xlsx" "D:/xampp/htdocs/v78/vpdf/uploadFile/currentfile/20170620/2/pdf/ceshi_1497888000.pdf" GMreader_OPV
2017-06-20T09:32:51+08:00	conversion: "D:/xampp/htdocs/v78/vpdf/conversion/opv.exe" "D:/xampp/htdocs/v78/vpdf/uploadFile/weatherCities/20170620/2/xlsx/ceshi_1497888000.xlsx" "D:/xampp/htdocs/v78/vpdf/uploadFile/currentfile/20170620/2/pdf/ceshi_1497888000.pdf" GMreader_OPV
2017-06-20T09:45:13+08:00	conversion: "D:/xampp/htdocs/v78/vpdf/conversion/opv.exe" "D:/xampp/htdocs/v78/vpdf/uploadFile/weatherCities/20170620/2/doc/二元一次方程组5_1497888000.doc" "D:/xampp/htdocs/v78/vpdf/uploadFile/currentfile/20170620/2/pdf/二元一次方程组5_1497888000.pdf" GMreader_OPV
2017-06-23T14:33:21+08:00	conversion: "D:/xampp/htdocs/v78/vpdf/conversion/opv.exe" "D:/xampp/htdocs/v78/vpdf/uploadFile/weatherCities/20170623/2/xlsx/ceshi_1498147200.xlsx" "D:/xampp/htdocs/v78/vpdf/uploadFile/currentfile/20170623/2/pdf/ceshi_1498147200.pdf" GMreader_OPV
2017-06-23T14:34:12+08:00	conversion: "D:/xampp/htdocs/v78/vpdf/conversion/opv.exe" "D:/xampp/htdocs/v78/vpdf/uploadFile/weatherCities/20170623/2/xlsx/周报-李时嘉-第15周 _1498147200.xlsx" "D:/xampp/htdocs/v78/vpdf/uploadFile/currentfile/20170623/2/pdf/周报-李时嘉-第15周 _1498147200.pdf" GMreader_OPV
2017-06-23T15:36:06+08:00	conversion: "D:/xampp/htdocs/v78/vpdf/conversion/opv.exe" "D:/xampp/htdocs/v78/vpdf/uploadFile/weatherCities/20170623/2/doc/导电高分子发展简介-英文_1498147200.doc" "D:/xampp/htdocs/v78/vpdf/uploadFile/currentfile/20170623/2/pdf/导电高分子发展简介-英文_1498147200.pdf" GMreader_OPV
2017-06-23T15:37:57+08:00	conversion: "D:/xampp/htdocs/v78/vpdf/conversion/opv.exe" "D:/xampp/htdocs/v78/vpdf/uploadFile/weatherCities/20170623/2/doc/五下语文《人物描写一组》作业本答案_1498147200.doc" "D:/xampp/htdocs/v78/vpdf/uploadFile/currentfile/20170623/2/pdf/五下语文《人物描写一组》作业本答案_1498147200.pdf" GMreader_OPV
2017-06-26T10:38:33+08:00	conversion: "D:/xampp/htdocs/v78/vpdf/conversion/opv.exe" "D:/xampp/htdocs/v78/vpdf/uploadFile/weatherCities/20170626/2/xlsx/ceshi_1498406400.xlsx" "D:/xampp/htdocs/v78/vpdf/uploadFile/currentfile/20170626/2/pdf/ceshi_1498406400.pdf" GMreader_OPV
2017-06-26T11:17:55+08:00	conversion: "D:/xampp/htdocs/v78/vpdf/conversion/pdv2.exe" "D:/xampp/htdocs/v78/vpdf/uploadFile/weatherCities/20170626/2/pdf/Hibernate Getting Started Guide_1498406400.pdf" "D:/xampp/htdocs/v78/vpdf/uploadFile/currentfile/20170626/2/docx/Hibernate Getting Started Guide_1498406400.docx" ipdfReader_PDV
2017-06-26T16:47:56+08:00	conversion: "D:/xampp/htdocs/v78/vpdf/conversion/pdv2.exe" "D:/xampp/htdocs/v78/vpdf/uploadFile/weatherCities/20170626/2/pdf/会员制设计及会员招募策略_1498406400.pdf" "D:/xampp/htdocs/v78/vpdf/uploadFile/currentfile/20170626/2/docx/会员制设计及会员招募策略_1498406400.docx" ipdfReader_PDV
2017-06-30T14:57:00+08:00	conversion: "D:/xampp/htdocs/v78/vpdf/conversion/opv.exe" "D:/xampp/htdocs/v78/vpdf/uploadFile/weatherCities/20170630/2/xlsx/周报-李时嘉-第15周  (1)_1498752000.xlsx" "D:/xampp/htdocs/v78/vpdf/uploadFile/currentfile/20170630/2/pdf/周报-李时嘉-第15周  (1)_1498752000.pdf" GMreader_OPV
2017-06-30T15:04:25+08:00	conversion: "D:/xampp/htdocs/v78/vpdf/conversion/opv.exe" "D:/xampp/htdocs/v78/vpdf/uploadFile/weatherCities/20170630/2/doc/设计公司与广告公司的区别_1498752000.doc" "D:/xampp/htdocs/v78/vpdf/uploadFile/currentfile/20170630/2/pdf/设计公司与广告公司的区别_1498752000.pdf" GMreader_OPV
2017-06-30T15:04:29+08:00	conversion: "D:/xampp/htdocs/v78/vpdf/conversion/opv.exe" "D:/xampp/htdocs/v78/vpdf/uploadFile/weatherCities/20170630/2/doc/留守儿童学生统计表_1498752000.doc" "D:/xampp/htdocs/v78/vpdf/uploadFile/currentfile/20170630/2/pdf/留守儿童学生统计表_1498752000.pdf" GMreader_OPV
2017-06-30T15:04:33+08:00	conversion: "D:/xampp/htdocs/v78/vpdf/conversion/opv.exe" "D:/xampp/htdocs/v78/vpdf/uploadFile/weatherCities/20170630/2/doc/导电高分子发展简介-英文_1498752000.doc" "D:/xampp/htdocs/v78/vpdf/uploadFile/currentfile/20170630/2/pdf/导电高分子发展简介-英文_1498752000.pdf" GMreader_OPV
2017-06-30T15:04:36+08:00	conversion: "D:/xampp/htdocs/v78/vpdf/conversion/opv.exe" "D:/xampp/htdocs/v78/vpdf/uploadFile/weatherCities/20170630/2/docx/拟南芥的一般生物学特性_1498752000.docx" "D:/xampp/htdocs/v78/vpdf/uploadFile/currentfile/20170630/2/pdf/拟南芥的一般生物学特性_1498752000.pdf" GMreader_OPV
2017-07-03T11:29:41+08:00	conversion: "D:/xampp/htdocs/v78/vpdf/conversion/opv.exe" "D:/xampp/htdocs/v78/vpdf/uploadFile/weatherCities/20170703/2/doc/作为一名一线职工_1499011200.doc" "D:/xampp/htdocs/v78/vpdf/uploadFile/currentfile/20170703/2/pdf/作为一名一线职工_1499011200.pdf" GMreader_OPV
2017-07-03T14:09:06+08:00	conversion: "D:/xampp/htdocs/v78/vpdf/conversion/opv.exe" "D:/xampp/htdocs/v78/vpdf/uploadFile/weatherCities/20170703/2/doc/军事知识选择题_1499011200.doc" "D:/xampp/htdocs/v78/vpdf/uploadFile/currentfile/20170703/2/pdf/军事知识选择题_1499011200.pdf" GMreader_OPV
2017-07-03T14:09:27+08:00	conversion: "D:/xampp/htdocs/v78/vpdf/conversion/opv.exe" "D:/xampp/htdocs/v78/vpdf/uploadFile/weatherCities/20170703/2/doc/谈谈对中医药的认识_1499011200.doc" "D:/xampp/htdocs/v78/vpdf/uploadFile/currentfile/20170703/2/pdf/谈谈对中医药的认识_1499011200.pdf" GMreader_OPV
2017-07-03T14:11:46+08:00	conversion: "D:/xampp/htdocs/v78/vpdf/conversion/opv.exe" "D:/xampp/htdocs/v78/vpdf/uploadFile/weatherCities/20170703/2/doc/预防医学2_1499011200.doc" "D:/xampp/htdocs/v78/vpdf/uploadFile/currentfile/20170703/2/pdf/预防医学2_1499011200.pdf" GMreader_OPV
2017-07-03T14:34:32+08:00	conversion: "D:/xampp/htdocs/v78/vpdf/conversion/opv.exe" "D:/xampp/htdocs/v78/vpdf/uploadFile/weatherCities/20170703/2/doc/现代地毯的起源和发展_1499011200.doc" "D:/xampp/htdocs/v78/vpdf/uploadFile/currentfile/20170703/2/pdf/现代地毯的起源和发展_1499011200.pdf" GMreader_OPV
2017-07-03T14:53:06+08:00	conversion: "D:/xampp/htdocs/v78/vpdf/conversion/opv.exe" "D:/xampp/htdocs/v78/vpdf/uploadFile/weatherCities/20170703/2/doc/电子屏设置_1499011200.doc" "D:/xampp/htdocs/v78/vpdf/uploadFile/currentfile/20170703/2/pdf/电子屏设置_1499011200.pdf" GMreader_OPV
2017-07-03T15:51:42+08:00	conversion: "D:/xampp/htdocs/v78/vpdf/conversion/opv.exe" "D:/xampp/htdocs/v78/vpdf/uploadFile/weatherCities/20170703/2/docx/个 人 简 历_1499011200.docx" "D:/xampp/htdocs/v78/vpdf/uploadFile/currentfile/20170703/2/pdf/个 人 简 历_1499011200.pdf" GMreader_OPV
2017-07-03T17:01:56+08:00	conversion: "D:/xampp/htdocs/v78/vpdf/conversion/pdv2.exe" "D:/xampp/htdocs/v78/vpdf/uploadFile/weatherCities/20170703/2/pdf/安组字〔2017〕69号关于印发《全市非公企业和社会组织nbsp两个覆盖情况摸底排查工作方案》的通知(1)_1499011200.pdf" "D:/xampp/htdocs/v78/vpdf/uploadFile/currentfile/20170703/2/docx/安组字〔2017〕69号关于印发《全市非公企业和社会组织nbsp两个覆盖情况摸底排查工作方案》的通知(1)_1499011200.docx" ipdfReader_PDV
2017-07-03T18:07:45+08:00	conversion: "D:/xampp/htdocs/v78/vpdf/conversion/pdv2.exe" "D:/xampp/htdocs/v78/vpdf/uploadFile/weatherCities/20170703/2/pdf/安组字〔2017〕69号关于印发《全市非公企业和社会组织nbsp两个覆盖情况摸底排查工作方案》的通知(1)_1499011200.pdf" "D:/xampp/htdocs/v78/vpdf/uploadFile/currentfile/20170703/2/docx/安组字〔2017〕69号关于印发《全市非公企业和社会组织nbsp两个覆盖情况摸底排查工作方案》的通知(1)_1499011200.docx" ipdfReader_PDV
2017-07-03T18:08:28+08:00	conversion: "D:/xampp/htdocs/v78/vpdf/conversion/pdv2.exe" "D:/xampp/htdocs/v78/vpdf/uploadFile/weatherCities/20170703/2/pdf/安组字〔2017〕69号关于印发《全市非公企业和社会组织nbsp两个覆盖情况摸底排查工作方案》的通知(1)_1499011200.pdf" "D:/xampp/htdocs/v78/vpdf/uploadFile/currentfile/20170703/2/docx/安组字〔2017〕69号关于印发《全市非公企业和社会组织nbsp两个覆盖情况摸底排查工作方案》的通知(1)_1499011200.docx" ipdfReader_PDV
2017-07-03T18:17:40+08:00	conversion: "D:/xampp/htdocs/v78/vpdf/conversion/pdv2.exe" "D:/xampp/htdocs/v78/vpdf/uploadFile/weatherCities/20170703/2/pdf/安组字〔2017〕69号关于印发《全市非公企业和社会组织nbsp两个覆盖情况摸底排查工作方案》的通知(1)_1499011200.pdf" "D:/xampp/htdocs/v78/vpdf/uploadFile/currentfile/20170703/2/docx/安组字〔2017〕69号关于印发《全市非公企业和社会组织nbsp两个覆盖情况摸底排查工作方案》的通知(1)_1499011200.docx" ipdfReader_PDV
2017-07-03T18:19:24+08:00	conversion: "D:/xampp/htdocs/v78/vpdf/conversion/pdv2.exe" "D:/xampp/htdocs/v78/vpdf/uploadFile/weatherCities/20170703/2/pdf/安组字〔2017〕69号关于印发《全市非公企业和社会组织nbsp两个覆盖情况摸底排查工作方案》的通知(1)_1499011200.pdf" "D:/xampp/htdocs/v78/vpdf/uploadFile/currentfile/20170703/2/docx/安组字〔2017〕69号关于印发《全市非公企业和社会组织nbsp两个覆盖情况摸底排查工作方案》的通知(1)_1499011200.docx" ipdfReader_PDV
2017-07-03T18:26:54+08:00	conversion: "D:/xampp/htdocs/v78/vpdf/conversion/pdv2.exe" "D:/xampp/htdocs/v78/vpdf/uploadFile/weatherCities/20170703/2/pdf/安组字〔2017〕69号关于印发《全市非公企业和社会组织“两个覆盖”情况摸底排查工作方案》的通知(1).pdf" "D:/xampp/htdocs/v78/vpdf/uploadFile/currentfile/20170703/2/docx/安组字〔2017〕69号关于印发《全市非公企业和社会组织“两个覆盖”情况摸底排查工作方案》的通知(1).docx" ipdfReader_PDV
2017-07-03T18:31:42+08:00	conversion: "D:/xampp/htdocs/v78/vpdf/conversion/pdv2.exe" "D:/xampp/htdocs/v78/vpdf/uploadFile/weatherCities/20170703/2/pdf/安组字〔2017〕69号关于印发《全市非公企业和社会组织“两个覆盖”情况摸底排查工作方案》的通知(1)_1499011200." "D:/xampp/htdocs/v78/vpdf/uploadFile/currentfile/20170703/2/docx/安组字〔2017〕69号关于印发《全市非公企业和社会组织“两个覆盖”情况摸底排查工作方案》的通知(1)_1499011200.docx" ipdfReader_PDV
2017-07-03T18:31:51+08:00	conversion: "D:/xampp/htdocs/v78/vpdf/conversion/pdv2.exe" "D:/xampp/htdocs/v78/vpdf/uploadFile/weatherCities/20170703/2/pdf/安组字〔2017〕69号关于印发《全市非公企业和社会组织“两个覆盖”情况摸底排查工作方案》的通知(1)_1499011200." "D:/xampp/htdocs/v78/vpdf/uploadFile/currentfile/20170703/2/docx/安组字〔2017〕69号关于印发《全市非公企业和社会组织“两个覆盖”情况摸底排查工作方案》的通知(1)_1499011200.docx" ipdfReader_PDV
2017-07-03T18:32:35+08:00	conversion: "D:/xampp/htdocs/v78/vpdf/conversion/pdv2.exe" "D:/xampp/htdocs/v78/vpdf/uploadFile/weatherCities/20170703/2/pdf/安组字〔2017〕69号关于印发《全市非公企业和社会组织“两个覆盖”情况摸底排查工作方案》的通知(1)_1499011200." "D:/xampp/htdocs/v78/vpdf/uploadFile/currentfile/20170703/2/docx/安组字〔2017〕69号关于印发《全市非公企业和社会组织“两个覆盖”情况摸底排查工作方案》的通知(1)_1499011200.docx" ipdfReader_PDV
2017-07-03T18:36:50+08:00	conversion: "D:/xampp/htdocs/v78/vpdf/conversion/pdv2.exe" "D:/xampp/htdocs/v78/vpdf/uploadFile/weatherCities/20170703/2/pdf/安组字〔2017〕69号关于印发《全市非公企业和社会组织“两个覆盖”情况摸底排查工作方案》的通知(1)_1499011200.pdf" "D:/xampp/htdocs/v78/vpdf/uploadFile/currentfile/20170703/2/docx/安组字〔2017〕69号关于印发《全市非公企业和社会组织“两个覆盖”情况摸底排查工作方案》的通知(1)_1499011200.docx" ipdfReader_PDV
2017-07-03T18:38:50+08:00	conversion: "D:/xampp/htdocs/v78/vpdf/conversion/opv.exe" "D:/xampp/htdocs/v78/vpdf/uploadFile/weatherCities/20170703/2/doc/上海四年级下册古诗词整理_1499011200.doc" "D:/xampp/htdocs/v78/vpdf/uploadFile/currentfile/20170703/2/pdf/上海四年级下册古诗词整理_1499011200.pdf" GMreader_OPV
2017-07-04T14:27:26+08:00	conversion: "D:/xampp/htdocs/v78/vpdf/conversion/opv.exe" "D:/xampp/htdocs/v78/vpdf/uploadFile/weatherCities/20170704/2/doc/上海四年级下册古诗词整理_1499097600.doc" "D:/xampp/htdocs/v78/vpdf/uploadFile/currentfile/20170704/2/pdf/上海四年级下册古诗词整理_1499097600.pdf" GMreader_OPV
2017-07-04T18:09:28+08:00	conversion: "D:/xampp/htdocs/v78/vpdf/conversion/pdv2.exe" "D:/xampp/htdocs/v78/vpdf/uploadFile/weatherCities/20170704/2/pdf/安组字〔2017〕69号关于印发《全市非公企业和社会组织“两个覆盖”情况摸底排查工作方案》的通知(1)_1499097600.pdf" "D:/xampp/htdocs/v78/vpdf/uploadFile/currentfile/20170704/2/docx/安组字〔2017〕69号关于印发《全市非公企业和社会组织“两个覆盖”情况摸底排查工作方案》的通知(1)_1499097600.docx" ipdfReader_PDV
2017-07-04T20:09:37+08:00	conversion: "D:/xampp/htdocs/v78/vpdf/conversion/pdv2.exe" "D:/xampp/htdocs/v78/vpdf/uploadFile/weatherCities/20170704/2/pdf/安组字201769号关于印发全市非公企业和社会组织两个覆盖情况摸底排查工作方案的通知1_1499097600.pdf" "D:/xampp/htdocs/v78/vpdf/uploadFile/currentfile/20170704/2/docx/安组字201769号关于印发全市非公企业和社会组织两个覆盖情况摸底排查工作方案的通知1_1499097600.docx" ipdfReader_PDV
2017-07-04T20:27:17+08:00	conversion: "D:/xampp/htdocs/v78/vpdf/conversion/opv.exe" "D:/xampp/htdocs/v78/vpdf/uploadFile/weatherCities/20170704/2/doc/unnp hello_1499097600.doc" "D:/xampp/htdocs/v78/vpdf/uploadFile/currentfile/20170704/2/pdf/unnp hello_1499097600.pdf" GMreader_OPV
2017-07-05T10:19:38+08:00	conversion: "D:/xampp/htdocs/v78/vpdf/conversion/opv.exe" "D:/xampp/htdocs/v78/vpdf/uploadFile/weatherCities/20170705/2/doc/上海四年级下册古诗词整理_1499184000.doc" "D:/xampp/htdocs/v78/vpdf/uploadFile/currentfile/20170705/2/pdf/上海四年级下册古诗词整理_1499184000.pdf" GMreader_OPV
2017-07-05T17:21:43+08:00	conversion: "D:/xampp/htdocs/v78/vpdf/conversion/opv.exe" "D:/xampp/htdocs/v78/vpdf/uploadFile/weatherCities/20170705/2/doc/2013年高考文科数学安徽卷试题与答案word解析版_1499184000.doc" "D:/xampp/htdocs/v78/vpdf/uploadFile/currentfile/20170705/2/pdf/2013年高考文科数学安徽卷试题与答案word解析版_1499184000.pdf" GMreader_OPV
2017-07-05T17:27:49+08:00	conversion: "D:/xampp/htdocs/v78/vpdf/conversion/opv.exe" "D:/xampp/htdocs/v78/vpdf/uploadFile/weatherCities/20170705/2/xlsx/周报李时嘉第26周_1499184000.xlsx" "D:/xampp/htdocs/v78/vpdf/uploadFile/currentfile/20170705/2/pdf/周报李时嘉第26周_1499184000.pdf" GMreader_OPV
2017-07-05T17:28:16+08:00	conversion: "D:/xampp/htdocs/v78/vpdf/conversion/pdv2.exe" "D:/xampp/htdocs/v78/vpdf/uploadFile/weatherCities/20170705/2/pdf/建筑平立剖面图画法_1499184000.pdf" "D:/xampp/htdocs/v78/vpdf/uploadFile/currentfile/20170705/2/docx/建筑平立剖面图画法_1499184000.docx" ipdfReader_PDV
2017-07-06T14:32:21+08:00	conversion: "D:/xampp/htdocs/v78/vpdf/conversion/pdv2.exe" "D:/xampp/htdocs/v78/vpdf/uploadFile/weatherCities/20170706/2/pdf/安组字201769号关于印发全市非公企业和社会组织两个覆盖情况摸底排查工作方案的通知1_1499270400.pdf" "D:/xampp/htdocs/v78/vpdf/uploadFile/currentfile/20170706/2/docx/安组字201769号关于印发全市非公企业和社会组织两个覆盖情况摸底排查工作方案的通知1_1499270400.docx" ipdfReader_PDV
2017-07-06T16:51:43+08:00	conversion: "D:/xampp/htdocs/v78/vpdf/conversion/pdv2.exe" "D:/xampp/htdocs/v78/vpdf/uploadFile/weatherCities/20170706/2/pdf/K6830_1499270400.pdf" "D:/xampp/htdocs/v78/vpdf/uploadFile/currentfile/20170706/2/docx/K6830_1499270400.docx" ipdfReader_PDV
2017-07-06T17:12:16+08:00	conversion: "D:/xampp/htdocs/v78/vpdf/conversion/opv.exe" "D:/xampp/htdocs/v78/vpdf/uploadFile/weatherCities/20170706/2/doc/unnp hello_1499270400.doc" "D:/xampp/htdocs/v78/vpdf/uploadFile/currentfile/20170706/2/pdf/unnp hello_1499270400.pdf" GMreader_OPV
2017-07-06T18:38:09+08:00	conversion: "D:/xampp/htdocs/v78/vpdf/conversion/pdv2.exe" "D:/xampp/htdocs/v78/vpdf/uploadFile/weatherCities/20170706/2/pdf/最新电控柴油机电路维修图集_1499270400.pdf" "D:/xampp/htdocs/v78/vpdf/uploadFile/currentfile/20170706/2/docx/最新电控柴油机电路维修图集_1499270400.docx" ipdfReader_PDV
2017-07-06T18:38:16+08:00	conversion: "D:/xampp/htdocs/v78/vpdf/conversion/pdv2.exe" "D:/xampp/htdocs/v78/vpdf/uploadFile/weatherCities/20170706/2/pdf/2004年全国初中数学联赛试题及解答_1499270400.pdf" "D:/xampp/htdocs/v78/vpdf/uploadFile/currentfile/20170706/2/docx/2004年全国初中数学联赛试题及解答_1499270400.docx" ipdfReader_PDV
2017-07-07T09:58:34+08:00	conversion: "D:/xampp/htdocs/v78/vpdf/conversion/opv.exe" "D:/xampp/htdocs/v78/vpdf/uploadFile/weatherCities/20170707/2/doc/上海四年级下册古诗词整理_1499356800.doc" "D:/xampp/htdocs/v78/vpdf/uploadFile/currentfile/20170707/2/pdf/上海四年级下册古诗词整理_1499356800.pdf" GMreader_OPV
2017-07-07T20:54:19+08:00	conversion: "D:/xampp/htdocs/v78/vpdf/conversion/pdv2.exe" "D:/xampp/htdocs/v78/vpdf/uploadFile/weatherCities/20170707/2/pdf/安组字201769号关于印发全市非公企业和社会组织两个覆盖情况摸底排查工作方案的通知1_1499356800.pdf" "D:/xampp/htdocs/v78/vpdf/uploadFile/currentfile/20170707/2/docx/安组字201769号关于印发全市非公企业和社会组织两个覆盖情况摸底排查工作方案的通知1_1499356800.docx" ipdfReader_PDV
2017-07-10T11:01:00+08:00	conversion: "D:/xampp/htdocs/v78/vpdf/conversion/pdv2.exe" "D:/xampp/htdocs/v78/vpdf/uploadFile/weatherCities/20170710/2/pdf/安组字201769号关于印发全市非公企业和社会组织两个覆盖情况摸底排查工作方案的通知1_1499356800.pdf" "D:/xampp/htdocs/v78/vpdf/uploadFile/currentfile/20170710/2/docx/安组字201769号关于印发全市非公企业和社会组织两个覆盖情况摸底排查工作方案的通知1_1499356800.docx" ipdfReader_PDV
2017-07-10T11:07:07+08:00	conversion: "D:/xampp/htdocs/v78/vpdf/conversion/pdv2.exe" "D:/xampp/htdocs/v78/vpdf/uploadFile/weatherCities/20170710/2/pdf/包装箱图纸及说明_1499616000.pdf" "D:/xampp/htdocs/v78/vpdf/uploadFile/currentfile/20170710/2/docx/包装箱图纸及说明_1499616000.docx" ipdfReader_PDV
2017-07-10T11:31:53+08:00	conversion: "D:/xampp/htdocs/v78/vpdf/conversion/pdv2.exe" "D:/xampp/htdocs/v78/vpdf/uploadFile/weatherCities/20170710/2/pdf/学校标识导向系统设计的意义_1499616000.pdf" "D:/xampp/htdocs/v78/vpdf/uploadFile/currentfile/20170710/2/docx/学校标识导向系统设计的意义_1499616000.docx" ipdfReader_PDV
2017-07-10T17:26:08+08:00	conversion: "D:/xampp/htdocs/v78/vpdf/conversion/pdv2.exe" "D:/xampp/htdocs/v78/vpdf/uploadFile/weatherCities/20170710/2/pdf/安组字201769号关于印发全市非公企业和社会组织两个覆盖情况摸底排查工作方案的通知1_1499616000.pdf" "D:/xampp/htdocs/v78/vpdf/uploadFile/currentfile/20170710/2/docx/安组字201769号关于印发全市非公企业和社会组织两个覆盖情况摸底排查工作方案的通知1_1499616000.docx" ipdfReader_PDV
2017-07-10T18:34:58+08:00	conversion: "D:/xampp/htdocs/v78/vpdf/conversion/pdv2.exe" "D:/xampp/htdocs/v78/vpdf/uploadFile/weatherCities/20170710/2/pdf/cc_1499616000.pdf_split.pdf" "D:/xampp/htdocs/v78/vpdf/uploadFile/currentfile/20170710/2/docx/cc_1499616000.docx" ipdfReader_PDV
2017-07-11T09:56:33+08:00	conversion: "D:/xampp/htdocs/v78/vpdf/conversion/pdv2.exe" "D:/xampp/htdocs/v78/vpdf/uploadFile/weatherCities/20170711/2/pdf/cc_1499702400.pdf_split.pdf" "D:/xampp/htdocs/v78/vpdf/uploadFile/currentfile/20170711/2/docx/cc_1499702400.docx" ipdfReader_PDV
2017-07-11T10:00:39+08:00	conversion: "D:/xampp/htdocs/v78/vpdf/conversion/pdv2.exe" "D:/xampp/htdocs/v78/vpdf/uploadFile/weatherCities/20170711/2/pdf/xx_1499702400.pdf_split.pdf" "D:/xampp/htdocs/v78/vpdf/uploadFile/currentfile/20170711/2/docx/xx_1499702400.docx" ipdfReader_PDV
2017-07-11T18:18:42+08:00	conversion: "D:/xampp/htdocs/v78/vpdf/conversion/opv.exe" "D:/xampp/htdocs/v78/vpdf/uploadFile/weatherCities/20170711/2/doc/上海四年级下册古诗词整理_1499702400.doc" "D:/xampp/htdocs/v78/vpdf/uploadFile/currentfile/20170711/2/pdf/上海四年级下册古诗词整理_1499702400.pdf" GMreader_OPV
2017-07-11T18:22:41+08:00	conversion: "D:/xampp/htdocs/v78/vpdf/conversion/opv.exe" "D:/xampp/htdocs/v78/vpdf/uploadFile/weatherCities/20170711/2/doc/2013年高考理科数学辽宁卷word解析版_1499702400.doc" "D:/xampp/htdocs/v78/vpdf/uploadFile/currentfile/20170711/2/pdf/2013年高考理科数学辽宁卷word解析版_1499702400.pdf" GMreader_OPV
2017-07-11T18:24:25+08:00	conversion: "D:/xampp/htdocs/v78/vpdf/conversion/opv.exe" "D:/xampp/htdocs/v78/vpdf/uploadFile/weatherCities/20170711/2/xls/毛泽东文化品格与决策意识上_1499702400.xls" "D:/xampp/htdocs/v78/vpdf/uploadFile/currentfile/20170711/2/pdf/毛泽东文化品格与决策意识上_1499702400.pdf" GMreader_OPV
2017-07-11T18:24:55+08:00	conversion: "D:/xampp/htdocs/v78/vpdf/conversion/opv.exe" "D:/xampp/htdocs/v78/vpdf/uploadFile/weatherCities/20170711/2/xls/医疗收费标准_1499702400.xls" "D:/xampp/htdocs/v78/vpdf/uploadFile/currentfile/20170711/2/pdf/医疗收费标准_1499702400.pdf" GMreader_OPV
2017-07-11T18:25:36+08:00	conversion: "D:/xampp/htdocs/v78/vpdf/conversion/opv.exe" "D:/xampp/htdocs/v78/vpdf/uploadFile/weatherCities/20170711/2/xls/毛泽东文化品格与决策意识上_1499702400.xls" "D:/xampp/htdocs/v78/vpdf/uploadFile/currentfile/20170711/2/pdf/毛泽东文化品格与决策意识上_1499702400.pdf" GMreader_OPV
2017-07-11T18:26:18+08:00	conversion: "D:/xampp/htdocs/v78/vpdf/conversion/opv.exe" "D:/xampp/htdocs/v78/vpdf/uploadFile/weatherCities/20170711/2/xlsx/全国电力设计院_1499702400.xlsx" "D:/xampp/htdocs/v78/vpdf/uploadFile/currentfile/20170711/2/pdf/全国电力设计院_1499702400.pdf" GMreader_OPV
2017-07-13T17:02:47+08:00	conversion: "D:/xampp/htdocs/v78/vpdf/conversion/pdv2.exe" "D:/xampp/htdocs/v78/vpdf/uploadFile/weatherCities/20170713/2/pdf/cc_1499702400.pdf" "D:/xampp/htdocs/v78/vpdf/uploadFile/currentfile/20170713/2/docx/cc_1499702400.docx" ipdfReader_PDV
2017-07-13T17:07:44+08:00	conversion: "D:/xampp/htdocs/v78/vpdf/conversion/pdv2.exe" "D:/xampp/htdocs/v78/vpdf/uploadFile/weatherCities/20170713/2/pdf/cc_1499875200.pdf_split.pdf" "D:/xampp/htdocs/v78/vpdf/uploadFile/currentfile/20170713/2/docx/cc_1499875200.docx" ipdfReader_PDV
2017-07-13T17:10:12+08:00	conversion: "D:/xampp/htdocs/v78/vpdf/conversion/pdv2.exe" "D:/xampp/htdocs/v78/vpdf/uploadFile/weatherCities/20170713/3/pdf/cc_1499875200.pdf_split.pdf" "D:/xampp/htdocs/v78/vpdf/uploadFile/currentfile/20170713/3/docx/cc_1499875200.docx" ipdfReader_PDV
2017-07-13T17:15:37+08:00	conversion: "D:/xampp/htdocs/v78/vpdf/conversion/pdv2.exe" "D:/xampp/htdocs/v78/vpdf/uploadFile/weatherCities/20170713/4/pdf/cc_1499875200.pdf_split.pdf" "D:/xampp/htdocs/v78/vpdf/uploadFile/currentfile/20170713/4/docx/cc_1499875200.docx" ipdfReader_PDV
2017-07-13T17:17:30+08:00	conversion: "D:/xampp/htdocs/v78/vpdf/conversion/pdv2.exe" "D:/xampp/htdocs/v78/vpdf/uploadFile/weatherCities/20170713/4/pdf/xx_1499875200.pdf_split.pdf" "D:/xampp/htdocs/v78/vpdf/uploadFile/currentfile/20170713/4/docx/xx_1499875200.docx" ipdfReader_PDV
2017-07-13T17:17:59+08:00	conversion: "D:/xampp/htdocs/v78/vpdf/conversion/opv.exe" "D:/xampp/htdocs/v78/vpdf/uploadFile/weatherCities/20170713/4/doc/上海四年级下册古诗词整理_1499875200.doc" "D:/xampp/htdocs/v78/vpdf/uploadFile/currentfile/20170713/4/pdf/上海四年级下册古诗词整理_1499875200.pdf" GMreader_OPV
2017-07-13T17:29:14+08:00	conversion: "D:/xampp/htdocs/v78/vpdf/conversion/pdv2.exe" "D:/xampp/htdocs/v78/vpdf/uploadFile/weatherCities/20170713/4/pdf/xx_1499875200.pdf_split.pdf" "D:/xampp/htdocs/v78/vpdf/uploadFile/currentfile/20170713/4/docx/xx_1499875200.docx" ipdfReader_PDV
2017-07-13T17:39:13+08:00	conversion: "D:/xampp/htdocs/v78/vpdf/conversion/pdv2.exe" "D:/xampp/htdocs/v78/vpdf/uploadFile/weatherCities/20170713/4/pdf/cc_1499875200.pdf" "D:/xampp/htdocs/v78/vpdf/uploadFile/currentfile/20170713/4/docx/cc_1499875200.docx" ipdfReader_PDV
2017-07-13T17:50:05+08:00	conversion: "D:/xampp/htdocs/v78/vpdf/conversion/pdv2.exe" "D:/xampp/htdocs/v78/vpdf/uploadFile/weatherCities/20170713/4/pdf/cc_1499875200.pdf" "D:/xampp/htdocs/v78/vpdf/uploadFile/currentfile/20170713/4/docx/cc_1499875200.docx" ipdfReader_PDV
2017-07-13T17:52:35+08:00	conversion: "D:/xampp/htdocs/v78/vpdf/conversion/pdv2.exe" "D:/xampp/htdocs/v78/vpdf/uploadFile/weatherCities/20170713/4/pdf/cc_1499875200.pdf_split.pdf" "D:/xampp/htdocs/v78/vpdf/uploadFile/currentfile/20170713/4/docx/cc_1499875200.docx" ipdfReader_PDV
2017-07-13T17:54:36+08:00	conversion: "D:/xampp/htdocs/v78/vpdf/conversion/pdv2.exe" "D:/xampp/htdocs/v78/vpdf/uploadFile/weatherCities/20170713/4/pdf/cc_1499875200.pdf_split.pdf" "D:/xampp/htdocs/v78/vpdf/uploadFile/currentfile/20170713/4/docx/cc_1499875200.docx" ipdfReader_PDV
2017-07-13T17:55:00+08:00	conversion: "D:/xampp/htdocs/v78/vpdf/conversion/pdv2.exe" "D:/xampp/htdocs/v78/vpdf/uploadFile/weatherCities/20170713/4/pdf/cc_1499875200.pdf_split.pdf" "D:/xampp/htdocs/v78/vpdf/uploadFile/currentfile/20170713/4/docx/cc_1499875200.docx" ipdfReader_PDV
2017-07-14T10:10:34+08:00	conversion: "D:/xampp/htdocs/v78/vpdf/conversion/pdv2.exe" "D:/xampp/htdocs/v78/vpdf/uploadFile/weatherCities/20170714/4/pdf/xx_1499961600.pdf_split.pdf" "D:/xampp/htdocs/v78/vpdf/uploadFile/currentfile/20170714/4/docx/xx_1499961600.docx" ipdfReader_PDV
2017-07-14T10:17:32+08:00	conversion: "D:/xampp/htdocs/v78/vpdf/conversion/pdv2.exe" "D:/xampp/htdocs/v78/vpdf/uploadFile/weatherCities/20170714/4/pdf/cc_1499961600.pdf_split.pdf" "D:/xampp/htdocs/v78/vpdf/uploadFile/currentfile/20170714/4/docx/cc_1499961600.docx" ipdfReader_PDV
