2017-06-14T16:06:53+08:00	debug 0
2017-06-14T16:30:34+08:00	debug 0
2017-06-15T14:53:52+08:00	debug 0
2017-06-15T15:08:13+08:00	debug 0
2017-06-15T15:12:54+08:00	debug 0
2017-06-15T15:12:55+08:00	debug 0
2017-06-15T15:12:55+08:00	debug 0
2017-06-15T15:15:01+08:00	debug 0
2017-06-15T15:15:01+08:00	debug 0
2017-06-15T15:18:53+08:00	debug 0
2017-06-15T15:18:54+08:00	debug 0
2017-06-15T15:18:54+08:00	debug 0
2017-06-15T15:28:51+08:00	debug 0
2017-06-15T15:30:20+08:00	debug 0
2017-06-15T16:13:56+08:00	debug 0
2017-06-15T16:17:51+08:00	debug 0
2017-06-15T16:18:10+08:00	debug 0
2017-06-15T16:18:13+08:00	debug 0
2017-06-15T16:18:15+08:00	debug 0
2017-06-15T16:18:38+08:00	debug 0
2017-06-15T16:18:44+08:00	debug 0
2017-06-15T16:18:48+08:00	debug 0
2017-06-15T16:20:42+08:00	debug 0
2017-06-15T16:21:05+08:00	debug 0
2017-06-15T16:21:08+08:00	debug 0
2017-06-15T16:22:25+08:00	debug 0
2017-06-15T16:22:37+08:00	debug 0
2017-06-15T16:24:11+08:00	debug 0
2017-06-15T16:24:20+08:00	debug 0
2017-06-15T16:27:30+08:00	debug 0
2017-06-15T16:27:44+08:00	debug 0
2017-06-15T16:27:54+08:00	debug 0
2017-06-15T16:28:18+08:00	debug 0
2017-06-15T16:29:35+08:00	debug 0
2017-06-15T16:30:34+08:00	debug 0
2017-06-15T16:31:09+08:00	debug 0
2017-06-15T16:35:33+08:00	debug 0
2017-06-15T16:35:40+08:00	debug 0
2017-06-15T16:38:22+08:00	debug 0
2017-06-16T10:00:39+08:00	debug 0
2017-06-16T10:04:05+08:00	debug 0
2017-06-16T10:04:08+08:00	debug 0
2017-06-16T10:04:20+08:00	debug 0
2017-06-16T10:04:28+08:00	debug 0
2017-06-16T10:04:56+08:00	debug 0
2017-06-16T10:05:06+08:00	debug 0
2017-06-16T10:05:23+08:00	debug 0
2017-06-16T10:13:27+08:00	debug 0
2017-06-16T10:33:46+08:00	debug 0
2017-06-16T10:33:55+08:00	debug 0
2017-06-16T10:34:13+08:00	debug 0
2017-06-16T10:34:28+08:00	debug 0
2017-06-16T10:34:42+08:00	debug 0
2017-06-16T10:36:18+08:00	debug 0
2017-06-16T10:36:20+08:00	debug 0
2017-06-16T10:39:21+08:00	debug 0
2017-06-16T10:39:31+08:00	debug 0
2017-06-16T10:39:38+08:00	debug 0
2017-06-16T10:39:39+08:00	debug 0
2017-06-16T10:39:40+08:00	debug 0
2017-06-16T10:39:43+08:00	debug 0
2017-06-16T10:45:20+08:00	debug 0
2017-06-16T10:56:30+08:00	debug 0
2017-06-16T10:56:31+08:00	debug 0
2017-06-16T10:56:54+08:00	debug 0
2017-06-16T10:57:00+08:00	debug 0
2017-06-21T14:36:08+08:00	debug 0
2017-06-22T11:12:08+08:00	debug 0
2017-06-22T11:12:55+08:00	debug 0
2017-06-22T11:13:12+08:00	debug 0
2017-06-22T11:13:29+08:00	debug 0
2017-06-22T11:13:48+08:00	debug 0
2017-06-22T11:14:43+08:00	debug 0
2017-06-22T11:15:52+08:00	debug 0
2017-06-22T11:17:54+08:00	debug 0
2017-06-22T13:50:41+08:00	debug 0
2017-06-22T17:08:59+08:00	debug 0
2017-06-22T17:09:01+08:00	debug 0
2017-06-22T17:09:43+08:00	debug 0
2017-06-22T17:10:36+08:00	debug 0
2017-06-22T17:10:40+08:00	debug 0
2017-06-22T17:11:05+08:00	debug 0
2017-06-22T17:11:41+08:00	debug 0
2017-06-22T17:12:01+08:00	debug 0
2017-06-22T17:12:41+08:00	debug 0
2017-06-22T17:12:50+08:00	debug 0
2017-06-22T17:13:22+08:00	debug 0
2017-06-22T17:15:04+08:00	debug 0
2017-06-23T12:01:09+08:00	debug 0
2017-06-23T12:02:16+08:00	debug 0
2017-06-23T12:03:14+08:00	debug 0
2017-06-23T12:03:45+08:00	debug 0
2017-06-23T12:04:04+08:00	debug 0
2017-06-23T12:04:20+08:00	debug 0
2017-06-23T12:04:35+08:00	debug 0
2017-06-23T12:04:36+08:00	debug 0
2017-06-23T12:04:42+08:00	debug 0
2017-06-23T12:05:26+08:00	debug 0
2017-06-23T12:49:36+08:00	debug 0
2017-06-26T14:00:55+08:00	debug 0
2017-06-26T14:01:26+08:00	debug 0
2017-06-26T14:01:39+08:00	debug 0
2017-06-26T14:02:50+08:00	debug 0
2017-06-26T14:03:22+08:00	debug 0
2017-06-26T14:04:49+08:00	debug 0
2017-06-26T14:05:10+08:00	debug 0
2017-06-26T14:39:23+08:00	debug 0
2017-06-26T20:38:25+08:00	debug 0
2017-06-26T20:49:06+08:00	private request: {"token":"BU75fwGQsfyAOi1UmujlfoYBJku08cUhxSBBKjvzO7KQOZMNUVwA7K52dQPUOez1cJt79ytaOiPBxDcwYi21eckw9kgwiR7 Iab0R0Ae 9\/GorsoS25uk \/I9s3B0dfY3Ph6izYi7SQAFRsusHiBwDRBY7xGpAxOT\/8offfsND Y62DuOGSQWSs5nah6VpoGN ivb581mSVuMh1l8nl46gYScmGz4CP Xyx9h2enq3XPhOTCkDnWs9FlcMC1LWWGYg\/u7EZFU554zlOXs3aKy0ykXKoimznnJ6IceZPi4ctNNYRzfy66wFSkGW UvS3pk\/\/vmIWvP63\/o5RTGYWq9w=="}
2017-06-26T20:49:06+08:00	next request: {"token":"BU75fwGQsfyAOi1UmujlfoYBJku08cUhxSBBKjvzO7KQOZMNUVwA7K52dQPUOez1cJt79ytaOiPBxDcwYi21eckw9kgwiR7+Iab0R0Ae+9\/GorsoS25uk+\/I9s3B0dfY3Ph6izYi7SQAFRsusHiBwDRBY7xGpAxOT\/8offfsND+Y62DuOGSQWSs5nah6VpoGN+ivb581mSVuMh1l8nl46gYScmGz4CP+Xyx9h2enq3XPhOTCkDnWs9FlcMC1LWWGYg\/u7EZFU554zlOXs3aKy0ykXKoimznnJ6IceZPi4ctNNYRzfy66wFSkGW+UvS3pk\/\/vmIWvP63\/o5RTGYWq9w=="}
2017-06-26T20:50:14+08:00	private request: {"token":"BU75fwGQsfyAOi1UmujlfoYBJku08cUhxSBBKjvzO7KQOZMNUVwA7K52dQPUOez1cJt79ytaOiPBxDcwYi21eckw9kgwiR7+Iab0R0Ae+9\/GorsoS25uk+\/I9s3B0dfY3Ph6izYi7SQAFRsusHiBwDRBY7xGpAxOT\/8offfsND+Y62DuOGSQWSs5nah6VpoGN+ivb581mSVuMh1l8nl46gYScmGz4CP+Xyx9h2enq3XPhOTCkDnWs9FlcMC1LWWGYg\/u7EZFU554zlOXs3aKy0ykXKoimznnJ6IceZPi4ctNNYRzfy66wFSkGW+UvS3pk\/\/vmIWvP63\/o5RTGYWq9w=="}
2017-06-26T20:56:03+08:00	private request: {"token":"kYhwqh+ddwPZUE6IZpbiTo94yKeKM\/caX+JeVpkrhwxhJGWN7d6q1EXyoPA\/9KPwmj21hhbKC3u3lRYjoAcVr+9iHL\/0sSb4sqHm6X1CeUvH5kHgf2DjnkoSDtqnrqfWVa9Aw8Yr9LkqSBw9kHZawMbgynT4huEQ3kwUimCAiIqaj2VEH1dAdUvGKyq90JczAw1Mb\/okT7qIca2bBWB9YAAVvt1A0l3FdoG9RGmnSEZM1isux4UNPf2RmLeMgEGqM6HA6nGTnRffjvnYJLnw7LCbrOMy8Li0kWQdRAcLSFG+fYtsFYyB0vXu26YInOAW+rdR2hJ1ogKxmj9c0KvgeA==\r\n"}
2017-06-26T20:56:03+08:00	next request: {"token":"kYhwqh+ddwPZUE6IZpbiTo94yKeKM\/caX+JeVpkrhwxhJGWN7d6q1EXyoPA\/9KPwmj21hhbKC3u3lRYjoAcVr+9iHL\/0sSb4sqHm6X1CeUvH5kHgf2DjnkoSDtqnrqfWVa9Aw8Yr9LkqSBw9kHZawMbgynT4huEQ3kwUimCAiIqaj2VEH1dAdUvGKyq90JczAw1Mb\/okT7qIca2bBWB9YAAVvt1A0l3FdoG9RGmnSEZM1isux4UNPf2RmLeMgEGqM6HA6nGTnRffjvnYJLnw7LCbrOMy8Li0kWQdRAcLSFG+fYtsFYyB0vXu26YInOAW+rdR2hJ1ogKxmj9c0KvgeA==\r\n"}
2017-06-26T20:56:03+08:00	Erp request: app_key=v78&timestamp=1498481711&method=fx.member.synchronous.data&sign=8B026C027AB8424351B7D9E6B0ACB5DA&pcid=b7b7ae882b755071774a94e0fee03902&open_id=o4eCZ0-qlYOnXS-0zzxBTA2uw8bc
2017-06-26T20:56:03+08:00	debug 0
2017-06-26T20:56:19+08:00	private request: {"token":"kYhwqh+ddwPZUE6IZpbiTo94yKeKM\/caX+JeVpkrhwxhJGWN7d6q1EXyoPA\/9KPwmj21hhbKC3u3lRYjoAcVr+9iHL\/0sSb4sqHm6X1CeUvH5kHgf2DjnkoSDtqnrqfWVa9Aw8Yr9LkqSBw9kHZawMbgynT4huEQ3kwUimCAiIqaj2VEH1dAdUvGKyq90JczAw1Mb\/okT7qIca2bBWB9YAAVvt1A0l3FdoG9RGmnSEZM1isux4UNPf2RmLeMgEGqM6HA6nGTnRffjvnYJLnw7LCbrOMy8Li0kWQdRAcLSFG+fYtsFYyB0vXu26YInOAW+rdR2hJ1ogKxmj9c0KvgeA==\r\n"}
2017-06-26T20:56:19+08:00	next request: {"token":"kYhwqh+ddwPZUE6IZpbiTo94yKeKM\/caX+JeVpkrhwxhJGWN7d6q1EXyoPA\/9KPwmj21hhbKC3u3lRYjoAcVr+9iHL\/0sSb4sqHm6X1CeUvH5kHgf2DjnkoSDtqnrqfWVa9Aw8Yr9LkqSBw9kHZawMbgynT4huEQ3kwUimCAiIqaj2VEH1dAdUvGKyq90JczAw1Mb\/okT7qIca2bBWB9YAAVvt1A0l3FdoG9RGmnSEZM1isux4UNPf2RmLeMgEGqM6HA6nGTnRffjvnYJLnw7LCbrOMy8Li0kWQdRAcLSFG+fYtsFYyB0vXu26YInOAW+rdR2hJ1ogKxmj9c0KvgeA==\r\n"}
2017-06-26T20:56:19+08:00	Erp request: app_key=v78&timestamp=1498481711&method=fx.member.synchronous.data&sign=8B026C027AB8424351B7D9E6B0ACB5DA&pcid=b7b7ae882b755071774a94e0fee03902&open_id=o4eCZ0-qlYOnXS-0zzxBTA2uw8bc
2017-06-26T20:56:38+08:00	private request: {"token":"kYhwqh+ddwPZUE6IZpbiTo94yKeKM\/caX+JeVpkrhwxhJGWN7d6q1EXyoPA\/9KPwmj21hhbKC3u3lRYjoAcVr+9iHL\/0sSb4sqHm6X1CeUvH5kHgf2DjnkoSDtqnrqfWVa9Aw8Yr9LkqSBw9kHZawMbgynT4huEQ3kwUimCAiIqaj2VEH1dAdUvGKyq90JczAw1Mb\/okT7qIca2bBWB9YAAVvt1A0l3FdoG9RGmnSEZM1isux4UNPf2RmLeMgEGqM6HA6nGTnRffjvnYJLnw7LCbrOMy8Li0kWQdRAcLSFG+fYtsFYyB0vXu26YInOAW+rdR2hJ1ogKxmj9c0KvgeA==\r\n"}
2017-06-26T20:56:38+08:00	next request: {"token":"kYhwqh+ddwPZUE6IZpbiTo94yKeKM\/caX+JeVpkrhwxhJGWN7d6q1EXyoPA\/9KPwmj21hhbKC3u3lRYjoAcVr+9iHL\/0sSb4sqHm6X1CeUvH5kHgf2DjnkoSDtqnrqfWVa9Aw8Yr9LkqSBw9kHZawMbgynT4huEQ3kwUimCAiIqaj2VEH1dAdUvGKyq90JczAw1Mb\/okT7qIca2bBWB9YAAVvt1A0l3FdoG9RGmnSEZM1isux4UNPf2RmLeMgEGqM6HA6nGTnRffjvnYJLnw7LCbrOMy8Li0kWQdRAcLSFG+fYtsFYyB0vXu26YInOAW+rdR2hJ1ogKxmj9c0KvgeA==\r\n"}
2017-06-26T20:56:39+08:00	Erp request: app_key=v78&timestamp=1498481711&method=fx.member.synchronous.data&sign=8B026C027AB8424351B7D9E6B0ACB5DA&pcid=b7b7ae882b755071774a94e0fee03902&open_id=o4eCZ0-qlYOnXS-0zzxBTA2uw8bc
2017-06-26T20:57:13+08:00	private request: {"token":"kYhwqh+ddwPZUE6IZpbiTo94yKeKM\/caX+JeVpkrhwxhJGWN7d6q1EXyoPA\/9KPwmj21hhbKC3u3lRYjoAcVr+9iHL\/0sSb4sqHm6X1CeUvH5kHgf2DjnkoSDtqnrqfWVa9Aw8Yr9LkqSBw9kHZawMbgynT4huEQ3kwUimCAiIqaj2VEH1dAdUvGKyq90JczAw1Mb\/okT7qIca2bBWB9YAAVvt1A0l3FdoG9RGmnSEZM1isux4UNPf2RmLeMgEGqM6HA6nGTnRffjvnYJLnw7LCbrOMy8Li0kWQdRAcLSFG+fYtsFYyB0vXu26YInOAW+rdR2hJ1ogKxmj9c0KvgeA==\r\n"}
2017-06-26T20:57:13+08:00	next request: {"token":"kYhwqh+ddwPZUE6IZpbiTo94yKeKM\/caX+JeVpkrhwxhJGWN7d6q1EXyoPA\/9KPwmj21hhbKC3u3lRYjoAcVr+9iHL\/0sSb4sqHm6X1CeUvH5kHgf2DjnkoSDtqnrqfWVa9Aw8Yr9LkqSBw9kHZawMbgynT4huEQ3kwUimCAiIqaj2VEH1dAdUvGKyq90JczAw1Mb\/okT7qIca2bBWB9YAAVvt1A0l3FdoG9RGmnSEZM1isux4UNPf2RmLeMgEGqM6HA6nGTnRffjvnYJLnw7LCbrOMy8Li0kWQdRAcLSFG+fYtsFYyB0vXu26YInOAW+rdR2hJ1ogKxmj9c0KvgeA==\r\n"}
2017-06-26T20:57:13+08:00	Erp request: app_key=v78&timestamp=1498481711&method=fx.member.synchronous.data&sign=8B026C027AB8424351B7D9E6B0ACB5DA&pcid=b7b7ae882b755071774a94e0fee03902&open_id=o4eCZ0-qlYOnXS-0zzxBTA2uw8bc
2017-06-26T21:01:38+08:00	private request: DIX4xrpYKepzOOkL9X8B6p7XYO9GqcCo6F031c1G 9GWuh8c56rFnPlkmingWUPF7zlOvR6tmbOgnkwl5ys1rHZ5p3FtUd8OYQHTl0sMNimRC6C/EOWcJtDS3Ko2x18lITKaHKK5MAUP3MJR2ARCO2kcN8z6QmYjjGczki /7LC9k5HWtTiWHIKZFOGmCighWajpqiRn9ucyvBFGTPDF838PhXbta4g8JgC/LESaZ2WjDN0AkExV7XJ1ztMJ/erxBhXzL50hCZIH9zXzo88k8soezoHH3wKuAi3ZH2e60aSdIlM/YgcFehzsTp2xeQLGvNrjVarpJcGlT5lFwHgPRg==
2017-06-26T21:01:38+08:00	next request: {"token":"DIX4xrpYKepzOOkL9X8B6p7XYO9GqcCo6F031c1G 9GWuh8c56rFnPlkmingWUPF7zlOvR6tmbOgnkwl5ys1rHZ5p3FtUd8OYQHTl0sMNimRC6C\/EOWcJtDS3Ko2x18lITKaHKK5MAUP3MJR2ARCO2kcN8z6QmYjjGczki \/7LC9k5HWtTiWHIKZFOGmCighWajpqiRn9ucyvBFGTPDF838PhXbta4g8JgC\/LESaZ2WjDN0AkExV7XJ1ztMJ\/erxBhXzL50hCZIH9zXzo88k8soezoHH3wKuAi3ZH2e60aSdIlM\/YgcFehzsTp2xeQLGvNrjVarpJcGlT5lFwHgPRg=="}
2017-06-26T21:01:38+08:00	Erp request_111: 
2017-06-26T21:02:05+08:00	private request: DIX4xrpYKepzOOkL9X8B6p7XYO9GqcCo6F031c1G 9GWuh8c56rFnPlkmingWUPF7zlOvR6tmbOgnkwl5ys1rHZ5p3FtUd8OYQHTl0sMNimRC6C/EOWcJtDS3Ko2x18lITKaHKK5MAUP3MJR2ARCO2kcN8z6QmYjjGczki /7LC9k5HWtTiWHIKZFOGmCighWajpqiRn9ucyvBFGTPDF838PhXbta4g8JgC/LESaZ2WjDN0AkExV7XJ1ztMJ/erxBhXzL50hCZIH9zXzo88k8soezoHH3wKuAi3ZH2e60aSdIlM/YgcFehzsTp2xeQLGvNrjVarpJcGlT5lFwHgPRg==
2017-06-26T21:02:05+08:00	next request: {"token":"DIX4xrpYKepzOOkL9X8B6p7XYO9GqcCo6F031c1G 9GWuh8c56rFnPlkmingWUPF7zlOvR6tmbOgnkwl5ys1rHZ5p3FtUd8OYQHTl0sMNimRC6C\/EOWcJtDS3Ko2x18lITKaHKK5MAUP3MJR2ARCO2kcN8z6QmYjjGczki \/7LC9k5HWtTiWHIKZFOGmCighWajpqiRn9ucyvBFGTPDF838PhXbta4g8JgC\/LESaZ2WjDN0AkExV7XJ1ztMJ\/erxBhXzL50hCZIH9zXzo88k8soezoHH3wKuAi3ZH2e60aSdIlM\/YgcFehzsTp2xeQLGvNrjVarpJcGlT5lFwHgPRg=="}
2017-06-26T21:02:05+08:00	Erp request_111: 
2017-06-26T21:02:22+08:00	private request: DIX4xrpYKepzOOkL9X8B6p7XYO9GqcCo6F031c1G 9GWuh8c56rFnPlkmingWUPF7zlOvR6tmbOgnkwl5ys1rHZ5p3FtUd8OYQHTl0sMNimRC6C/EOWcJtDS3Ko2x18lITKaHKK5MAUP3MJR2ARCO2kcN8z6QmYjjGczki /7LC9k5HWtTiWHIKZFOGmCighWajpqiRn9ucyvBFGTPDF838PhXbta4g8JgC/LESaZ2WjDN0AkExV7XJ1ztMJ/erxBhXzL50hCZIH9zXzo88k8soezoHH3wKuAi3ZH2e60aSdIlM/YgcFehzsTp2xeQLGvNrjVarpJcGlT5lFwHgPRg==
2017-06-26T21:02:22+08:00	next request: {"token":"DIX4xrpYKepzOOkL9X8B6p7XYO9GqcCo6F031c1G+9GWuh8c56rFnPlkmingWUPF7zlOvR6tmbOgnkwl5ys1rHZ5p3FtUd8OYQHTl0sMNimRC6C\/EOWcJtDS3Ko2x18lITKaHKK5MAUP3MJR2ARCO2kcN8z6QmYjjGczki+\/7LC9k5HWtTiWHIKZFOGmCighWajpqiRn9ucyvBFGTPDF838PhXbta4g8JgC\/LESaZ2WjDN0AkExV7XJ1ztMJ\/erxBhXzL50hCZIH9zXzo88k8soezoHH3wKuAi3ZH2e60aSdIlM\/YgcFehzsTp2xeQLGvNrjVarpJcGlT5lFwHgPRg=="}
2017-06-26T21:02:22+08:00	Erp request_111: app_key=v78&timestamp=1498482037&method=fx.member.synchronous.data&sign=C0EB9CE7A0001259C5082091D178A228&pcid=b7b7ae882b755071774a94e0fee03902&open_id=o4eCZ0-qlYOnXS-0zzxBTA2uw8bc
2017-06-26T21:02:31+08:00	private request: DIX4xrpYKepzOOkL9X8B6p7XYO9GqcCo6F031c1G 9GWuh8c56rFnPlkmingWUPF7zlOvR6tmbOgnkwl5ys1rHZ5p3FtUd8OYQHTl0sMNimRC6C/EOWcJtDS3Ko2x18lITKaHKK5MAUP3MJR2ARCO2kcN8z6QmYjjGczki /7LC9k5HWtTiWHIKZFOGmCighWajpqiRn9ucyvBFGTPDF838PhXbta4g8JgC/LESaZ2WjDN0AkExV7XJ1ztMJ/erxBhXzL50hCZIH9zXzo88k8soezoHH3wKuAi3ZH2e60aSdIlM/YgcFehzsTp2xeQLGvNrjVarpJcGlT5lFwHgPRg==
2017-06-26T21:02:31+08:00	next request: {"token":"DIX4xrpYKepzOOkL9X8B6p7XYO9GqcCo6F031c1G 9GWuh8c56rFnPlkmingWUPF7zlOvR6tmbOgnkwl5ys1rHZ5p3FtUd8OYQHTl0sMNimRC6C\/EOWcJtDS3Ko2x18lITKaHKK5MAUP3MJR2ARCO2kcN8z6QmYjjGczki \/7LC9k5HWtTiWHIKZFOGmCighWajpqiRn9ucyvBFGTPDF838PhXbta4g8JgC\/LESaZ2WjDN0AkExV7XJ1ztMJ\/erxBhXzL50hCZIH9zXzo88k8soezoHH3wKuAi3ZH2e60aSdIlM\/YgcFehzsTp2xeQLGvNrjVarpJcGlT5lFwHgPRg=="}
2017-06-26T21:02:31+08:00	Erp request_111: 
2017-06-26T21:04:14+08:00	private request: V57R88N1eZA1rTjJiUnHzTDX SsBuKzsvEvlLiDT5v54N8rKuq kHxxfD9sxn5Ldnb0cCvJSjGD3CJlTdau0zxEmGVL8wHEODtK28 zdLPWO1UyyPnFPprLH Qvs0hHZ596wp6wCaL0wrBKdUFBEnQgvgyHx67cP6BUqnGDWTjNBrbp7UNR4z6QmzgINc 3Qa42c1D3OIgDzK1tRLPDDgL4Ckx vEHV2Gk/f2/0C PxEjD8gStGgvhQK/plYhp/a9szfgLvjlgdwUtHtuK3IpBQsCfm1XsIx0fqnfgYzSylbFqZmUvaQcAszdC6H p8kw3dfFStZ bfn2SVOjoYBlQ==
2017-06-26T21:04:14+08:00	next request: {"token":"V57R88N1eZA1rTjJiUnHzTDX+SsBuKzsvEvlLiDT5v54N8rKuq+kHxxfD9sxn5Ldnb0cCvJSjGD3CJlTdau0zxEmGVL8wHEODtK28+zdLPWO1UyyPnFPprLH+Qvs0hHZ596wp6wCaL0wrBKdUFBEnQgvgyHx67cP6BUqnGDWTjNBrbp7UNR4z6QmzgINc+3Qa42c1D3OIgDzK1tRLPDDgL4Ckx+vEHV2Gk\/f2\/0C+PxEjD8gStGgvhQK\/plYhp\/a9szfgLvjlgdwUtHtuK3IpBQsCfm1XsIx0fqnfgYzSylbFqZmUvaQcAszdC6H+p8kw3dfFStZ+bfn2SVOjoYBlQ=="}
2017-06-26T21:04:14+08:00	Erp request_111: app_key=v78&timestamp=1498482185&method=fx.member.concurrent.validation&sign=40454F0717C4E753D98BDF5501269C3F&pcid=b7b7ae882b755071774a94e0fee03902
2017-06-26T21:04:49+08:00	private request: V57R88N1eZA1rTjJiUnHzTDX SsBuKzsvEvlLiDT5v54N8rKuq kHxxfD9sxn5Ldnb0cCvJSjGD3CJlTdau0zxEmGVL8wHEODtK28 zdLPWO1UyyPnFPprLH Qvs0hHZ596wp6wCaL0wrBKdUFBEnQgvgyHx67cP6BUqnGDWTjNBrbp7UNR4z6QmzgINc 3Qa42c1D3OIgDzK1tRLPDDgL4Ckx vEHV2Gk/f2/0C PxEjD8gStGgvhQK/plYhp/a9szfgLvjlgdwUtHtuK3IpBQsCfm1XsIx0fqnfgYzSylbFqZmUvaQcAszdC6H p8kw3dfFStZ bfn2SVOjoYBlQ==
2017-06-26T21:04:49+08:00	next request: {"token":"V57R88N1eZA1rTjJiUnHzTDX SsBuKzsvEvlLiDT5v54N8rKuq kHxxfD9sxn5Ldnb0cCvJSjGD3CJlTdau0zxEmGVL8wHEODtK28 zdLPWO1UyyPnFPprLH Qvs0hHZ596wp6wCaL0wrBKdUFBEnQgvgyHx67cP6BUqnGDWTjNBrbp7UNR4z6QmzgINc 3Qa42c1D3OIgDzK1tRLPDDgL4Ckx vEHV2Gk\/f2\/0C PxEjD8gStGgvhQK\/plYhp\/a9szfgLvjlgdwUtHtuK3IpBQsCfm1XsIx0fqnfgYzSylbFqZmUvaQcAszdC6H p8kw3dfFStZ bfn2SVOjoYBlQ=="}
2017-06-26T21:04:49+08:00	Erp request_111: 
2017-06-26T21:04:55+08:00	private request: V57R88N1eZA1rTjJiUnHzTDX SsBuKzsvEvlLiDT5v54N8rKuq kHxxfD9sxn5Ldnb0cCvJSjGD3CJlTdau0zxEmGVL8wHEODtK28 zdLPWO1UyyPnFPprLH Qvs0hHZ596wp6wCaL0wrBKdUFBEnQgvgyHx67cP6BUqnGDWTjNBrbp7UNR4z6QmzgINc 3Qa42c1D3OIgDzK1tRLPDDgL4Ckx vEHV2Gk/f2/0C PxEjD8gStGgvhQK/plYhp/a9szfgLvjlgdwUtHtuK3IpBQsCfm1XsIx0fqnfgYzSylbFqZmUvaQcAszdC6H p8kw3dfFStZ bfn2SVOjoYBlQ==
2017-06-26T21:04:55+08:00	next request: {"token":"V57R88N1eZA1rTjJiUnHzTDX+SsBuKzsvEvlLiDT5v54N8rKuq+kHxxfD9sxn5Ldnb0cCvJSjGD3CJlTdau0zxEmGVL8wHEODtK28+zdLPWO1UyyPnFPprLH+Qvs0hHZ596wp6wCaL0wrBKdUFBEnQgvgyHx67cP6BUqnGDWTjNBrbp7UNR4z6QmzgINc+3Qa42c1D3OIgDzK1tRLPDDgL4Ckx+vEHV2Gk\/f2\/0C+PxEjD8gStGgvhQK\/plYhp\/a9szfgLvjlgdwUtHtuK3IpBQsCfm1XsIx0fqnfgYzSylbFqZmUvaQcAszdC6H+p8kw3dfFStZ+bfn2SVOjoYBlQ=="}
2017-06-26T21:04:55+08:00	Erp request_111: app_key=v78&timestamp=1498482185&method=fx.member.concurrent.validation&sign=40454F0717C4E753D98BDF5501269C3F&pcid=b7b7ae882b755071774a94e0fee03902
2017-06-26T21:04:59+08:00	private request: V57R88N1eZA1rTjJiUnHzTDX SsBuKzsvEvlLiDT5v54N8rKuq kHxxfD9sxn5Ldnb0cCvJSjGD3CJlTdau0zxEmGVL8wHEODtK28 zdLPWO1UyyPnFPprLH Qvs0hHZ596wp6wCaL0wrBKdUFBEnQgvgyHx67cP6BUqnGDWTjNBrbp7UNR4z6QmzgINc 3Qa42c1D3OIgDzK1tRLPDDgL4Ckx vEHV2Gk/f2/0C PxEjD8gStGgvhQK/plYhp/a9szfgLvjlgdwUtHtuK3IpBQsCfm1XsIx0fqnfgYzSylbFqZmUvaQcAszdC6H p8kw3dfFStZ bfn2SVOjoYBlQ==
2017-06-26T21:04:59+08:00	next request: {"token":"V57R88N1eZA1rTjJiUnHzTDX+SsBuKzsvEvlLiDT5v54N8rKuq+kHxxfD9sxn5Ldnb0cCvJSjGD3CJlTdau0zxEmGVL8wHEODtK28+zdLPWO1UyyPnFPprLH+Qvs0hHZ596wp6wCaL0wrBKdUFBEnQgvgyHx67cP6BUqnGDWTjNBrbp7UNR4z6QmzgINc+3Qa42c1D3OIgDzK1tRLPDDgL4Ckx+vEHV2Gk\/f2\/0C+PxEjD8gStGgvhQK\/plYhp\/a9szfgLvjlgdwUtHtuK3IpBQsCfm1XsIx0fqnfgYzSylbFqZmUvaQcAszdC6H+p8kw3dfFStZ+bfn2SVOjoYBlQ=="}
2017-06-26T21:04:59+08:00	Erp request_111: app_key=v78&timestamp=1498482185&method=fx.member.concurrent.validation&sign=40454F0717C4E753D98BDF5501269C3F&pcid=b7b7ae882b755071774a94e0fee03902
2017-06-27T15:38:00+08:00	debug 0
2017-06-27T15:39:36+08:00	debug 0
2017-06-27T15:41:23+08:00	debug 0
2017-06-27T15:41:26+08:00	debug 0
2017-06-27T15:42:15+08:00	debug 0
2017-06-27T15:42:51+08:00	debug 0
2017-06-27T15:43:14+08:00	debug 0
2017-06-27T15:43:31+08:00	debug 0
2017-06-27T15:43:39+08:00	debug 0
2017-06-27T15:45:28+08:00	debug 0
2017-06-27T15:45:37+08:00	debug 0
2017-06-27T15:45:45+08:00	debug 0
2017-06-27T15:45:45+08:00	debug 0
2017-06-27T15:45:58+08:00	debug 0
2017-06-27T15:46:41+08:00	debug 0
2017-06-27T15:47:37+08:00	debug 0
2017-06-27T16:38:14+08:00	debug 0
2017-06-28T11:04:57+08:00	debug 0
2017-06-28T17:19:44+08:00	debug 0
2017-07-20T16:12:18+08:00	debug 0
2017-07-20T16:13:19+08:00	debug 0
2017-07-20T16:13:26+08:00	debug 0
2017-07-20T16:14:01+08:00	debug 0
2017-07-20T16:33:04+08:00	debug 0
2017-07-20T16:33:59+08:00	debug 0
2017-07-20T16:34:34+08:00	debug 0
2017-07-20T16:35:24+08:00	debug 0
2017-07-20T16:36:46+08:00	debug 0
2017-07-20T16:36:52+08:00	debug 0
2017-07-20T16:38:06+08:00	debug 0
2017-07-20T16:38:08+08:00	debug 0
2017-07-20T16:38:21+08:00	debug 0
2017-07-20T16:38:53+08:00	debug 0
2017-07-20T16:38:56+08:00	debug 0
2017-07-24T17:19:40+08:00	debug 0
2017-07-24T17:20:07+08:00	debug 0
2017-07-24T17:21:55+08:00	debug 0
2017-07-24T17:22:25+08:00	debug 0
2017-07-24T17:23:32+08:00	debug 0
2017-07-24T17:23:50+08:00	debug 0
2017-07-24T17:24:54+08:00	debug 0
2017-07-24T17:25:53+08:00	debug 0
2017-07-24T17:26:03+08:00	debug 0
2017-07-24T17:27:05+08:00	debug 0
2017-07-24T17:28:30+08:00	debug 0
2017-07-24T17:30:20+08:00	debug 0
2017-07-24T17:30:49+08:00	debug 0
2017-07-24T17:31:05+08:00	debug 0
2017-07-24T17:31:09+08:00	debug 0
2017-07-24T17:31:35+08:00	debug 0
2017-08-02T14:59:19+08:00	debug 0
2017-08-02T14:59:34+08:00	debug 0
2017-08-02T14:59:57+08:00	debug 0
2017-08-02T15:00:25+08:00	debug 0
