2017-06-19T11:33:38+08:00	add_member:{"m_name":"","open_name":"","open_id":null,"open_token":null,"open_source":"WX","ml_id":"1","login_type":1,"m_create_time":"2017-06-19 11:33:38","m_status":1,"m_verify":"2","m_sex":0}
2017-06-19T11:33:38+08:00	ary_result:{"user_info":null,"open_token":null,"open_id":null}
2017-06-19T11:35:06+08:00	add_member:{"m_name":"","open_name":"","open_id":null,"open_token":null,"open_source":"WX","ml_id":"1","login_type":1,"m_create_time":"2017-06-19 11:35:06","m_status":1,"m_verify":"2","m_sex":0}
2017-06-19T11:35:06+08:00	ary_result:{"user_info":null,"open_token":null,"open_id":null}
2017-06-19T14:54:21+08:00	add_member:{"m_name":"","open_name":"","open_id":null,"open_token":null,"open_source":"WX","ml_id":"1","login_type":1,"m_create_time":"2017-06-19 14:54:21","m_status":1,"m_verify":"2","m_sex":0}
2017-06-19T14:54:21+08:00	ary_result:{"user_info":{"errcode":41001,"errmsg":"access_token missing, hints: [ req_id: BKK20a0261s108 ]"},"open_token":null,"open_id":null}
2017-06-20T19:40:18+08:00	add_member:{"m_name":"","open_name":"","open_id":null,"open_token":null,"open_source":null,"ml_id":"1","login_type":1,"m_create_time":"2017-06-20 19:40:18","m_status":1,"m_verify":"2","m_sex":0}
2017-06-20T19:40:18+08:00	ary_result:null
2017-06-20T19:40:18+08:00	add_member:{"m_name":"","open_name":"","open_id":null,"open_token":null,"open_source":null,"ml_id":"1","login_type":1,"m_create_time":"2017-06-20 19:40:18","m_status":1,"m_verify":"2","m_sex":0}
2017-06-20T19:40:18+08:00	ary_result:null
2017-06-20T19:40:18+08:00	add_member:{"m_name":"","open_name":"","open_id":null,"open_token":null,"open_source":null,"ml_id":"1","login_type":1,"m_create_time":"2017-06-20 19:40:18","m_status":1,"m_verify":"2","m_sex":0}
2017-06-20T19:40:18+08:00	ary_result:null
2017-06-20T19:46:19+08:00	add_member:{"m_name":"","open_name":"","open_id":null,"open_token":null,"open_source":null,"ml_id":"1","login_type":1,"m_create_time":"2017-06-20 19:46:19","m_status":1,"m_verify":"2","m_sex":0}
2017-06-20T19:46:19+08:00	ary_result:null
2017-06-21T11:36:00+08:00	add_member:{"m_name":"","open_name":"","open_id":null,"open_token":null,"open_source":"WX","ml_id":"1","login_type":1,"m_create_time":"2017-06-21 11:36:00","m_status":1,"m_verify":"2","m_sex":0}
2017-06-21T11:36:00+08:00	ary_result:{"user_info":{"errcode":41001,"errmsg":"access_token missing, hints: [ req_id: LTviqA0159s151 ]"},"open_token":null,"open_id":null}
2017-06-23T09:09:44+08:00	add_member:{"m_name":"","open_name":"","open_id":null,"open_token":null,"open_source":"WX","ml_id":"1","login_type":1,"m_create_time":"2017-06-23 09:09:44","m_status":1,"m_verify":"2","m_sex":0}
2017-06-23T09:09:44+08:00	ary_result:{"user_info":{"errcode":41001,"errmsg":"access_token missing, hints: [ req_id: YcdLRa0183ns86 ]"},"open_token":null,"open_id":null}
2017-06-26T21:41:24+08:00	add_member:{"m_name":"","open_name":"","open_id":null,"open_token":null,"open_source":"WX","ml_id":"1","login_type":1,"m_create_time":"2017-06-26 21:41:24","m_status":1,"m_verify":"2","m_sex":0}
2017-06-26T21:41:24+08:00	ary_result:{"user_info":{"errcode":41001,"errmsg":"access_token missing, hints: [ req_id: _N0482s191 ]"},"open_token":null,"open_id":null}
2017-06-26T21:41:25+08:00	add_member:{"m_name":"","open_name":"","open_id":null,"open_token":null,"open_source":"WX","ml_id":"1","login_type":1,"m_create_time":"2017-06-26 21:41:25","m_status":1,"m_verify":"2","m_sex":0}
2017-06-26T21:41:25+08:00	ary_result:{"user_info":{"errcode":41001,"errmsg":"access_token missing, hints: [ req_id: WpsRRa0483s166 ]"},"open_token":null,"open_id":null}
2017-06-27T10:07:04+08:00	add_member:{"m_name":"","open_name":"","open_id":null,"open_token":null,"open_source":"WX","ml_id":"1","login_type":1,"m_create_time":"2017-06-27 10:07:04","m_status":1,"m_verify":"2","m_sex":0}
2017-06-27T10:07:04+08:00	ary_result:{"user_info":{"errcode":41001,"errmsg":"access_token missing, hints: [ req_id: Sm.bSa0221s187 ]"},"open_token":null,"open_id":null}
2017-06-27T10:21:03+08:00	add_member:{"m_name":"","open_name":"","open_id":null,"open_token":null,"open_source":"WX","ml_id":"1","login_type":1,"m_create_time":"2017-06-27 10:21:03","m_status":1,"m_verify":"2","m_sex":0}
2017-06-27T10:21:03+08:00	ary_result:{"user_info":{"errcode":41001,"errmsg":"access_token missing, hints: [ req_id: ZzA8Qa0060s194 ]"},"open_token":null,"open_id":null}
2017-06-27T10:21:04+08:00	add_member:{"m_name":"","open_name":"","open_id":null,"open_token":null,"open_source":"WX","ml_id":"1","login_type":1,"m_create_time":"2017-06-27 10:21:04","m_status":1,"m_verify":"2","m_sex":0}
2017-06-27T10:21:04+08:00	ary_result:{"user_info":{"errcode":41001,"errmsg":"access_token missing, hints: [ req_id: 34DvUa0061s152 ]"},"open_token":null,"open_id":null}
2017-06-27T10:21:13+08:00	add_member:{"m_name":"","open_name":"","open_id":null,"open_token":null,"open_source":"WX","ml_id":"1","login_type":1,"m_create_time":"2017-06-27 10:21:13","m_status":1,"m_verify":"2","m_sex":0}
2017-06-27T10:21:13+08:00	ary_result:{"user_info":{"errcode":41001,"errmsg":"access_token missing, hints: [ req_id: TTTQba0070s155 ]"},"open_token":null,"open_id":null}
2017-06-27T10:21:19+08:00	add_member:{"m_name":"","open_name":"","open_id":null,"open_token":null,"open_source":"WX","ml_id":"1","login_type":1,"m_create_time":"2017-06-27 10:21:19","m_status":1,"m_verify":"2","m_sex":0}
2017-06-27T10:21:19+08:00	ary_result:{"user_info":{"errcode":41001,"errmsg":"access_token missing, hints: [ req_id: 0CXtJA0076ns86 ]"},"open_token":null,"open_id":null}
2017-06-27T10:49:34+08:00	add_member:{"m_name":"","open_name":"","open_id":null,"open_token":null,"open_source":"WX","ml_id":"1","login_type":1,"m_create_time":"2017-06-27 10:49:34","m_status":1,"m_verify":"2","m_sex":0}
2017-06-27T10:49:34+08:00	ary_result:{"user_info":{"errcode":41001,"errmsg":"access_token missing, hints: [ req_id: 44JmVa0771s107 ]"},"open_token":null,"open_id":null}
2017-06-27T10:52:40+08:00	add_member:{"m_name":"","open_name":"","open_id":null,"open_token":null,"open_source":"WX","ml_id":"1","login_type":1,"m_create_time":"2017-06-27 10:52:40","m_status":1,"m_verify":"2","m_sex":0}
2017-06-27T10:52:40+08:00	ary_result:{"user_info":{"errcode":41001,"errmsg":"access_token missing, hints: [ req_id: 0957s160 ]"},"open_token":null,"open_id":null}
2017-07-07T15:33:37+08:00	add_member:{"m_name":"","open_name":"","open_id":null,"open_token":null,"open_source":"WX","ml_id":"1","login_type":1,"m_create_time":"2017-07-07 15:33:37","m_status":1,"m_verify":"2","m_sex":0}
2017-07-07T15:33:37+08:00	ary_result:false
2017-07-07T15:33:37+08:00	add_member:{"m_name":"","open_name":"","open_id":null,"open_token":null,"open_source":"WX","ml_id":"1","login_type":1,"m_create_time":"2017-07-07 15:33:37","m_status":1,"m_verify":"2","m_sex":0}
2017-07-07T15:33:37+08:00	ary_result:false
2017-07-07T15:33:38+08:00	add_member:{"m_name":"","open_name":"","open_id":null,"open_token":null,"open_source":"WX","ml_id":"1","login_type":1,"m_create_time":"2017-07-07 15:33:38","m_status":1,"m_verify":"2","m_sex":0}
2017-07-07T15:33:38+08:00	ary_result:false
2017-07-07T15:33:38+08:00	add_member:{"m_name":"","open_name":"","open_id":null,"open_token":null,"open_source":"WX","ml_id":"1","login_type":1,"m_create_time":"2017-07-07 15:33:38","m_status":1,"m_verify":"2","m_sex":0}
2017-07-07T15:33:38+08:00	ary_result:false
2017-07-07T15:34:56+08:00	add_member:{"m_name":"","open_name":"","open_id":null,"open_token":null,"open_source":"WX","ml_id":"1","login_type":1,"m_create_time":"2017-07-07 15:34:56","m_status":1,"m_verify":"2","m_sex":0}
2017-07-07T15:34:56+08:00	ary_result:false
2017-07-07T21:38:50+08:00	add_member:{"m_name":"","open_name":"","open_id":null,"open_token":null,"open_source":"WX","ml_id":"1","login_type":1,"m_create_time":"2017-07-07 21:38:50","m_status":1,"m_verify":"2","m_sex":0}
2017-07-07T21:38:50+08:00	ary_result:false
2017-07-12T17:26:19+08:00	add_member:{"m_name":"","open_name":"","open_id":null,"open_token":null,"open_source":"WX","ml_id":"1","login_type":1,"m_create_time":"2017-07-12 17:26:19","m_status":1,"m_verify":"2","m_sex":0}
2017-07-12T17:26:19+08:00	ary_result:false
2017-07-12T17:26:32+08:00	add_member:{"m_name":"","open_name":"","open_id":null,"open_token":null,"open_source":"WX","ml_id":"1","login_type":1,"m_create_time":"2017-07-12 17:26:32","m_status":1,"m_verify":"2","m_sex":0}
2017-07-12T17:26:32+08:00	ary_result:false
2017-07-31T16:27:50+08:00	add_member:{"m_name":"\u60a6\u4e66\u7528\u6237_HD","open_name":"\u60a6\u4e66\u7528\u6237_Cx","open_id":null,"open_token":null,"open_source":"dangdang","ml_id":"1","login_type":1,"m_create_time":"2017-07-31 16:27:50","m_status":1,"m_verify":"2","m_sex":0}
2017-07-31T16:27:50+08:00	ary_result:null
2017-07-31T16:28:47+08:00	add_member:{"m_name":"\u60a6\u4e66\u7528\u6237_E0","open_name":"\u60a6\u4e66\u7528\u6237_kQ","open_id":null,"open_token":null,"open_source":"dangdang","ml_id":"1","login_type":1,"m_create_time":"2017-07-31 16:28:47","m_status":1,"m_verify":"2","m_sex":0}
2017-07-31T16:28:47+08:00	ary_result:null
2017-07-31T16:29:09+08:00	add_member:{"m_name":"\u60a6\u4e66\u7528\u6237_MY","open_name":"\u60a6\u4e66\u7528\u6237_Va","open_id":null,"open_token":null,"open_source":"dangdang","ml_id":"1","login_type":1,"m_create_time":"2017-07-31 16:29:09","m_status":1,"m_verify":"2","m_sex":0}
2017-07-31T16:29:09+08:00	ary_result:null
2017-07-31T16:29:22+08:00	add_member:{"m_name":"\u60a6\u4e66\u7528\u6237_pT","open_name":"\u60a6\u4e66\u7528\u6237_WC","open_id":null,"open_token":null,"open_source":"dangdang","ml_id":"1","login_type":1,"m_create_time":"2017-07-31 16:29:22","m_status":1,"m_verify":"2","m_sex":0}
2017-07-31T16:29:22+08:00	ary_result:null
2017-07-31T16:30:18+08:00	add_member:{"m_name":"\u60a6\u4e66\u7528\u6237_On","open_name":"\u60a6\u4e66\u7528\u6237_iz","open_id":null,"open_token":null,"open_source":"dangdang","ml_id":"1","login_type":1,"m_create_time":"2017-07-31 16:30:18","m_status":1,"m_verify":"2","m_sex":0}
2017-07-31T16:30:18+08:00	ary_result:null
2017-08-08T14:32:29+08:00	add_member:{"m_name":"\u60a6\u4e66\u7528\u6237_bV","open_name":"\u60a6\u4e66\u7528\u6237_CW","open_id":null,"open_token":null,"open_source":"WX","ml_id":"1","login_type":1,"m_create_time":"2017-08-08 14:32:29","m_status":1,"m_verify":"2","m_sex":0}
2017-08-08T14:32:29+08:00	ary_result:{"user_info":false,"open_token":null,"open_id":null}
